26-Jan-2024 15:46:33.975 INFO [main] org.apache.catalina.startup.VersionLoggerListener.log Server version name:   Apache Tomcat/10.1.17
26-Jan-2024 15:46:33.979 INFO [main] org.apache.catalina.startup.VersionLoggerListener.log Server built:          Dec 7 2023 23:31:38 UTC
26-Jan-2024 15:46:33.979 INFO [main] org.apache.catalina.startup.VersionLoggerListener.log Server version number: 10.1.17.0
26-Jan-2024 15:46:33.979 INFO [main] org.apache.catalina.startup.VersionLoggerListener.log OS Name:               Windows 11
26-Jan-2024 15:46:33.979 INFO [main] org.apache.catalina.startup.VersionLoggerListener.log OS Version:            10.0
26-Jan-2024 15:46:33.980 INFO [main] org.apache.catalina.startup.VersionLoggerListener.log Architecture:          amd64
26-Jan-2024 15:46:33.980 INFO [main] org.apache.catalina.startup.VersionLoggerListener.log Java Home:             C:\Users\carlo\.jdks\corretto-18.0.2
26-Jan-2024 15:46:33.980 INFO [main] org.apache.catalina.startup.VersionLoggerListener.log JVM Version:           18.0.2+9-FR
26-Jan-2024 15:46:33.980 INFO [main] org.apache.catalina.startup.VersionLoggerListener.log JVM Vendor:            Amazon.com Inc.
26-Jan-2024 15:46:33.980 INFO [main] org.apache.catalina.startup.VersionLoggerListener.log CATALINA_BASE:         C:\git\javaTraining\apache-tomcat-10.1.17
26-Jan-2024 15:46:33.980 INFO [main] org.apache.catalina.startup.VersionLoggerListener.log CATALINA_HOME:         C:\git\javaTraining\apache-tomcat-10.1.17
26-Jan-2024 15:46:33.994 INFO [main] org.apache.catalina.startup.VersionLoggerListener.log Command line argument: -Djava.util.logging.config.file=C:\git\javaTraining\apache-tomcat-10.1.17\conf\logging.properties
26-Jan-2024 15:46:33.994 INFO [main] org.apache.catalina.startup.VersionLoggerListener.log Command line argument: -Djava.util.logging.manager=org.apache.juli.ClassLoaderLogManager
26-Jan-2024 15:46:33.994 INFO [main] org.apache.catalina.startup.VersionLoggerListener.log Command line argument: -Djdk.tls.ephemeralDHKeySize=2048
26-Jan-2024 15:46:33.994 INFO [main] org.apache.catalina.startup.VersionLoggerListener.log Command line argument: -Djava.protocol.handler.pkgs=org.apache.catalina.webresources
26-Jan-2024 15:46:33.994 INFO [main] org.apache.catalina.startup.VersionLoggerListener.log Command line argument: --add-opens=java.base/java.lang=ALL-UNNAMED
26-Jan-2024 15:46:33.995 INFO [main] org.apache.catalina.startup.VersionLoggerListener.log Command line argument: --add-opens=java.base/java.io=ALL-UNNAMED
26-Jan-2024 15:46:33.995 INFO [main] org.apache.catalina.startup.VersionLoggerListener.log Command line argument: --add-opens=java.base/java.util=ALL-UNNAMED
26-Jan-2024 15:46:33.995 INFO [main] org.apache.catalina.startup.VersionLoggerListener.log Command line argument: --add-opens=java.base/java.util.concurrent=ALL-UNNAMED
26-Jan-2024 15:46:33.995 INFO [main] org.apache.catalina.startup.VersionLoggerListener.log Command line argument: --add-opens=java.rmi/sun.rmi.transport=ALL-UNNAMED
26-Jan-2024 15:46:33.995 INFO [main] org.apache.catalina.startup.VersionLoggerListener.log Command line argument: -Dcatalina.base=C:\git\javaTraining\apache-tomcat-10.1.17
26-Jan-2024 15:46:33.995 INFO [main] org.apache.catalina.startup.VersionLoggerListener.log Command line argument: -Dcatalina.home=C:\git\javaTraining\apache-tomcat-10.1.17
26-Jan-2024 15:46:33.995 INFO [main] org.apache.catalina.startup.VersionLoggerListener.log Command line argument: -Djava.io.tmpdir=C:\git\javaTraining\apache-tomcat-10.1.17\temp
26-Jan-2024 15:46:34.019 INFO [main] org.apache.catalina.core.AprLifecycleListener.lifecycleEvent Loaded Apache Tomcat Native library [2.0.6] using APR version [1.7.4].
26-Jan-2024 15:46:34.035 INFO [main] org.apache.catalina.core.AprLifecycleListener.initializeSSL OpenSSL successfully initialized [OpenSSL 3.0.11 19 Sep 2023]
26-Jan-2024 15:46:34.247 INFO [main] org.apache.coyote.AbstractProtocol.init Initializing ProtocolHandler ["http-nio-8080"]
26-Jan-2024 15:46:34.275 INFO [main] org.apache.catalina.startup.Catalina.load Server initialization in [487] milliseconds
26-Jan-2024 15:46:34.330 INFO [main] org.apache.catalina.core.StandardService.startInternal Starting service [Catalina]
26-Jan-2024 15:46:34.330 INFO [main] org.apache.catalina.core.StandardEngine.startInternal Starting Servlet engine: [Apache Tomcat/10.1.17]
26-Jan-2024 15:46:34.358 INFO [main] org.apache.catalina.startup.HostConfig.deployWAR Deploying web application archive [C:\git\javaTraining\apache-tomcat-10.1.17\webapps\webapp-form.war]
26-Jan-2024 15:46:34.908 INFO [main] org.apache.jasper.servlet.TldScanner.scanJars At least one JAR was scanned for TLDs yet contained no TLDs. Enable debug logging for this logger for a complete list of JARs that were scanned but no TLDs were found in them. Skipping unneeded JARs during scanning can improve startup time and JSP compilation time.
26-Jan-2024 15:46:34.982 INFO [main] org.apache.catalina.startup.HostConfig.deployWAR Deployment of web application archive [C:\git\javaTraining\apache-tomcat-10.1.17\webapps\webapp-form.war] has finished in [624] ms
26-Jan-2024 15:46:34.999 INFO [main] org.apache.catalina.startup.HostConfig.deployWAR Deploying web application archive [C:\git\javaTraining\apache-tomcat-10.1.17\webapps\WebApp.war]
26-Jan-2024 15:46:35.024 INFO [main] org.apache.catalina.startup.HostConfig.deployWAR Deployment of web application archive [C:\git\javaTraining\apache-tomcat-10.1.17\webapps\WebApp.war] has finished in [24] ms
26-Jan-2024 15:46:35.032 INFO [main] org.apache.catalina.startup.HostConfig.deployWAR Deploying web application archive [C:\git\javaTraining\apache-tomcat-10.1.17\webapps\WebApp2.war]
26-Jan-2024 15:46:35.306 INFO [main] org.apache.jasper.servlet.TldScanner.scanJars At least one JAR was scanned for TLDs yet contained no TLDs. Enable debug logging for this logger for a complete list of JARs that were scanned but no TLDs were found in them. Skipping unneeded JARs during scanning can improve startup time and JSP compilation time.
26-Jan-2024 15:46:35.309 INFO [main] org.apache.catalina.startup.HostConfig.deployWAR Deployment of web application archive [C:\git\javaTraining\apache-tomcat-10.1.17\webapps\WebApp2.war] has finished in [277] ms
26-Jan-2024 15:46:35.310 INFO [main] org.apache.catalina.startup.HostConfig.deployDirectory Deploying web application directory [C:\git\javaTraining\apache-tomcat-10.1.17\webapps\docs]
26-Jan-2024 15:46:35.347 INFO [main] org.apache.catalina.startup.HostConfig.deployDirectory Deployment of web application directory [C:\git\javaTraining\apache-tomcat-10.1.17\webapps\docs] has finished in [37] ms
26-Jan-2024 15:46:35.348 INFO [main] org.apache.catalina.startup.HostConfig.deployDirectory Deploying web application directory [C:\git\javaTraining\apache-tomcat-10.1.17\webapps\examples]
26-Jan-2024 15:46:36.263 INFO [main] org.apache.catalina.startup.HostConfig.deployDirectory Deployment of web application directory [C:\git\javaTraining\apache-tomcat-10.1.17\webapps\examples] has finished in [915] ms
26-Jan-2024 15:46:36.264 INFO [main] org.apache.catalina.startup.HostConfig.deployDirectory Deploying web application directory [C:\git\javaTraining\apache-tomcat-10.1.17\webapps\host-manager]
26-Jan-2024 15:46:36.313 INFO [main] org.apache.catalina.startup.HostConfig.deployDirectory Deployment of web application directory [C:\git\javaTraining\apache-tomcat-10.1.17\webapps\host-manager] has finished in [50] ms
26-Jan-2024 15:46:36.314 INFO [main] org.apache.catalina.startup.HostConfig.deployDirectory Deploying web application directory [C:\git\javaTraining\apache-tomcat-10.1.17\webapps\manager]
26-Jan-2024 15:46:36.357 INFO [main] org.apache.catalina.startup.HostConfig.deployDirectory Deployment of web application directory [C:\git\javaTraining\apache-tomcat-10.1.17\webapps\manager] has finished in [43] ms
26-Jan-2024 15:46:36.357 INFO [main] org.apache.catalina.startup.HostConfig.deployDirectory Deploying web application directory [C:\git\javaTraining\apache-tomcat-10.1.17\webapps\ROOT]
26-Jan-2024 15:46:36.384 INFO [main] org.apache.catalina.startup.HostConfig.deployDirectory Deployment of web application directory [C:\git\javaTraining\apache-tomcat-10.1.17\webapps\ROOT] has finished in [27] ms
26-Jan-2024 15:46:36.387 INFO [main] org.apache.coyote.AbstractProtocol.start Starting ProtocolHandler ["http-nio-8080"]
26-Jan-2024 15:46:36.429 INFO [main] org.apache.catalina.startup.Catalina.start Server startup in [2152] milliseconds
26-Jan-2024 15:46:49.136 INFO [http-nio-8080-exec-1] org.apache.catalina.startup.HostConfig.undeploy Undeploying context [/webapp-form]
26-Jan-2024 15:46:49.172 INFO [http-nio-8080-exec-1] org.apache.catalina.startup.HostConfig.deployWAR Deploying web application archive [C:\git\javaTraining\apache-tomcat-10.1.17\webapps\webapp-form.war]
26-Jan-2024 15:46:49.507 INFO [http-nio-8080-exec-1] org.apache.jasper.servlet.TldScanner.scanJars At least one JAR was scanned for TLDs yet contained no TLDs. Enable debug logging for this logger for a complete list of JARs that were scanned but no TLDs were found in them. Skipping unneeded JARs during scanning can improve startup time and JSP compilation time.
26-Jan-2024 15:46:49.511 INFO [http-nio-8080-exec-1] org.apache.catalina.startup.HostConfig.deployWAR Deployment of web application archive [C:\git\javaTraining\apache-tomcat-10.1.17\webapps\webapp-form.war] has finished in [339] ms
26-Jan-2024 16:35:48.658 INFO [Thread-1] org.apache.coyote.AbstractProtocol.pause Pausing ProtocolHandler ["http-nio-8080"]
26-Jan-2024 16:35:48.669 INFO [Thread-1] org.apache.catalina.core.StandardService.stopInternal Stopping service [Catalina]
26-Jan-2024 16:35:48.679 INFO [Thread-1] org.apache.coyote.AbstractProtocol.stop Stopping ProtocolHandler ["http-nio-8080"]
26-Jan-2024 16:35:48.684 INFO [Thread-1] org.apache.coyote.AbstractProtocol.destroy Destroying ProtocolHandler ["http-nio-8080"]
26-Jan-2024 16:37:13.313 INFO [main] org.apache.catalina.startup.VersionLoggerListener.log Server version name:   Apache Tomcat/10.1.17
26-Jan-2024 16:37:13.319 INFO [main] org.apache.catalina.startup.VersionLoggerListener.log Server built:          Dec 7 2023 23:31:38 UTC
26-Jan-2024 16:37:13.320 INFO [main] org.apache.catalina.startup.VersionLoggerListener.log Server version number: 10.1.17.0
26-Jan-2024 16:37:13.320 INFO [main] org.apache.catalina.startup.VersionLoggerListener.log OS Name:               Windows 11
26-Jan-2024 16:37:13.320 INFO [main] org.apache.catalina.startup.VersionLoggerListener.log OS Version:            10.0
26-Jan-2024 16:37:13.320 INFO [main] org.apache.catalina.startup.VersionLoggerListener.log Architecture:          amd64
26-Jan-2024 16:37:13.320 INFO [main] org.apache.catalina.startup.VersionLoggerListener.log Java Home:             C:\Users\carlo\.jdks\corretto-18.0.2
26-Jan-2024 16:37:13.320 INFO [main] org.apache.catalina.startup.VersionLoggerListener.log JVM Version:           18.0.2+9-FR
26-Jan-2024 16:37:13.320 INFO [main] org.apache.catalina.startup.VersionLoggerListener.log JVM Vendor:            Amazon.com Inc.
26-Jan-2024 16:37:13.321 INFO [main] org.apache.catalina.startup.VersionLoggerListener.log CATALINA_BASE:         C:\git\javaTraining\apache-tomcat-10.1.17
26-Jan-2024 16:37:13.321 INFO [main] org.apache.catalina.startup.VersionLoggerListener.log CATALINA_HOME:         C:\git\javaTraining\apache-tomcat-10.1.17
26-Jan-2024 16:37:13.332 INFO [main] org.apache.catalina.startup.VersionLoggerListener.log Command line argument: -Djava.util.logging.config.file=C:\git\javaTraining\apache-tomcat-10.1.17\conf\logging.properties
26-Jan-2024 16:37:13.333 INFO [main] org.apache.catalina.startup.VersionLoggerListener.log Command line argument: -Djava.util.logging.manager=org.apache.juli.ClassLoaderLogManager
26-Jan-2024 16:37:13.333 INFO [main] org.apache.catalina.startup.VersionLoggerListener.log Command line argument: -Djdk.tls.ephemeralDHKeySize=2048
26-Jan-2024 16:37:13.333 INFO [main] org.apache.catalina.startup.VersionLoggerListener.log Command line argument: -Djava.protocol.handler.pkgs=org.apache.catalina.webresources
26-Jan-2024 16:37:13.333 INFO [main] org.apache.catalina.startup.VersionLoggerListener.log Command line argument: --add-opens=java.base/java.lang=ALL-UNNAMED
26-Jan-2024 16:37:13.333 INFO [main] org.apache.catalina.startup.VersionLoggerListener.log Command line argument: --add-opens=java.base/java.io=ALL-UNNAMED
26-Jan-2024 16:37:13.334 INFO [main] org.apache.catalina.startup.VersionLoggerListener.log Command line argument: --add-opens=java.base/java.util=ALL-UNNAMED
26-Jan-2024 16:37:13.334 INFO [main] org.apache.catalina.startup.VersionLoggerListener.log Command line argument: --add-opens=java.base/java.util.concurrent=ALL-UNNAMED
26-Jan-2024 16:37:13.334 INFO [main] org.apache.catalina.startup.VersionLoggerListener.log Command line argument: --add-opens=java.rmi/sun.rmi.transport=ALL-UNNAMED
26-Jan-2024 16:37:13.334 INFO [main] org.apache.catalina.startup.VersionLoggerListener.log Command line argument: -Dcatalina.base=C:\git\javaTraining\apache-tomcat-10.1.17
26-Jan-2024 16:37:13.334 INFO [main] org.apache.catalina.startup.VersionLoggerListener.log Command line argument: -Dcatalina.home=C:\git\javaTraining\apache-tomcat-10.1.17
26-Jan-2024 16:37:13.335 INFO [main] org.apache.catalina.startup.VersionLoggerListener.log Command line argument: -Djava.io.tmpdir=C:\git\javaTraining\apache-tomcat-10.1.17\temp
26-Jan-2024 16:37:13.338 INFO [main] org.apache.catalina.core.AprLifecycleListener.lifecycleEvent Loaded Apache Tomcat Native library [2.0.6] using APR version [1.7.4].
26-Jan-2024 16:37:13.344 INFO [main] org.apache.catalina.core.AprLifecycleListener.initializeSSL OpenSSL successfully initialized [OpenSSL 3.0.11 19 Sep 2023]
26-Jan-2024 16:37:13.538 INFO [main] org.apache.coyote.AbstractProtocol.init Initializing ProtocolHandler ["http-nio-8080"]
26-Jan-2024 16:37:13.571 INFO [main] org.apache.catalina.startup.Catalina.load Server initialization in [413] milliseconds
26-Jan-2024 16:37:13.634 INFO [main] org.apache.catalina.core.StandardService.startInternal Starting service [Catalina]
26-Jan-2024 16:37:13.634 INFO [main] org.apache.catalina.core.StandardEngine.startInternal Starting Servlet engine: [Apache Tomcat/10.1.17]
26-Jan-2024 16:37:13.651 INFO [main] org.apache.catalina.startup.HostConfig.deployWAR Deploying web application archive [C:\git\javaTraining\apache-tomcat-10.1.17\webapps\webapp-form.war]
26-Jan-2024 16:37:14.155 INFO [main] org.apache.jasper.servlet.TldScanner.scanJars At least one JAR was scanned for TLDs yet contained no TLDs. Enable debug logging for this logger for a complete list of JARs that were scanned but no TLDs were found in them. Skipping unneeded JARs during scanning can improve startup time and JSP compilation time.
26-Jan-2024 16:37:14.226 INFO [main] org.apache.catalina.startup.HostConfig.deployWAR Deployment of web application archive [C:\git\javaTraining\apache-tomcat-10.1.17\webapps\webapp-form.war] has finished in [574] ms
26-Jan-2024 16:37:14.227 INFO [main] org.apache.catalina.startup.HostConfig.deployWAR Deploying web application archive [C:\git\javaTraining\apache-tomcat-10.1.17\webapps\WebApp.war]
26-Jan-2024 16:37:14.251 INFO [main] org.apache.catalina.startup.HostConfig.deployWAR Deployment of web application archive [C:\git\javaTraining\apache-tomcat-10.1.17\webapps\WebApp.war] has finished in [25] ms
26-Jan-2024 16:37:14.252 INFO [main] org.apache.catalina.startup.HostConfig.deployWAR Deploying web application archive [C:\git\javaTraining\apache-tomcat-10.1.17\webapps\WebApp2.war]
26-Jan-2024 16:37:14.454 INFO [main] org.apache.jasper.servlet.TldScanner.scanJars At least one JAR was scanned for TLDs yet contained no TLDs. Enable debug logging for this logger for a complete list of JARs that were scanned but no TLDs were found in them. Skipping unneeded JARs during scanning can improve startup time and JSP compilation time.
26-Jan-2024 16:37:14.457 INFO [main] org.apache.catalina.startup.HostConfig.deployWAR Deployment of web application archive [C:\git\javaTraining\apache-tomcat-10.1.17\webapps\WebApp2.war] has finished in [205] ms
26-Jan-2024 16:37:14.458 INFO [main] org.apache.catalina.startup.HostConfig.deployDirectory Deploying web application directory [C:\git\javaTraining\apache-tomcat-10.1.17\webapps\docs]
26-Jan-2024 16:37:14.484 INFO [main] org.apache.catalina.startup.HostConfig.deployDirectory Deployment of web application directory [C:\git\javaTraining\apache-tomcat-10.1.17\webapps\docs] has finished in [25] ms
26-Jan-2024 16:37:14.484 INFO [main] org.apache.catalina.startup.HostConfig.deployDirectory Deploying web application directory [C:\git\javaTraining\apache-tomcat-10.1.17\webapps\examples]
26-Jan-2024 16:37:14.788 INFO [main] org.apache.catalina.startup.HostConfig.deployDirectory Deployment of web application directory [C:\git\javaTraining\apache-tomcat-10.1.17\webapps\examples] has finished in [304] ms
26-Jan-2024 16:37:14.788 INFO [main] org.apache.catalina.startup.HostConfig.deployDirectory Deploying web application directory [C:\git\javaTraining\apache-tomcat-10.1.17\webapps\host-manager]
26-Jan-2024 16:37:14.822 INFO [main] org.apache.catalina.startup.HostConfig.deployDirectory Deployment of web application directory [C:\git\javaTraining\apache-tomcat-10.1.17\webapps\host-manager] has finished in [34] ms
26-Jan-2024 16:37:14.823 INFO [main] org.apache.catalina.startup.HostConfig.deployDirectory Deploying web application directory [C:\git\javaTraining\apache-tomcat-10.1.17\webapps\manager]
26-Jan-2024 16:37:14.855 INFO [main] org.apache.catalina.startup.HostConfig.deployDirectory Deployment of web application directory [C:\git\javaTraining\apache-tomcat-10.1.17\webapps\manager] has finished in [31] ms
26-Jan-2024 16:37:14.855 INFO [main] org.apache.catalina.startup.HostConfig.deployDirectory Deploying web application directory [C:\git\javaTraining\apache-tomcat-10.1.17\webapps\ROOT]
26-Jan-2024 16:37:14.874 INFO [main] org.apache.catalina.startup.HostConfig.deployDirectory Deployment of web application directory [C:\git\javaTraining\apache-tomcat-10.1.17\webapps\ROOT] has finished in [19] ms
26-Jan-2024 16:37:14.878 INFO [main] org.apache.coyote.AbstractProtocol.start Starting ProtocolHandler ["http-nio-8080"]
26-Jan-2024 16:37:14.915 INFO [main] org.apache.catalina.startup.Catalina.start Server startup in [1342] milliseconds
26-Jan-2024 16:37:22.810 INFO [http-nio-8080-exec-1] org.apache.catalina.startup.HostConfig.deployWAR Deploying web application archive [C:\git\javaTraining\apache-tomcat-10.1.17\webapps\WebAppHeaders.war]
26-Jan-2024 16:37:23.203 INFO [http-nio-8080-exec-1] org.apache.jasper.servlet.TldScanner.scanJars At least one JAR was scanned for TLDs yet contained no TLDs. Enable debug logging for this logger for a complete list of JARs that were scanned but no TLDs were found in them. Skipping unneeded JARs during scanning can improve startup time and JSP compilation time.
26-Jan-2024 16:37:23.205 INFO [http-nio-8080-exec-1] org.apache.catalina.startup.HostConfig.deployWAR Deployment of web application archive [C:\git\javaTraining\apache-tomcat-10.1.17\webapps\WebAppHeaders.war] has finished in [395] ms
26-Jan-2024 16:42:24.128 INFO [http-nio-8080-exec-3] org.apache.catalina.startup.HostConfig.undeploy Undeploying context [/WebAppHeaders]
26-Jan-2024 16:42:24.154 INFO [http-nio-8080-exec-3] org.apache.catalina.startup.HostConfig.deployWAR Deploying web application archive [C:\git\javaTraining\apache-tomcat-10.1.17\webapps\WebAppHeaders.war]
26-Jan-2024 16:42:24.450 INFO [http-nio-8080-exec-3] org.apache.jasper.servlet.TldScanner.scanJars At least one JAR was scanned for TLDs yet contained no TLDs. Enable debug logging for this logger for a complete list of JARs that were scanned but no TLDs were found in them. Skipping unneeded JARs during scanning can improve startup time and JSP compilation time.
26-Jan-2024 16:42:24.452 INFO [http-nio-8080-exec-3] org.apache.catalina.startup.HostConfig.deployWAR Deployment of web application archive [C:\git\javaTraining\apache-tomcat-10.1.17\webapps\WebAppHeaders.war] has finished in [298] ms
26-Jan-2024 16:48:12.670 INFO [http-nio-8080-exec-14] org.apache.catalina.startup.HostConfig.undeploy Undeploying context [/WebAppHeaders]
26-Jan-2024 16:48:12.689 INFO [http-nio-8080-exec-14] org.apache.catalina.startup.HostConfig.deployWAR Deploying web application archive [C:\git\javaTraining\apache-tomcat-10.1.17\webapps\WebAppHeaders.war]
26-Jan-2024 16:48:13.019 INFO [http-nio-8080-exec-14] org.apache.jasper.servlet.TldScanner.scanJars At least one JAR was scanned for TLDs yet contained no TLDs. Enable debug logging for this logger for a complete list of JARs that were scanned but no TLDs were found in them. Skipping unneeded JARs during scanning can improve startup time and JSP compilation time.
26-Jan-2024 16:48:13.021 INFO [http-nio-8080-exec-14] org.apache.catalina.startup.HostConfig.deployWAR Deployment of web application archive [C:\git\javaTraining\apache-tomcat-10.1.17\webapps\WebAppHeaders.war] has finished in [332] ms
26-Jan-2024 17:24:00.125 INFO [http-nio-8080-exec-17] org.apache.catalina.startup.HostConfig.undeploy Undeploying context [/WebAppHeaders]
26-Jan-2024 17:24:00.154 INFO [http-nio-8080-exec-17] org.apache.catalina.startup.HostConfig.deployWAR Deploying web application archive [C:\git\javaTraining\apache-tomcat-10.1.17\webapps\WebAppHeaders.war]
26-Jan-2024 17:24:00.429 INFO [http-nio-8080-exec-17] org.apache.jasper.servlet.TldScanner.scanJars At least one JAR was scanned for TLDs yet contained no TLDs. Enable debug logging for this logger for a complete list of JARs that were scanned but no TLDs were found in them. Skipping unneeded JARs during scanning can improve startup time and JSP compilation time.
26-Jan-2024 17:24:00.432 INFO [http-nio-8080-exec-17] org.apache.catalina.startup.HostConfig.deployWAR Deployment of web application archive [C:\git\javaTraining\apache-tomcat-10.1.17\webapps\WebAppHeaders.war] has finished in [278] ms
26-Jan-2024 17:26:14.609 INFO [http-nio-8080-exec-27] org.apache.catalina.startup.HostConfig.undeploy Undeploying context [/WebAppHeaders]
26-Jan-2024 17:26:14.625 INFO [http-nio-8080-exec-27] org.apache.catalina.startup.HostConfig.deployWAR Deploying web application archive [C:\git\javaTraining\apache-tomcat-10.1.17\webapps\WebAppHeaders.war]
26-Jan-2024 17:26:14.909 INFO [http-nio-8080-exec-27] org.apache.jasper.servlet.TldScanner.scanJars At least one JAR was scanned for TLDs yet contained no TLDs. Enable debug logging for this logger for a complete list of JARs that were scanned but no TLDs were found in them. Skipping unneeded JARs during scanning can improve startup time and JSP compilation time.
26-Jan-2024 17:26:14.912 INFO [http-nio-8080-exec-27] org.apache.catalina.startup.HostConfig.deployWAR Deployment of web application archive [C:\git\javaTraining\apache-tomcat-10.1.17\webapps\WebAppHeaders.war] has finished in [287] ms
26-Jan-2024 17:35:39.928 INFO [http-nio-8080-exec-33] org.apache.catalina.startup.HostConfig.undeploy Undeploying context [/WebAppHeaders]
26-Jan-2024 17:35:39.947 INFO [http-nio-8080-exec-33] org.apache.catalina.startup.HostConfig.deployWAR Deploying web application archive [C:\git\javaTraining\apache-tomcat-10.1.17\webapps\WebAppHeaders.war]
26-Jan-2024 17:35:40.245 INFO [http-nio-8080-exec-33] org.apache.jasper.servlet.TldScanner.scanJars At least one JAR was scanned for TLDs yet contained no TLDs. Enable debug logging for this logger for a complete list of JARs that were scanned but no TLDs were found in them. Skipping unneeded JARs during scanning can improve startup time and JSP compilation time.
26-Jan-2024 17:35:40.248 INFO [http-nio-8080-exec-33] org.apache.catalina.startup.HostConfig.deployWAR Deployment of web application archive [C:\git\javaTraining\apache-tomcat-10.1.17\webapps\WebAppHeaders.war] has finished in [300] ms
26-Jan-2024 18:27:12.860 INFO [http-nio-8080-exec-43] org.apache.catalina.startup.HostConfig.undeploy Undeploying context [/WebAppHeaders]
26-Jan-2024 18:27:12.883 INFO [http-nio-8080-exec-43] org.apache.catalina.startup.HostConfig.deployWAR Deploying web application archive [C:\git\javaTraining\apache-tomcat-10.1.17\webapps\WebAppHeaders.war]
26-Jan-2024 18:27:13.200 INFO [http-nio-8080-exec-43] org.apache.jasper.servlet.TldScanner.scanJars At least one JAR was scanned for TLDs yet contained no TLDs. Enable debug logging for this logger for a complete list of JARs that were scanned but no TLDs were found in them. Skipping unneeded JARs during scanning can improve startup time and JSP compilation time.
26-Jan-2024 18:27:13.203 INFO [http-nio-8080-exec-43] org.apache.catalina.startup.HostConfig.deployWAR Deployment of web application archive [C:\git\javaTraining\apache-tomcat-10.1.17\webapps\WebAppHeaders.war] has finished in [320] ms
26-Jan-2024 18:30:53.542 INFO [http-nio-8080-exec-53] org.apache.catalina.startup.HostConfig.undeploy Undeploying context [/WebAppHeaders]
26-Jan-2024 18:30:53.560 INFO [http-nio-8080-exec-53] org.apache.catalina.startup.HostConfig.deployWAR Deploying web application archive [C:\git\javaTraining\apache-tomcat-10.1.17\webapps\WebAppHeaders.war]
26-Jan-2024 18:30:53.866 INFO [http-nio-8080-exec-53] org.apache.jasper.servlet.TldScanner.scanJars At least one JAR was scanned for TLDs yet contained no TLDs. Enable debug logging for this logger for a complete list of JARs that were scanned but no TLDs were found in them. Skipping unneeded JARs during scanning can improve startup time and JSP compilation time.
26-Jan-2024 18:30:53.869 INFO [http-nio-8080-exec-53] org.apache.catalina.startup.HostConfig.deployWAR Deployment of web application archive [C:\git\javaTraining\apache-tomcat-10.1.17\webapps\WebAppHeaders.war] has finished in [309] ms
26-Jan-2024 18:32:27.527 INFO [Thread-1] org.apache.coyote.AbstractProtocol.pause Pausing ProtocolHandler ["http-nio-8080"]
26-Jan-2024 18:32:27.535 INFO [Thread-1] org.apache.catalina.core.StandardService.stopInternal Stopping service [Catalina]
26-Jan-2024 18:32:27.545 INFO [Thread-1] org.apache.coyote.AbstractProtocol.stop Stopping ProtocolHandler ["http-nio-8080"]
26-Jan-2024 18:32:27.570 INFO [Thread-1] org.apache.coyote.AbstractProtocol.destroy Destroying ProtocolHandler ["http-nio-8080"]
26-Jan-2024 18:33:15.749 INFO [main] org.apache.catalina.startup.VersionLoggerListener.log Server version name:   Apache Tomcat/10.1.17
26-Jan-2024 18:33:15.751 INFO [main] org.apache.catalina.startup.VersionLoggerListener.log Server built:          Dec 7 2023 23:31:38 UTC
26-Jan-2024 18:33:15.752 INFO [main] org.apache.catalina.startup.VersionLoggerListener.log Server version number: 10.1.17.0
26-Jan-2024 18:33:15.752 INFO [main] org.apache.catalina.startup.VersionLoggerListener.log OS Name:               Windows 11
26-Jan-2024 18:33:15.752 INFO [main] org.apache.catalina.startup.VersionLoggerListener.log OS Version:            10.0
26-Jan-2024 18:33:15.752 INFO [main] org.apache.catalina.startup.VersionLoggerListener.log Architecture:          amd64
26-Jan-2024 18:33:15.752 INFO [main] org.apache.catalina.startup.VersionLoggerListener.log Java Home:             C:\Users\carlo\.jdks\corretto-18.0.2
26-Jan-2024 18:33:15.752 INFO [main] org.apache.catalina.startup.VersionLoggerListener.log JVM Version:           18.0.2+9-FR
26-Jan-2024 18:33:15.753 INFO [main] org.apache.catalina.startup.VersionLoggerListener.log JVM Vendor:            Amazon.com Inc.
26-Jan-2024 18:33:15.753 INFO [main] org.apache.catalina.startup.VersionLoggerListener.log CATALINA_BASE:         C:\git\javaTraining\apache-tomcat-10.1.17
26-Jan-2024 18:33:15.753 INFO [main] org.apache.catalina.startup.VersionLoggerListener.log CATALINA_HOME:         C:\git\javaTraining\apache-tomcat-10.1.17
26-Jan-2024 18:33:15.760 INFO [main] org.apache.catalina.startup.VersionLoggerListener.log Command line argument: -Djava.util.logging.config.file=C:\git\javaTraining\apache-tomcat-10.1.17\conf\logging.properties
26-Jan-2024 18:33:15.760 INFO [main] org.apache.catalina.startup.VersionLoggerListener.log Command line argument: -Djava.util.logging.manager=org.apache.juli.ClassLoaderLogManager
26-Jan-2024 18:33:15.761 INFO [main] org.apache.catalina.startup.VersionLoggerListener.log Command line argument: -Djdk.tls.ephemeralDHKeySize=2048
26-Jan-2024 18:33:15.761 INFO [main] org.apache.catalina.startup.VersionLoggerListener.log Command line argument: -Djava.protocol.handler.pkgs=org.apache.catalina.webresources
26-Jan-2024 18:33:15.761 INFO [main] org.apache.catalina.startup.VersionLoggerListener.log Command line argument: --add-opens=java.base/java.lang=ALL-UNNAMED
26-Jan-2024 18:33:15.761 INFO [main] org.apache.catalina.startup.VersionLoggerListener.log Command line argument: --add-opens=java.base/java.io=ALL-UNNAMED
26-Jan-2024 18:33:15.761 INFO [main] org.apache.catalina.startup.VersionLoggerListener.log Command line argument: --add-opens=java.base/java.util=ALL-UNNAMED
26-Jan-2024 18:33:15.761 INFO [main] org.apache.catalina.startup.VersionLoggerListener.log Command line argument: --add-opens=java.base/java.util.concurrent=ALL-UNNAMED
26-Jan-2024 18:33:15.761 INFO [main] org.apache.catalina.startup.VersionLoggerListener.log Command line argument: --add-opens=java.rmi/sun.rmi.transport=ALL-UNNAMED
26-Jan-2024 18:33:15.762 INFO [main] org.apache.catalina.startup.VersionLoggerListener.log Command line argument: -Dcatalina.base=C:\git\javaTraining\apache-tomcat-10.1.17
26-Jan-2024 18:33:15.762 INFO [main] org.apache.catalina.startup.VersionLoggerListener.log Command line argument: -Dcatalina.home=C:\git\javaTraining\apache-tomcat-10.1.17
26-Jan-2024 18:33:15.762 INFO [main] org.apache.catalina.startup.VersionLoggerListener.log Command line argument: -Djava.io.tmpdir=C:\git\javaTraining\apache-tomcat-10.1.17\temp
26-Jan-2024 18:33:15.766 INFO [main] org.apache.catalina.core.AprLifecycleListener.lifecycleEvent Loaded Apache Tomcat Native library [2.0.6] using APR version [1.7.4].
26-Jan-2024 18:33:15.773 INFO [main] org.apache.catalina.core.AprLifecycleListener.initializeSSL OpenSSL successfully initialized [OpenSSL 3.0.11 19 Sep 2023]
26-Jan-2024 18:33:15.955 INFO [main] org.apache.coyote.AbstractProtocol.init Initializing ProtocolHandler ["http-nio-8080"]
26-Jan-2024 18:33:15.976 INFO [main] org.apache.catalina.startup.Catalina.load Server initialization in [362] milliseconds
26-Jan-2024 18:33:16.014 INFO [main] org.apache.catalina.core.StandardService.startInternal Starting service [Catalina]
26-Jan-2024 18:33:16.015 INFO [main] org.apache.catalina.core.StandardEngine.startInternal Starting Servlet engine: [Apache Tomcat/10.1.17]
26-Jan-2024 18:33:16.032 INFO [main] org.apache.catalina.startup.HostConfig.deployWAR Deploying web application archive [C:\git\javaTraining\apache-tomcat-10.1.17\webapps\webapp-form.war]
26-Jan-2024 18:33:16.499 INFO [main] org.apache.jasper.servlet.TldScanner.scanJars At least one JAR was scanned for TLDs yet contained no TLDs. Enable debug logging for this logger for a complete list of JARs that were scanned but no TLDs were found in them. Skipping unneeded JARs during scanning can improve startup time and JSP compilation time.
26-Jan-2024 18:33:16.562 INFO [main] org.apache.catalina.startup.HostConfig.deployWAR Deployment of web application archive [C:\git\javaTraining\apache-tomcat-10.1.17\webapps\webapp-form.war] has finished in [529] ms
26-Jan-2024 18:33:16.562 INFO [main] org.apache.catalina.startup.HostConfig.deployWAR Deploying web application archive [C:\git\javaTraining\apache-tomcat-10.1.17\webapps\WebApp.war]
26-Jan-2024 18:33:16.583 INFO [main] org.apache.catalina.startup.HostConfig.deployWAR Deployment of web application archive [C:\git\javaTraining\apache-tomcat-10.1.17\webapps\WebApp.war] has finished in [21] ms
26-Jan-2024 18:33:16.584 INFO [main] org.apache.catalina.startup.HostConfig.deployWAR Deploying web application archive [C:\git\javaTraining\apache-tomcat-10.1.17\webapps\WebApp2.war]
26-Jan-2024 18:33:16.768 INFO [main] org.apache.jasper.servlet.TldScanner.scanJars At least one JAR was scanned for TLDs yet contained no TLDs. Enable debug logging for this logger for a complete list of JARs that were scanned but no TLDs were found in them. Skipping unneeded JARs during scanning can improve startup time and JSP compilation time.
26-Jan-2024 18:33:16.771 INFO [main] org.apache.catalina.startup.HostConfig.deployWAR Deployment of web application archive [C:\git\javaTraining\apache-tomcat-10.1.17\webapps\WebApp2.war] has finished in [186] ms
26-Jan-2024 18:33:16.772 INFO [main] org.apache.catalina.startup.HostConfig.deployWAR Deploying web application archive [C:\git\javaTraining\apache-tomcat-10.1.17\webapps\WebAppHeaders.war]
26-Jan-2024 18:33:16.950 INFO [main] org.apache.jasper.servlet.TldScanner.scanJars At least one JAR was scanned for TLDs yet contained no TLDs. Enable debug logging for this logger for a complete list of JARs that were scanned but no TLDs were found in them. Skipping unneeded JARs during scanning can improve startup time and JSP compilation time.
26-Jan-2024 18:33:16.954 INFO [main] org.apache.catalina.startup.HostConfig.deployWAR Deployment of web application archive [C:\git\javaTraining\apache-tomcat-10.1.17\webapps\WebAppHeaders.war] has finished in [181] ms
26-Jan-2024 18:33:16.954 INFO [main] org.apache.catalina.startup.HostConfig.deployDirectory Deploying web application directory [C:\git\javaTraining\apache-tomcat-10.1.17\webapps\docs]
26-Jan-2024 18:33:16.976 INFO [main] org.apache.catalina.startup.HostConfig.deployDirectory Deployment of web application directory [C:\git\javaTraining\apache-tomcat-10.1.17\webapps\docs] has finished in [22] ms
26-Jan-2024 18:33:16.977 INFO [main] org.apache.catalina.startup.HostConfig.deployDirectory Deploying web application directory [C:\git\javaTraining\apache-tomcat-10.1.17\webapps\examples]
26-Jan-2024 18:33:17.271 INFO [main] org.apache.catalina.startup.HostConfig.deployDirectory Deployment of web application directory [C:\git\javaTraining\apache-tomcat-10.1.17\webapps\examples] has finished in [295] ms
26-Jan-2024 18:33:17.272 INFO [main] org.apache.catalina.startup.HostConfig.deployDirectory Deploying web application directory [C:\git\javaTraining\apache-tomcat-10.1.17\webapps\host-manager]
26-Jan-2024 18:33:17.299 INFO [main] org.apache.catalina.startup.HostConfig.deployDirectory Deployment of web application directory [C:\git\javaTraining\apache-tomcat-10.1.17\webapps\host-manager] has finished in [27] ms
26-Jan-2024 18:33:17.299 INFO [main] org.apache.catalina.startup.HostConfig.deployDirectory Deploying web application directory [C:\git\javaTraining\apache-tomcat-10.1.17\webapps\manager]
26-Jan-2024 18:33:17.324 INFO [main] org.apache.catalina.startup.HostConfig.deployDirectory Deployment of web application directory [C:\git\javaTraining\apache-tomcat-10.1.17\webapps\manager] has finished in [25] ms
26-Jan-2024 18:33:17.324 INFO [main] org.apache.catalina.startup.HostConfig.deployDirectory Deploying web application directory [C:\git\javaTraining\apache-tomcat-10.1.17\webapps\ROOT]
26-Jan-2024 18:33:17.343 INFO [main] org.apache.catalina.startup.HostConfig.deployDirectory Deployment of web application directory [C:\git\javaTraining\apache-tomcat-10.1.17\webapps\ROOT] has finished in [19] ms
26-Jan-2024 18:33:17.347 INFO [main] org.apache.coyote.AbstractProtocol.start Starting ProtocolHandler ["http-nio-8080"]
26-Jan-2024 18:33:17.384 INFO [main] org.apache.catalina.startup.Catalina.start Server startup in [1405] milliseconds
26-Jan-2024 18:33:23.235 INFO [http-nio-8080-exec-3] org.apache.catalina.startup.HostConfig.undeploy Undeploying context [/WebAppHeaders]
26-Jan-2024 18:33:23.271 INFO [http-nio-8080-exec-3] org.apache.catalina.startup.HostConfig.deployWAR Deploying web application archive [C:\git\javaTraining\apache-tomcat-10.1.17\webapps\WebAppHeaders.war]
26-Jan-2024 18:33:23.644 INFO [http-nio-8080-exec-3] org.apache.jasper.servlet.TldScanner.scanJars At least one JAR was scanned for TLDs yet contained no TLDs. Enable debug logging for this logger for a complete list of JARs that were scanned but no TLDs were found in them. Skipping unneeded JARs during scanning can improve startup time and JSP compilation time.
26-Jan-2024 18:33:23.644 INFO [http-nio-8080-exec-3] org.apache.catalina.startup.HostConfig.deployWAR Deployment of web application archive [C:\git\javaTraining\apache-tomcat-10.1.17\webapps\WebAppHeaders.war] has finished in [373] ms
26-Jan-2024 18:33:54.782 WARNING [http-nio-8080-exec-2] org.apache.catalina.webresources.AbstractFileResourceSet.logIgnoredSymlink Resource for web application [/WebAppHeaders] at path [/cabeceras-request.] was not loaded as the canonical path [/cabeceras-request] did not match. Use of symlinks is one possible cause.
26-Jan-2024 18:40:59.763 INFO [http-nio-8080-exec-14] org.apache.catalina.startup.HostConfig.undeploy Undeploying context [/WebAppHeaders]
26-Jan-2024 18:40:59.779 INFO [http-nio-8080-exec-14] org.apache.catalina.startup.HostConfig.deployWAR Deploying web application archive [C:\git\javaTraining\apache-tomcat-10.1.17\webapps\WebAppHeaders.war]
26-Jan-2024 18:41:00.063 INFO [http-nio-8080-exec-14] org.apache.jasper.servlet.TldScanner.scanJars At least one JAR was scanned for TLDs yet contained no TLDs. Enable debug logging for this logger for a complete list of JARs that were scanned but no TLDs were found in them. Skipping unneeded JARs during scanning can improve startup time and JSP compilation time.
26-Jan-2024 18:41:00.063 INFO [http-nio-8080-exec-14] org.apache.catalina.startup.HostConfig.deployWAR Deployment of web application archive [C:\git\javaTraining\apache-tomcat-10.1.17\webapps\WebAppHeaders.war] has finished in [284] ms
