13-Feb-2024 11:28:49.845 INFO [main] org.apache.catalina.startup.VersionLoggerListener.log Server version name:   Apache Tomcat/10.1.17
13-Feb-2024 11:28:49.853 INFO [main] org.apache.catalina.startup.VersionLoggerListener.log Server built:          Dec 7 2023 23:31:38 UTC
13-Feb-2024 11:28:49.853 INFO [main] org.apache.catalina.startup.VersionLoggerListener.log Server version number: 10.1.17.0
13-Feb-2024 11:28:49.853 INFO [main] org.apache.catalina.startup.VersionLoggerListener.log OS Name:               Windows 11
13-Feb-2024 11:28:49.853 INFO [main] org.apache.catalina.startup.VersionLoggerListener.log OS Version:            10.0
13-Feb-2024 11:28:49.854 INFO [main] org.apache.catalina.startup.VersionLoggerListener.log Architecture:          amd64
13-Feb-2024 11:28:49.854 INFO [main] org.apache.catalina.startup.VersionLoggerListener.log Java Home:             C:\Users\carlo\.jdks\corretto-18.0.2
13-Feb-2024 11:28:49.854 INFO [main] org.apache.catalina.startup.VersionLoggerListener.log JVM Version:           18.0.2+9-FR
13-Feb-2024 11:28:49.854 INFO [main] org.apache.catalina.startup.VersionLoggerListener.log JVM Vendor:            Amazon.com Inc.
13-Feb-2024 11:28:49.854 INFO [main] org.apache.catalina.startup.VersionLoggerListener.log CATALINA_BASE:         C:\git\javaTraining\apache-tomcat-10.1.17
13-Feb-2024 11:28:49.854 INFO [main] org.apache.catalina.startup.VersionLoggerListener.log CATALINA_HOME:         C:\git\javaTraining\apache-tomcat-10.1.17
13-Feb-2024 11:28:49.870 INFO [main] org.apache.catalina.startup.VersionLoggerListener.log Command line argument: -Djava.util.logging.config.file=C:\git\javaTraining\apache-tomcat-10.1.17\conf\logging.properties
13-Feb-2024 11:28:49.870 INFO [main] org.apache.catalina.startup.VersionLoggerListener.log Command line argument: -Djava.util.logging.manager=org.apache.juli.ClassLoaderLogManager
13-Feb-2024 11:28:49.870 INFO [main] org.apache.catalina.startup.VersionLoggerListener.log Command line argument: -Djdk.tls.ephemeralDHKeySize=2048
13-Feb-2024 11:28:49.870 INFO [main] org.apache.catalina.startup.VersionLoggerListener.log Command line argument: -Djava.protocol.handler.pkgs=org.apache.catalina.webresources
13-Feb-2024 11:28:49.870 INFO [main] org.apache.catalina.startup.VersionLoggerListener.log Command line argument: --add-opens=java.base/java.lang=ALL-UNNAMED
13-Feb-2024 11:28:49.871 INFO [main] org.apache.catalina.startup.VersionLoggerListener.log Command line argument: --add-opens=java.base/java.io=ALL-UNNAMED
13-Feb-2024 11:28:49.871 INFO [main] org.apache.catalina.startup.VersionLoggerListener.log Command line argument: --add-opens=java.base/java.util=ALL-UNNAMED
13-Feb-2024 11:28:49.871 INFO [main] org.apache.catalina.startup.VersionLoggerListener.log Command line argument: --add-opens=java.base/java.util.concurrent=ALL-UNNAMED
13-Feb-2024 11:28:49.871 INFO [main] org.apache.catalina.startup.VersionLoggerListener.log Command line argument: --add-opens=java.rmi/sun.rmi.transport=ALL-UNNAMED
13-Feb-2024 11:28:49.871 INFO [main] org.apache.catalina.startup.VersionLoggerListener.log Command line argument: -Dcatalina.base=C:\git\javaTraining\apache-tomcat-10.1.17
13-Feb-2024 11:28:49.871 INFO [main] org.apache.catalina.startup.VersionLoggerListener.log Command line argument: -Dcatalina.home=C:\git\javaTraining\apache-tomcat-10.1.17
13-Feb-2024 11:28:49.872 INFO [main] org.apache.catalina.startup.VersionLoggerListener.log Command line argument: -Djava.io.tmpdir=C:\git\javaTraining\apache-tomcat-10.1.17\temp
13-Feb-2024 11:28:49.877 INFO [main] org.apache.catalina.core.AprLifecycleListener.lifecycleEvent Loaded Apache Tomcat Native library [2.0.6] using APR version [1.7.4].
13-Feb-2024 11:28:49.894 INFO [main] org.apache.catalina.core.AprLifecycleListener.initializeSSL OpenSSL successfully initialized [OpenSSL 3.0.11 19 Sep 2023]
13-Feb-2024 11:28:50.111 INFO [main] org.apache.coyote.AbstractProtocol.init Initializing ProtocolHandler ["http-nio-8080"]
13-Feb-2024 11:28:50.143 INFO [main] org.apache.catalina.startup.Catalina.load Server initialization in [502] milliseconds
13-Feb-2024 11:28:50.202 INFO [main] org.apache.catalina.core.StandardService.startInternal Starting service [Catalina]
13-Feb-2024 11:28:50.202 INFO [main] org.apache.catalina.core.StandardEngine.startInternal Starting Servlet engine: [Apache Tomcat/10.1.17]
13-Feb-2024 11:28:50.231 INFO [main] org.apache.catalina.startup.HostConfig.deployWAR Deploying web application archive [C:\git\javaTraining\apache-tomcat-10.1.17\webapps\webapp-form.war]
13-Feb-2024 11:28:50.825 INFO [main] org.apache.jasper.servlet.TldScanner.scanJars At least one JAR was scanned for TLDs yet contained no TLDs. Enable debug logging for this logger for a complete list of JARs that were scanned but no TLDs were found in them. Skipping unneeded JARs during scanning can improve startup time and JSP compilation time.
13-Feb-2024 11:28:50.901 INFO [main] org.apache.catalina.startup.HostConfig.deployWAR Deployment of web application archive [C:\git\javaTraining\apache-tomcat-10.1.17\webapps\webapp-form.war] has finished in [669] ms
13-Feb-2024 11:28:50.919 INFO [main] org.apache.catalina.startup.HostConfig.deployWAR Deploying web application archive [C:\git\javaTraining\apache-tomcat-10.1.17\webapps\WebApp.war]
13-Feb-2024 11:28:50.948 INFO [main] org.apache.catalina.startup.HostConfig.deployWAR Deployment of web application archive [C:\git\javaTraining\apache-tomcat-10.1.17\webapps\WebApp.war] has finished in [28] ms
13-Feb-2024 11:28:50.956 INFO [main] org.apache.catalina.startup.HostConfig.deployWAR Deploying web application archive [C:\git\javaTraining\apache-tomcat-10.1.17\webapps\WebApp2.war]
13-Feb-2024 11:28:51.275 INFO [main] org.apache.jasper.servlet.TldScanner.scanJars At least one JAR was scanned for TLDs yet contained no TLDs. Enable debug logging for this logger for a complete list of JARs that were scanned but no TLDs were found in them. Skipping unneeded JARs during scanning can improve startup time and JSP compilation time.
13-Feb-2024 11:28:51.278 INFO [main] org.apache.catalina.startup.HostConfig.deployWAR Deployment of web application archive [C:\git\javaTraining\apache-tomcat-10.1.17\webapps\WebApp2.war] has finished in [322] ms
13-Feb-2024 11:28:51.287 INFO [main] org.apache.catalina.startup.HostConfig.deployWAR Deploying web application archive [C:\git\javaTraining\apache-tomcat-10.1.17\webapps\WebAppCarritoCompras.war]
13-Feb-2024 11:28:51.880 INFO [main] org.apache.jasper.servlet.TldScanner.scanJars At least one JAR was scanned for TLDs yet contained no TLDs. Enable debug logging for this logger for a complete list of JARs that were scanned but no TLDs were found in them. Skipping unneeded JARs during scanning can improve startup time and JSP compilation time.
13-Feb-2024 11:28:51.884 INFO [main] org.apache.catalina.startup.HostConfig.deployWAR Deployment of web application archive [C:\git\javaTraining\apache-tomcat-10.1.17\webapps\WebAppCarritoCompras.war] has finished in [597] ms
13-Feb-2024 11:28:51.894 INFO [main] org.apache.catalina.startup.HostConfig.deployWAR Deploying web application archive [C:\git\javaTraining\apache-tomcat-10.1.17\webapps\WebAppCokies.war]
13-Feb-2024 11:28:52.399 INFO [main] org.apache.jasper.servlet.TldScanner.scanJars At least one JAR was scanned for TLDs yet contained no TLDs. Enable debug logging for this logger for a complete list of JARs that were scanned but no TLDs were found in them. Skipping unneeded JARs during scanning can improve startup time and JSP compilation time.
13-Feb-2024 11:28:52.402 INFO [main] org.apache.catalina.startup.HostConfig.deployWAR Deployment of web application archive [C:\git\javaTraining\apache-tomcat-10.1.17\webapps\WebAppCokies.war] has finished in [507] ms
13-Feb-2024 11:28:52.411 INFO [main] org.apache.catalina.startup.HostConfig.deployWAR Deploying web application archive [C:\git\javaTraining\apache-tomcat-10.1.17\webapps\WebAppCookie.war]
13-Feb-2024 11:28:52.890 INFO [main] org.apache.jasper.servlet.TldScanner.scanJars At least one JAR was scanned for TLDs yet contained no TLDs. Enable debug logging for this logger for a complete list of JARs that were scanned but no TLDs were found in them. Skipping unneeded JARs during scanning can improve startup time and JSP compilation time.
13-Feb-2024 11:28:52.893 INFO [main] org.apache.catalina.startup.HostConfig.deployWAR Deployment of web application archive [C:\git\javaTraining\apache-tomcat-10.1.17\webapps\WebAppCookie.war] has finished in [483] ms
13-Feb-2024 11:28:52.901 INFO [main] org.apache.catalina.startup.HostConfig.deployWAR Deploying web application archive [C:\git\javaTraining\apache-tomcat-10.1.17\webapps\WebAppHeaders.war]
13-Feb-2024 11:28:53.410 INFO [main] org.apache.jasper.servlet.TldScanner.scanJars At least one JAR was scanned for TLDs yet contained no TLDs. Enable debug logging for this logger for a complete list of JARs that were scanned but no TLDs were found in them. Skipping unneeded JARs during scanning can improve startup time and JSP compilation time.
13-Feb-2024 11:28:53.414 INFO [main] org.apache.catalina.startup.HostConfig.deployWAR Deployment of web application archive [C:\git\javaTraining\apache-tomcat-10.1.17\webapps\WebAppHeaders.war] has finished in [513] ms
13-Feb-2024 11:28:53.423 INFO [main] org.apache.catalina.startup.HostConfig.deployWAR Deploying web application archive [C:\git\javaTraining\apache-tomcat-10.1.17\webapps\WebAppSession.war]
13-Feb-2024 11:28:53.864 INFO [main] org.apache.jasper.servlet.TldScanner.scanJars At least one JAR was scanned for TLDs yet contained no TLDs. Enable debug logging for this logger for a complete list of JARs that were scanned but no TLDs were found in them. Skipping unneeded JARs during scanning can improve startup time and JSP compilation time.
13-Feb-2024 11:28:53.867 INFO [main] org.apache.catalina.startup.HostConfig.deployWAR Deployment of web application archive [C:\git\javaTraining\apache-tomcat-10.1.17\webapps\WebAppSession.war] has finished in [444] ms
13-Feb-2024 11:28:53.868 INFO [main] org.apache.catalina.startup.HostConfig.deployDirectory Deploying web application directory [C:\git\javaTraining\apache-tomcat-10.1.17\webapps\docs]
13-Feb-2024 11:28:53.904 INFO [main] org.apache.catalina.startup.HostConfig.deployDirectory Deployment of web application directory [C:\git\javaTraining\apache-tomcat-10.1.17\webapps\docs] has finished in [36] ms
13-Feb-2024 11:28:53.905 INFO [main] org.apache.catalina.startup.HostConfig.deployDirectory Deploying web application directory [C:\git\javaTraining\apache-tomcat-10.1.17\webapps\examples]
13-Feb-2024 11:28:54.952 INFO [main] org.apache.catalina.startup.HostConfig.deployDirectory Deployment of web application directory [C:\git\javaTraining\apache-tomcat-10.1.17\webapps\examples] has finished in [1,047] ms
13-Feb-2024 11:28:54.953 INFO [main] org.apache.catalina.startup.HostConfig.deployDirectory Deploying web application directory [C:\git\javaTraining\apache-tomcat-10.1.17\webapps\host-manager]
13-Feb-2024 11:28:54.999 INFO [main] org.apache.catalina.startup.HostConfig.deployDirectory Deployment of web application directory [C:\git\javaTraining\apache-tomcat-10.1.17\webapps\host-manager] has finished in [45] ms
13-Feb-2024 11:28:54.999 INFO [main] org.apache.catalina.startup.HostConfig.deployDirectory Deploying web application directory [C:\git\javaTraining\apache-tomcat-10.1.17\webapps\manager]
13-Feb-2024 11:28:55.045 INFO [main] org.apache.catalina.startup.HostConfig.deployDirectory Deployment of web application directory [C:\git\javaTraining\apache-tomcat-10.1.17\webapps\manager] has finished in [46] ms
13-Feb-2024 11:28:55.046 INFO [main] org.apache.catalina.startup.HostConfig.deployDirectory Deploying web application directory [C:\git\javaTraining\apache-tomcat-10.1.17\webapps\ROOT]
13-Feb-2024 11:28:55.074 INFO [main] org.apache.catalina.startup.HostConfig.deployDirectory Deployment of web application directory [C:\git\javaTraining\apache-tomcat-10.1.17\webapps\ROOT] has finished in [27] ms
13-Feb-2024 11:28:55.077 INFO [main] org.apache.coyote.AbstractProtocol.start Starting ProtocolHandler ["http-nio-8080"]
13-Feb-2024 11:28:55.129 INFO [main] org.apache.catalina.startup.Catalina.start Server startup in [4983] milliseconds
13-Feb-2024 11:29:22.199 INFO [http-nio-8080-exec-1] org.apache.catalina.startup.HostConfig.undeploy Undeploying context [/WebAppCarritoCompras]
13-Feb-2024 11:29:22.231 INFO [http-nio-8080-exec-1] org.apache.catalina.startup.HostConfig.deployWAR Deploying web application archive [C:\git\javaTraining\apache-tomcat-10.1.17\webapps\WebAppCarritoCompras.war]
13-Feb-2024 11:29:22.686 INFO [http-nio-8080-exec-1] org.apache.jasper.servlet.TldScanner.scanJars At least one JAR was scanned for TLDs yet contained no TLDs. Enable debug logging for this logger for a complete list of JARs that were scanned but no TLDs were found in them. Skipping unneeded JARs during scanning can improve startup time and JSP compilation time.
13-Feb-2024 11:29:22.689 INFO [http-nio-8080-exec-1] org.apache.catalina.startup.HostConfig.deployWAR Deployment of web application archive [C:\git\javaTraining\apache-tomcat-10.1.17\webapps\WebAppCarritoCompras.war] has finished in [458] ms
13-Feb-2024 14:55:48.033 INFO [main] org.apache.catalina.startup.VersionLoggerListener.log Server version name:   Apache Tomcat/10.1.17
13-Feb-2024 14:55:48.038 INFO [main] org.apache.catalina.startup.VersionLoggerListener.log Server built:          Dec 7 2023 23:31:38 UTC
13-Feb-2024 14:55:48.039 INFO [main] org.apache.catalina.startup.VersionLoggerListener.log Server version number: 10.1.17.0
13-Feb-2024 14:55:48.039 INFO [main] org.apache.catalina.startup.VersionLoggerListener.log OS Name:               Windows 11
13-Feb-2024 14:55:48.039 INFO [main] org.apache.catalina.startup.VersionLoggerListener.log OS Version:            10.0
13-Feb-2024 14:55:48.039 INFO [main] org.apache.catalina.startup.VersionLoggerListener.log Architecture:          amd64
13-Feb-2024 14:55:48.039 INFO [main] org.apache.catalina.startup.VersionLoggerListener.log Java Home:             C:\Users\carlo\.jdks\corretto-18.0.2
13-Feb-2024 14:55:48.039 INFO [main] org.apache.catalina.startup.VersionLoggerListener.log JVM Version:           18.0.2+9-FR
13-Feb-2024 14:55:48.039 INFO [main] org.apache.catalina.startup.VersionLoggerListener.log JVM Vendor:            Amazon.com Inc.
13-Feb-2024 14:55:48.039 INFO [main] org.apache.catalina.startup.VersionLoggerListener.log CATALINA_BASE:         C:\git\javaTraining\apache-tomcat-10.1.17
13-Feb-2024 14:55:48.040 INFO [main] org.apache.catalina.startup.VersionLoggerListener.log CATALINA_HOME:         C:\git\javaTraining\apache-tomcat-10.1.17
13-Feb-2024 14:55:48.054 INFO [main] org.apache.catalina.startup.VersionLoggerListener.log Command line argument: -Djava.util.logging.config.file=C:\git\javaTraining\apache-tomcat-10.1.17\conf\logging.properties
13-Feb-2024 14:55:48.055 INFO [main] org.apache.catalina.startup.VersionLoggerListener.log Command line argument: -Djava.util.logging.manager=org.apache.juli.ClassLoaderLogManager
13-Feb-2024 14:55:48.055 INFO [main] org.apache.catalina.startup.VersionLoggerListener.log Command line argument: -Djdk.tls.ephemeralDHKeySize=2048
13-Feb-2024 14:55:48.055 INFO [main] org.apache.catalina.startup.VersionLoggerListener.log Command line argument: -Djava.protocol.handler.pkgs=org.apache.catalina.webresources
13-Feb-2024 14:55:48.055 INFO [main] org.apache.catalina.startup.VersionLoggerListener.log Command line argument: --add-opens=java.base/java.lang=ALL-UNNAMED
13-Feb-2024 14:55:48.055 INFO [main] org.apache.catalina.startup.VersionLoggerListener.log Command line argument: --add-opens=java.base/java.io=ALL-UNNAMED
13-Feb-2024 14:55:48.055 INFO [main] org.apache.catalina.startup.VersionLoggerListener.log Command line argument: --add-opens=java.base/java.util=ALL-UNNAMED
13-Feb-2024 14:55:48.055 INFO [main] org.apache.catalina.startup.VersionLoggerListener.log Command line argument: --add-opens=java.base/java.util.concurrent=ALL-UNNAMED
13-Feb-2024 14:55:48.055 INFO [main] org.apache.catalina.startup.VersionLoggerListener.log Command line argument: --add-opens=java.rmi/sun.rmi.transport=ALL-UNNAMED
13-Feb-2024 14:55:48.056 INFO [main] org.apache.catalina.startup.VersionLoggerListener.log Command line argument: -Dcatalina.base=C:\git\javaTraining\apache-tomcat-10.1.17
13-Feb-2024 14:55:48.056 INFO [main] org.apache.catalina.startup.VersionLoggerListener.log Command line argument: -Dcatalina.home=C:\git\javaTraining\apache-tomcat-10.1.17
13-Feb-2024 14:55:48.056 INFO [main] org.apache.catalina.startup.VersionLoggerListener.log Command line argument: -Djava.io.tmpdir=C:\git\javaTraining\apache-tomcat-10.1.17\temp
13-Feb-2024 14:55:48.061 INFO [main] org.apache.catalina.core.AprLifecycleListener.lifecycleEvent Loaded Apache Tomcat Native library [2.0.6] using APR version [1.7.4].
13-Feb-2024 14:55:48.077 INFO [main] org.apache.catalina.core.AprLifecycleListener.initializeSSL OpenSSL successfully initialized [OpenSSL 3.0.11 19 Sep 2023]
13-Feb-2024 14:55:48.306 INFO [main] org.apache.coyote.AbstractProtocol.init Initializing ProtocolHandler ["http-nio-8080"]
13-Feb-2024 14:55:48.341 INFO [main] org.apache.catalina.startup.Catalina.load Server initialization in [504] milliseconds
13-Feb-2024 14:55:48.406 INFO [main] org.apache.catalina.core.StandardService.startInternal Starting service [Catalina]
13-Feb-2024 14:55:48.406 INFO [main] org.apache.catalina.core.StandardEngine.startInternal Starting Servlet engine: [Apache Tomcat/10.1.17]
13-Feb-2024 14:55:48.442 INFO [main] org.apache.catalina.startup.HostConfig.deployWAR Deploying web application archive [C:\git\javaTraining\apache-tomcat-10.1.17\webapps\webapp-form.war]
13-Feb-2024 14:55:49.036 INFO [main] org.apache.jasper.servlet.TldScanner.scanJars At least one JAR was scanned for TLDs yet contained no TLDs. Enable debug logging for this logger for a complete list of JARs that were scanned but no TLDs were found in them. Skipping unneeded JARs during scanning can improve startup time and JSP compilation time.
13-Feb-2024 14:55:49.115 INFO [main] org.apache.catalina.startup.HostConfig.deployWAR Deployment of web application archive [C:\git\javaTraining\apache-tomcat-10.1.17\webapps\webapp-form.war] has finished in [673] ms
13-Feb-2024 14:55:49.134 INFO [main] org.apache.catalina.startup.HostConfig.deployWAR Deploying web application archive [C:\git\javaTraining\apache-tomcat-10.1.17\webapps\WebApp.war]
13-Feb-2024 14:55:49.161 INFO [main] org.apache.catalina.startup.HostConfig.deployWAR Deployment of web application archive [C:\git\javaTraining\apache-tomcat-10.1.17\webapps\WebApp.war] has finished in [27] ms
13-Feb-2024 14:55:49.172 INFO [main] org.apache.catalina.startup.HostConfig.deployWAR Deploying web application archive [C:\git\javaTraining\apache-tomcat-10.1.17\webapps\WebApp2.war]
13-Feb-2024 14:55:49.462 INFO [main] org.apache.jasper.servlet.TldScanner.scanJars At least one JAR was scanned for TLDs yet contained no TLDs. Enable debug logging for this logger for a complete list of JARs that were scanned but no TLDs were found in them. Skipping unneeded JARs during scanning can improve startup time and JSP compilation time.
13-Feb-2024 14:55:49.465 INFO [main] org.apache.catalina.startup.HostConfig.deployWAR Deployment of web application archive [C:\git\javaTraining\apache-tomcat-10.1.17\webapps\WebApp2.war] has finished in [293] ms
13-Feb-2024 14:55:49.475 INFO [main] org.apache.catalina.startup.HostConfig.deployWAR Deploying web application archive [C:\git\javaTraining\apache-tomcat-10.1.17\webapps\WebAppCarritoCompras.war]
13-Feb-2024 14:55:50.035 INFO [main] org.apache.jasper.servlet.TldScanner.scanJars At least one JAR was scanned for TLDs yet contained no TLDs. Enable debug logging for this logger for a complete list of JARs that were scanned but no TLDs were found in them. Skipping unneeded JARs during scanning can improve startup time and JSP compilation time.
13-Feb-2024 14:55:50.039 INFO [main] org.apache.catalina.startup.HostConfig.deployWAR Deployment of web application archive [C:\git\javaTraining\apache-tomcat-10.1.17\webapps\WebAppCarritoCompras.war] has finished in [563] ms
13-Feb-2024 14:55:50.049 INFO [main] org.apache.catalina.startup.HostConfig.deployWAR Deploying web application archive [C:\git\javaTraining\apache-tomcat-10.1.17\webapps\WebAppCokies.war]
13-Feb-2024 14:55:50.512 INFO [main] org.apache.jasper.servlet.TldScanner.scanJars At least one JAR was scanned for TLDs yet contained no TLDs. Enable debug logging for this logger for a complete list of JARs that were scanned but no TLDs were found in them. Skipping unneeded JARs during scanning can improve startup time and JSP compilation time.
13-Feb-2024 14:55:50.515 INFO [main] org.apache.catalina.startup.HostConfig.deployWAR Deployment of web application archive [C:\git\javaTraining\apache-tomcat-10.1.17\webapps\WebAppCokies.war] has finished in [466] ms
13-Feb-2024 14:55:50.525 INFO [main] org.apache.catalina.startup.HostConfig.deployWAR Deploying web application archive [C:\git\javaTraining\apache-tomcat-10.1.17\webapps\WebAppCookie.war]
13-Feb-2024 14:55:50.999 INFO [main] org.apache.jasper.servlet.TldScanner.scanJars At least one JAR was scanned for TLDs yet contained no TLDs. Enable debug logging for this logger for a complete list of JARs that were scanned but no TLDs were found in them. Skipping unneeded JARs during scanning can improve startup time and JSP compilation time.
13-Feb-2024 14:55:51.001 INFO [main] org.apache.catalina.startup.HostConfig.deployWAR Deployment of web application archive [C:\git\javaTraining\apache-tomcat-10.1.17\webapps\WebAppCookie.war] has finished in [476] ms
13-Feb-2024 14:55:51.011 INFO [main] org.apache.catalina.startup.HostConfig.deployWAR Deploying web application archive [C:\git\javaTraining\apache-tomcat-10.1.17\webapps\WebAppHeaders.war]
13-Feb-2024 14:55:51.482 INFO [main] org.apache.jasper.servlet.TldScanner.scanJars At least one JAR was scanned for TLDs yet contained no TLDs. Enable debug logging for this logger for a complete list of JARs that were scanned but no TLDs were found in them. Skipping unneeded JARs during scanning can improve startup time and JSP compilation time.
13-Feb-2024 14:55:51.485 INFO [main] org.apache.catalina.startup.HostConfig.deployWAR Deployment of web application archive [C:\git\javaTraining\apache-tomcat-10.1.17\webapps\WebAppHeaders.war] has finished in [474] ms
13-Feb-2024 14:55:51.495 INFO [main] org.apache.catalina.startup.HostConfig.deployWAR Deploying web application archive [C:\git\javaTraining\apache-tomcat-10.1.17\webapps\WebAppSession.war]
13-Feb-2024 14:55:51.913 INFO [main] org.apache.jasper.servlet.TldScanner.scanJars At least one JAR was scanned for TLDs yet contained no TLDs. Enable debug logging for this logger for a complete list of JARs that were scanned but no TLDs were found in them. Skipping unneeded JARs during scanning can improve startup time and JSP compilation time.
13-Feb-2024 14:55:51.915 INFO [main] org.apache.catalina.startup.HostConfig.deployWAR Deployment of web application archive [C:\git\javaTraining\apache-tomcat-10.1.17\webapps\WebAppSession.war] has finished in [420] ms
13-Feb-2024 14:55:51.916 INFO [main] org.apache.catalina.startup.HostConfig.deployDirectory Deploying web application directory [C:\git\javaTraining\apache-tomcat-10.1.17\webapps\docs]
13-Feb-2024 14:55:51.951 INFO [main] org.apache.catalina.startup.HostConfig.deployDirectory Deployment of web application directory [C:\git\javaTraining\apache-tomcat-10.1.17\webapps\docs] has finished in [35] ms
13-Feb-2024 14:55:51.951 INFO [main] org.apache.catalina.startup.HostConfig.deployDirectory Deploying web application directory [C:\git\javaTraining\apache-tomcat-10.1.17\webapps\examples]
13-Feb-2024 14:55:52.970 INFO [main] org.apache.catalina.startup.HostConfig.deployDirectory Deployment of web application directory [C:\git\javaTraining\apache-tomcat-10.1.17\webapps\examples] has finished in [1,019] ms
13-Feb-2024 14:55:52.971 INFO [main] org.apache.catalina.startup.HostConfig.deployDirectory Deploying web application directory [C:\git\javaTraining\apache-tomcat-10.1.17\webapps\host-manager]
13-Feb-2024 14:55:53.014 INFO [main] org.apache.catalina.startup.HostConfig.deployDirectory Deployment of web application directory [C:\git\javaTraining\apache-tomcat-10.1.17\webapps\host-manager] has finished in [43] ms
13-Feb-2024 14:55:53.015 INFO [main] org.apache.catalina.startup.HostConfig.deployDirectory Deploying web application directory [C:\git\javaTraining\apache-tomcat-10.1.17\webapps\manager]
13-Feb-2024 14:55:53.059 INFO [main] org.apache.catalina.startup.HostConfig.deployDirectory Deployment of web application directory [C:\git\javaTraining\apache-tomcat-10.1.17\webapps\manager] has finished in [44] ms
13-Feb-2024 14:55:53.060 INFO [main] org.apache.catalina.startup.HostConfig.deployDirectory Deploying web application directory [C:\git\javaTraining\apache-tomcat-10.1.17\webapps\ROOT]
13-Feb-2024 14:55:53.084 INFO [main] org.apache.catalina.startup.HostConfig.deployDirectory Deployment of web application directory [C:\git\javaTraining\apache-tomcat-10.1.17\webapps\ROOT] has finished in [24] ms
13-Feb-2024 14:55:53.087 INFO [main] org.apache.coyote.AbstractProtocol.start Starting ProtocolHandler ["http-nio-8080"]
13-Feb-2024 14:55:53.138 INFO [main] org.apache.catalina.startup.Catalina.start Server startup in [4795] milliseconds
13-Feb-2024 15:13:12.054 INFO [http-nio-8080-exec-1] org.apache.catalina.startup.HostConfig.undeploy Undeploying context [/WebAppCarritoCompras]
13-Feb-2024 15:13:12.092 INFO [http-nio-8080-exec-1] org.apache.catalina.startup.HostConfig.deployWAR Deploying web application archive [C:\git\javaTraining\apache-tomcat-10.1.17\webapps\WebAppCarritoCompras.war]
13-Feb-2024 15:13:12.614 INFO [http-nio-8080-exec-1] org.apache.jasper.servlet.TldScanner.scanJars At least one JAR was scanned for TLDs yet contained no TLDs. Enable debug logging for this logger for a complete list of JARs that were scanned but no TLDs were found in them. Skipping unneeded JARs during scanning can improve startup time and JSP compilation time.
13-Feb-2024 15:13:12.616 INFO [http-nio-8080-exec-1] org.apache.catalina.startup.HostConfig.deployWAR Deployment of web application archive [C:\git\javaTraining\apache-tomcat-10.1.17\webapps\WebAppCarritoCompras.war] has finished in [524] ms
13-Feb-2024 15:15:20.439 INFO [http-nio-8080-exec-11] org.apache.catalina.startup.HostConfig.undeploy Undeploying context [/WebAppCarritoCompras]
13-Feb-2024 15:15:20.465 INFO [http-nio-8080-exec-11] org.apache.catalina.startup.HostConfig.deployWAR Deploying web application archive [C:\git\javaTraining\apache-tomcat-10.1.17\webapps\WebAppCarritoCompras.war]
13-Feb-2024 15:15:20.929 INFO [http-nio-8080-exec-11] org.apache.jasper.servlet.TldScanner.scanJars At least one JAR was scanned for TLDs yet contained no TLDs. Enable debug logging for this logger for a complete list of JARs that were scanned but no TLDs were found in them. Skipping unneeded JARs during scanning can improve startup time and JSP compilation time.
13-Feb-2024 15:15:20.931 INFO [http-nio-8080-exec-11] org.apache.catalina.startup.HostConfig.deployWAR Deployment of web application archive [C:\git\javaTraining\apache-tomcat-10.1.17\webapps\WebAppCarritoCompras.war] has finished in [467] ms
13-Feb-2024 16:06:25.501 INFO [http-nio-8080-exec-21] org.apache.catalina.startup.HostConfig.undeploy Undeploying context [/WebAppCarritoCompras]
13-Feb-2024 16:06:25.529 INFO [http-nio-8080-exec-21] org.apache.catalina.startup.HostConfig.deployWAR Deploying web application archive [C:\git\javaTraining\apache-tomcat-10.1.17\webapps\WebAppCarritoCompras.war]
13-Feb-2024 16:06:26.010 INFO [http-nio-8080-exec-21] org.apache.jasper.servlet.TldScanner.scanJars At least one JAR was scanned for TLDs yet contained no TLDs. Enable debug logging for this logger for a complete list of JARs that were scanned but no TLDs were found in them. Skipping unneeded JARs during scanning can improve startup time and JSP compilation time.
13-Feb-2024 16:06:26.013 INFO [http-nio-8080-exec-21] org.apache.catalina.startup.HostConfig.deployWAR Deployment of web application archive [C:\git\javaTraining\apache-tomcat-10.1.17\webapps\WebAppCarritoCompras.war] has finished in [484] ms
13-Feb-2024 16:35:51.984 INFO [http-nio-8080-exec-36] org.apache.catalina.startup.HostConfig.undeploy Undeploying context [/WebAppCarritoCompras]
13-Feb-2024 16:35:52.015 INFO [http-nio-8080-exec-36] org.apache.catalina.startup.HostConfig.deployWAR Deploying web application archive [C:\git\javaTraining\apache-tomcat-10.1.17\webapps\WebAppCarritoCompras.war]
13-Feb-2024 16:35:52.499 INFO [http-nio-8080-exec-36] org.apache.jasper.servlet.TldScanner.scanJars At least one JAR was scanned for TLDs yet contained no TLDs. Enable debug logging for this logger for a complete list of JARs that were scanned but no TLDs were found in them. Skipping unneeded JARs during scanning can improve startup time and JSP compilation time.
13-Feb-2024 16:35:52.503 INFO [http-nio-8080-exec-36] org.apache.catalina.startup.HostConfig.deployWAR Deployment of web application archive [C:\git\javaTraining\apache-tomcat-10.1.17\webapps\WebAppCarritoCompras.war] has finished in [487] ms
13-Feb-2024 16:36:46.670 INFO [http-nio-8080-exec-31] org.apache.catalina.startup.HostConfig.undeploy Undeploying context [/WebAppCarritoCompras]
13-Feb-2024 16:36:46.694 INFO [http-nio-8080-exec-31] org.apache.catalina.startup.HostConfig.deployWAR Deploying web application archive [C:\git\javaTraining\apache-tomcat-10.1.17\webapps\WebAppCarritoCompras.war]
13-Feb-2024 16:36:47.191 INFO [http-nio-8080-exec-31] org.apache.jasper.servlet.TldScanner.scanJars At least one JAR was scanned for TLDs yet contained no TLDs. Enable debug logging for this logger for a complete list of JARs that were scanned but no TLDs were found in them. Skipping unneeded JARs during scanning can improve startup time and JSP compilation time.
13-Feb-2024 16:36:47.194 INFO [http-nio-8080-exec-31] org.apache.catalina.startup.HostConfig.deployWAR Deployment of web application archive [C:\git\javaTraining\apache-tomcat-10.1.17\webapps\WebAppCarritoCompras.war] has finished in [501] ms
13-Feb-2024 16:38:45.398 INFO [http-nio-8080-exec-47] org.apache.catalina.startup.HostConfig.undeploy Undeploying context [/WebAppCarritoCompras]
13-Feb-2024 16:38:45.425 INFO [http-nio-8080-exec-47] org.apache.catalina.startup.HostConfig.deployWAR Deploying web application archive [C:\git\javaTraining\apache-tomcat-10.1.17\webapps\WebAppCarritoCompras.war]
13-Feb-2024 16:38:45.893 INFO [http-nio-8080-exec-47] org.apache.jasper.servlet.TldScanner.scanJars At least one JAR was scanned for TLDs yet contained no TLDs. Enable debug logging for this logger for a complete list of JARs that were scanned but no TLDs were found in them. Skipping unneeded JARs during scanning can improve startup time and JSP compilation time.
13-Feb-2024 16:38:45.895 INFO [http-nio-8080-exec-47] org.apache.catalina.startup.HostConfig.deployWAR Deployment of web application archive [C:\git\javaTraining\apache-tomcat-10.1.17\webapps\WebAppCarritoCompras.war] has finished in [470] ms
13-Feb-2024 16:41:33.834 INFO [http-nio-8080-exec-57] org.apache.catalina.startup.HostConfig.undeploy Undeploying context [/WebAppCarritoCompras]
13-Feb-2024 16:41:33.862 INFO [http-nio-8080-exec-57] org.apache.catalina.startup.HostConfig.deployWAR Deploying web application archive [C:\git\javaTraining\apache-tomcat-10.1.17\webapps\WebAppCarritoCompras.war]
13-Feb-2024 16:41:34.335 INFO [http-nio-8080-exec-57] org.apache.jasper.servlet.TldScanner.scanJars At least one JAR was scanned for TLDs yet contained no TLDs. Enable debug logging for this logger for a complete list of JARs that were scanned but no TLDs were found in them. Skipping unneeded JARs during scanning can improve startup time and JSP compilation time.
13-Feb-2024 16:41:34.338 INFO [http-nio-8080-exec-57] org.apache.catalina.startup.HostConfig.deployWAR Deployment of web application archive [C:\git\javaTraining\apache-tomcat-10.1.17\webapps\WebAppCarritoCompras.war] has finished in [476] ms
13-Feb-2024 16:43:40.051 INFO [http-nio-8080-exec-65] org.apache.catalina.startup.HostConfig.undeploy Undeploying context [/WebAppCarritoCompras]
13-Feb-2024 16:43:40.082 INFO [http-nio-8080-exec-65] org.apache.catalina.startup.HostConfig.deployWAR Deploying web application archive [C:\git\javaTraining\apache-tomcat-10.1.17\webapps\WebAppCarritoCompras.war]
13-Feb-2024 16:43:40.562 INFO [http-nio-8080-exec-65] org.apache.jasper.servlet.TldScanner.scanJars At least one JAR was scanned for TLDs yet contained no TLDs. Enable debug logging for this logger for a complete list of JARs that were scanned but no TLDs were found in them. Skipping unneeded JARs during scanning can improve startup time and JSP compilation time.
13-Feb-2024 16:43:40.565 INFO [http-nio-8080-exec-65] org.apache.catalina.startup.HostConfig.deployWAR Deployment of web application archive [C:\git\javaTraining\apache-tomcat-10.1.17\webapps\WebAppCarritoCompras.war] has finished in [484] ms
