09-Feb-2024 13:08:46.038 INFO [main] org.apache.catalina.startup.VersionLoggerListener.log Server version name:   Apache Tomcat/10.1.17
09-Feb-2024 13:08:46.042 INFO [main] org.apache.catalina.startup.VersionLoggerListener.log Server built:          Dec 7 2023 23:31:38 UTC
09-Feb-2024 13:08:46.042 INFO [main] org.apache.catalina.startup.VersionLoggerListener.log Server version number: 10.1.17.0
09-Feb-2024 13:08:46.043 INFO [main] org.apache.catalina.startup.VersionLoggerListener.log OS Name:               Windows 11
09-Feb-2024 13:08:46.043 INFO [main] org.apache.catalina.startup.VersionLoggerListener.log OS Version:            10.0
09-Feb-2024 13:08:46.043 INFO [main] org.apache.catalina.startup.VersionLoggerListener.log Architecture:          amd64
09-Feb-2024 13:08:46.043 INFO [main] org.apache.catalina.startup.VersionLoggerListener.log Java Home:             C:\Users\carlo\.jdks\corretto-18.0.2
09-Feb-2024 13:08:46.043 INFO [main] org.apache.catalina.startup.VersionLoggerListener.log JVM Version:           18.0.2+9-FR
09-Feb-2024 13:08:46.043 INFO [main] org.apache.catalina.startup.VersionLoggerListener.log JVM Vendor:            Amazon.com Inc.
09-Feb-2024 13:08:46.043 INFO [main] org.apache.catalina.startup.VersionLoggerListener.log CATALINA_BASE:         C:\git\javaTraining\apache-tomcat-10.1.17
09-Feb-2024 13:08:46.043 INFO [main] org.apache.catalina.startup.VersionLoggerListener.log CATALINA_HOME:         C:\git\javaTraining\apache-tomcat-10.1.17
09-Feb-2024 13:08:46.057 INFO [main] org.apache.catalina.startup.VersionLoggerListener.log Command line argument: -Djava.util.logging.config.file=C:\git\javaTraining\apache-tomcat-10.1.17\conf\logging.properties
09-Feb-2024 13:08:46.057 INFO [main] org.apache.catalina.startup.VersionLoggerListener.log Command line argument: -Djava.util.logging.manager=org.apache.juli.ClassLoaderLogManager
09-Feb-2024 13:08:46.057 INFO [main] org.apache.catalina.startup.VersionLoggerListener.log Command line argument: -Djdk.tls.ephemeralDHKeySize=2048
09-Feb-2024 13:08:46.057 INFO [main] org.apache.catalina.startup.VersionLoggerListener.log Command line argument: -Djava.protocol.handler.pkgs=org.apache.catalina.webresources
09-Feb-2024 13:08:46.057 INFO [main] org.apache.catalina.startup.VersionLoggerListener.log Command line argument: --add-opens=java.base/java.lang=ALL-UNNAMED
09-Feb-2024 13:08:46.058 INFO [main] org.apache.catalina.startup.VersionLoggerListener.log Command line argument: --add-opens=java.base/java.io=ALL-UNNAMED
09-Feb-2024 13:08:46.058 INFO [main] org.apache.catalina.startup.VersionLoggerListener.log Command line argument: --add-opens=java.base/java.util=ALL-UNNAMED
09-Feb-2024 13:08:46.058 INFO [main] org.apache.catalina.startup.VersionLoggerListener.log Command line argument: --add-opens=java.base/java.util.concurrent=ALL-UNNAMED
09-Feb-2024 13:08:46.058 INFO [main] org.apache.catalina.startup.VersionLoggerListener.log Command line argument: --add-opens=java.rmi/sun.rmi.transport=ALL-UNNAMED
09-Feb-2024 13:08:46.058 INFO [main] org.apache.catalina.startup.VersionLoggerListener.log Command line argument: -Dcatalina.base=C:\git\javaTraining\apache-tomcat-10.1.17
09-Feb-2024 13:08:46.058 INFO [main] org.apache.catalina.startup.VersionLoggerListener.log Command line argument: -Dcatalina.home=C:\git\javaTraining\apache-tomcat-10.1.17
09-Feb-2024 13:08:46.058 INFO [main] org.apache.catalina.startup.VersionLoggerListener.log Command line argument: -Djava.io.tmpdir=C:\git\javaTraining\apache-tomcat-10.1.17\temp
09-Feb-2024 13:08:46.063 INFO [main] org.apache.catalina.core.AprLifecycleListener.lifecycleEvent Loaded Apache Tomcat Native library [2.0.6] using APR version [1.7.4].
09-Feb-2024 13:08:46.081 INFO [main] org.apache.catalina.core.AprLifecycleListener.initializeSSL OpenSSL successfully initialized [OpenSSL 3.0.11 19 Sep 2023]
09-Feb-2024 13:08:46.275 INFO [main] org.apache.coyote.AbstractProtocol.init Initializing ProtocolHandler ["http-nio-8080"]
09-Feb-2024 13:08:46.304 INFO [main] org.apache.catalina.startup.Catalina.load Server initialization in [437] milliseconds
09-Feb-2024 13:08:46.351 INFO [main] org.apache.catalina.core.StandardService.startInternal Starting service [Catalina]
09-Feb-2024 13:08:46.351 INFO [main] org.apache.catalina.core.StandardEngine.startInternal Starting Servlet engine: [Apache Tomcat/10.1.17]
09-Feb-2024 13:08:46.376 INFO [main] org.apache.catalina.startup.HostConfig.deployWAR Deploying web application archive [C:\git\javaTraining\apache-tomcat-10.1.17\webapps\webapp-form.war]
09-Feb-2024 13:08:46.916 INFO [main] org.apache.jasper.servlet.TldScanner.scanJars At least one JAR was scanned for TLDs yet contained no TLDs. Enable debug logging for this logger for a complete list of JARs that were scanned but no TLDs were found in them. Skipping unneeded JARs during scanning can improve startup time and JSP compilation time.
09-Feb-2024 13:08:46.986 INFO [main] org.apache.catalina.startup.HostConfig.deployWAR Deployment of web application archive [C:\git\javaTraining\apache-tomcat-10.1.17\webapps\webapp-form.war] has finished in [609] ms
09-Feb-2024 13:08:47.003 INFO [main] org.apache.catalina.startup.HostConfig.deployWAR Deploying web application archive [C:\git\javaTraining\apache-tomcat-10.1.17\webapps\WebApp.war]
09-Feb-2024 13:08:47.029 INFO [main] org.apache.catalina.startup.HostConfig.deployWAR Deployment of web application archive [C:\git\javaTraining\apache-tomcat-10.1.17\webapps\WebApp.war] has finished in [25] ms
09-Feb-2024 13:08:47.037 INFO [main] org.apache.catalina.startup.HostConfig.deployWAR Deploying web application archive [C:\git\javaTraining\apache-tomcat-10.1.17\webapps\WebApp2.war]
09-Feb-2024 13:08:47.315 INFO [main] org.apache.jasper.servlet.TldScanner.scanJars At least one JAR was scanned for TLDs yet contained no TLDs. Enable debug logging for this logger for a complete list of JARs that were scanned but no TLDs were found in them. Skipping unneeded JARs during scanning can improve startup time and JSP compilation time.
09-Feb-2024 13:08:47.318 INFO [main] org.apache.catalina.startup.HostConfig.deployWAR Deployment of web application archive [C:\git\javaTraining\apache-tomcat-10.1.17\webapps\WebApp2.war] has finished in [280] ms
09-Feb-2024 13:08:47.327 INFO [main] org.apache.catalina.startup.HostConfig.deployWAR Deploying web application archive [C:\git\javaTraining\apache-tomcat-10.1.17\webapps\WebAppCarritoCompras.war]
09-Feb-2024 13:08:47.944 INFO [main] org.apache.jasper.servlet.TldScanner.scanJars At least one JAR was scanned for TLDs yet contained no TLDs. Enable debug logging for this logger for a complete list of JARs that were scanned but no TLDs were found in them. Skipping unneeded JARs during scanning can improve startup time and JSP compilation time.
09-Feb-2024 13:08:47.948 INFO [main] org.apache.catalina.startup.HostConfig.deployWAR Deployment of web application archive [C:\git\javaTraining\apache-tomcat-10.1.17\webapps\WebAppCarritoCompras.war] has finished in [621] ms
09-Feb-2024 13:08:47.959 INFO [main] org.apache.catalina.startup.HostConfig.deployWAR Deploying web application archive [C:\git\javaTraining\apache-tomcat-10.1.17\webapps\WebAppCokies.war]
09-Feb-2024 13:08:48.466 INFO [main] org.apache.jasper.servlet.TldScanner.scanJars At least one JAR was scanned for TLDs yet contained no TLDs. Enable debug logging for this logger for a complete list of JARs that were scanned but no TLDs were found in them. Skipping unneeded JARs during scanning can improve startup time and JSP compilation time.
09-Feb-2024 13:08:48.468 INFO [main] org.apache.catalina.startup.HostConfig.deployWAR Deployment of web application archive [C:\git\javaTraining\apache-tomcat-10.1.17\webapps\WebAppCokies.war] has finished in [509] ms
09-Feb-2024 13:08:48.476 INFO [main] org.apache.catalina.startup.HostConfig.deployWAR Deploying web application archive [C:\git\javaTraining\apache-tomcat-10.1.17\webapps\WebAppCookie.war]
09-Feb-2024 13:08:48.955 INFO [main] org.apache.jasper.servlet.TldScanner.scanJars At least one JAR was scanned for TLDs yet contained no TLDs. Enable debug logging for this logger for a complete list of JARs that were scanned but no TLDs were found in them. Skipping unneeded JARs during scanning can improve startup time and JSP compilation time.
09-Feb-2024 13:08:48.958 INFO [main] org.apache.catalina.startup.HostConfig.deployWAR Deployment of web application archive [C:\git\javaTraining\apache-tomcat-10.1.17\webapps\WebAppCookie.war] has finished in [482] ms
09-Feb-2024 13:08:48.967 INFO [main] org.apache.catalina.startup.HostConfig.deployWAR Deploying web application archive [C:\git\javaTraining\apache-tomcat-10.1.17\webapps\WebAppHeaders.war]
09-Feb-2024 13:08:49.421 INFO [main] org.apache.jasper.servlet.TldScanner.scanJars At least one JAR was scanned for TLDs yet contained no TLDs. Enable debug logging for this logger for a complete list of JARs that were scanned but no TLDs were found in them. Skipping unneeded JARs during scanning can improve startup time and JSP compilation time.
09-Feb-2024 13:08:49.423 INFO [main] org.apache.catalina.startup.HostConfig.deployWAR Deployment of web application archive [C:\git\javaTraining\apache-tomcat-10.1.17\webapps\WebAppHeaders.war] has finished in [456] ms
09-Feb-2024 13:08:49.433 INFO [main] org.apache.catalina.startup.HostConfig.deployWAR Deploying web application archive [C:\git\javaTraining\apache-tomcat-10.1.17\webapps\WebAppSession.war]
09-Feb-2024 13:08:49.845 INFO [main] org.apache.jasper.servlet.TldScanner.scanJars At least one JAR was scanned for TLDs yet contained no TLDs. Enable debug logging for this logger for a complete list of JARs that were scanned but no TLDs were found in them. Skipping unneeded JARs during scanning can improve startup time and JSP compilation time.
09-Feb-2024 13:08:49.847 INFO [main] org.apache.catalina.startup.HostConfig.deployWAR Deployment of web application archive [C:\git\javaTraining\apache-tomcat-10.1.17\webapps\WebAppSession.war] has finished in [414] ms
09-Feb-2024 13:08:49.848 INFO [main] org.apache.catalina.startup.HostConfig.deployDirectory Deploying web application directory [C:\git\javaTraining\apache-tomcat-10.1.17\webapps\docs]
09-Feb-2024 13:08:49.883 INFO [main] org.apache.catalina.startup.HostConfig.deployDirectory Deployment of web application directory [C:\git\javaTraining\apache-tomcat-10.1.17\webapps\docs] has finished in [35] ms
09-Feb-2024 13:08:49.883 INFO [main] org.apache.catalina.startup.HostConfig.deployDirectory Deploying web application directory [C:\git\javaTraining\apache-tomcat-10.1.17\webapps\examples]
09-Feb-2024 13:08:50.810 INFO [main] org.apache.catalina.startup.HostConfig.deployDirectory Deployment of web application directory [C:\git\javaTraining\apache-tomcat-10.1.17\webapps\examples] has finished in [927] ms
09-Feb-2024 13:08:50.811 INFO [main] org.apache.catalina.startup.HostConfig.deployDirectory Deploying web application directory [C:\git\javaTraining\apache-tomcat-10.1.17\webapps\host-manager]
09-Feb-2024 13:08:50.853 INFO [main] org.apache.catalina.startup.HostConfig.deployDirectory Deployment of web application directory [C:\git\javaTraining\apache-tomcat-10.1.17\webapps\host-manager] has finished in [42] ms
09-Feb-2024 13:08:50.854 INFO [main] org.apache.catalina.startup.HostConfig.deployDirectory Deploying web application directory [C:\git\javaTraining\apache-tomcat-10.1.17\webapps\manager]
09-Feb-2024 13:08:50.894 INFO [main] org.apache.catalina.startup.HostConfig.deployDirectory Deployment of web application directory [C:\git\javaTraining\apache-tomcat-10.1.17\webapps\manager] has finished in [40] ms
09-Feb-2024 13:08:50.894 INFO [main] org.apache.catalina.startup.HostConfig.deployDirectory Deploying web application directory [C:\git\javaTraining\apache-tomcat-10.1.17\webapps\ROOT]
09-Feb-2024 13:08:50.917 INFO [main] org.apache.catalina.startup.HostConfig.deployDirectory Deployment of web application directory [C:\git\javaTraining\apache-tomcat-10.1.17\webapps\ROOT] has finished in [23] ms
09-Feb-2024 13:08:50.920 INFO [main] org.apache.coyote.AbstractProtocol.start Starting ProtocolHandler ["http-nio-8080"]
09-Feb-2024 13:08:50.964 INFO [main] org.apache.catalina.startup.Catalina.start Server startup in [4658] milliseconds
09-Feb-2024 13:09:06.944 INFO [http-nio-8080-exec-1] org.apache.catalina.startup.HostConfig.undeploy Undeploying context [/WebAppCarritoCompras]
09-Feb-2024 13:09:06.978 INFO [http-nio-8080-exec-1] org.apache.catalina.startup.HostConfig.deployWAR Deploying web application archive [C:\git\javaTraining\apache-tomcat-10.1.17\webapps\WebAppCarritoCompras.war]
09-Feb-2024 13:09:07.440 INFO [http-nio-8080-exec-1] org.apache.jasper.servlet.TldScanner.scanJars At least one JAR was scanned for TLDs yet contained no TLDs. Enable debug logging for this logger for a complete list of JARs that were scanned but no TLDs were found in them. Skipping unneeded JARs during scanning can improve startup time and JSP compilation time.
09-Feb-2024 13:09:07.442 INFO [http-nio-8080-exec-1] org.apache.catalina.startup.HostConfig.deployWAR Deployment of web application archive [C:\git\javaTraining\apache-tomcat-10.1.17\webapps\WebAppCarritoCompras.war] has finished in [464] ms
09-Feb-2024 13:32:36.738 INFO [http-nio-8080-exec-14] org.apache.catalina.startup.HostConfig.undeploy Undeploying context [/WebAppCarritoCompras]
09-Feb-2024 13:32:36.765 INFO [http-nio-8080-exec-14] org.apache.catalina.startup.HostConfig.deployWAR Deploying web application archive [C:\git\javaTraining\apache-tomcat-10.1.17\webapps\WebAppCarritoCompras.war]
09-Feb-2024 13:32:37.217 INFO [http-nio-8080-exec-14] org.apache.jasper.servlet.TldScanner.scanJars At least one JAR was scanned for TLDs yet contained no TLDs. Enable debug logging for this logger for a complete list of JARs that were scanned but no TLDs were found in them. Skipping unneeded JARs during scanning can improve startup time and JSP compilation time.
09-Feb-2024 13:32:37.219 INFO [http-nio-8080-exec-14] org.apache.catalina.startup.HostConfig.deployWAR Deployment of web application archive [C:\git\javaTraining\apache-tomcat-10.1.17\webapps\WebAppCarritoCompras.war] has finished in [454] ms
09-Feb-2024 13:35:11.694 INFO [http-nio-8080-exec-21] org.apache.catalina.startup.HostConfig.undeploy Undeploying context [/WebAppCarritoCompras]
09-Feb-2024 13:35:11.725 INFO [http-nio-8080-exec-21] org.apache.catalina.startup.HostConfig.deployWAR Deploying web application archive [C:\git\javaTraining\apache-tomcat-10.1.17\webapps\WebAppCarritoCompras.war]
09-Feb-2024 13:35:12.340 INFO [http-nio-8080-exec-21] org.apache.jasper.servlet.TldScanner.scanJars At least one JAR was scanned for TLDs yet contained no TLDs. Enable debug logging for this logger for a complete list of JARs that were scanned but no TLDs were found in them. Skipping unneeded JARs during scanning can improve startup time and JSP compilation time.
09-Feb-2024 13:35:12.342 INFO [http-nio-8080-exec-21] org.apache.catalina.startup.HostConfig.deployWAR Deployment of web application archive [C:\git\javaTraining\apache-tomcat-10.1.17\webapps\WebAppCarritoCompras.war] has finished in [617] ms
09-Feb-2024 13:41:04.212 INFO [main] org.apache.catalina.startup.VersionLoggerListener.log Server version name:   Apache Tomcat/10.1.17
09-Feb-2024 13:41:04.217 INFO [main] org.apache.catalina.startup.VersionLoggerListener.log Server built:          Dec 7 2023 23:31:38 UTC
09-Feb-2024 13:41:04.217 INFO [main] org.apache.catalina.startup.VersionLoggerListener.log Server version number: 10.1.17.0
09-Feb-2024 13:41:04.217 INFO [main] org.apache.catalina.startup.VersionLoggerListener.log OS Name:               Windows 11
09-Feb-2024 13:41:04.218 INFO [main] org.apache.catalina.startup.VersionLoggerListener.log OS Version:            10.0
09-Feb-2024 13:41:04.218 INFO [main] org.apache.catalina.startup.VersionLoggerListener.log Architecture:          amd64
09-Feb-2024 13:41:04.218 INFO [main] org.apache.catalina.startup.VersionLoggerListener.log Java Home:             C:\Users\carlo\.jdks\corretto-18.0.2
09-Feb-2024 13:41:04.218 INFO [main] org.apache.catalina.startup.VersionLoggerListener.log JVM Version:           18.0.2+9-FR
09-Feb-2024 13:41:04.218 INFO [main] org.apache.catalina.startup.VersionLoggerListener.log JVM Vendor:            Amazon.com Inc.
09-Feb-2024 13:41:04.218 INFO [main] org.apache.catalina.startup.VersionLoggerListener.log CATALINA_BASE:         C:\git\javaTraining\apache-tomcat-10.1.17
09-Feb-2024 13:41:04.218 INFO [main] org.apache.catalina.startup.VersionLoggerListener.log CATALINA_HOME:         C:\git\javaTraining\apache-tomcat-10.1.17
09-Feb-2024 13:41:04.233 INFO [main] org.apache.catalina.startup.VersionLoggerListener.log Command line argument: -Djava.util.logging.config.file=C:\git\javaTraining\apache-tomcat-10.1.17\conf\logging.properties
09-Feb-2024 13:41:04.233 INFO [main] org.apache.catalina.startup.VersionLoggerListener.log Command line argument: -Djava.util.logging.manager=org.apache.juli.ClassLoaderLogManager
09-Feb-2024 13:41:04.233 INFO [main] org.apache.catalina.startup.VersionLoggerListener.log Command line argument: -Djdk.tls.ephemeralDHKeySize=2048
09-Feb-2024 13:41:04.234 INFO [main] org.apache.catalina.startup.VersionLoggerListener.log Command line argument: -Djava.protocol.handler.pkgs=org.apache.catalina.webresources
09-Feb-2024 13:41:04.234 INFO [main] org.apache.catalina.startup.VersionLoggerListener.log Command line argument: --add-opens=java.base/java.lang=ALL-UNNAMED
09-Feb-2024 13:41:04.234 INFO [main] org.apache.catalina.startup.VersionLoggerListener.log Command line argument: --add-opens=java.base/java.io=ALL-UNNAMED
09-Feb-2024 13:41:04.234 INFO [main] org.apache.catalina.startup.VersionLoggerListener.log Command line argument: --add-opens=java.base/java.util=ALL-UNNAMED
09-Feb-2024 13:41:04.234 INFO [main] org.apache.catalina.startup.VersionLoggerListener.log Command line argument: --add-opens=java.base/java.util.concurrent=ALL-UNNAMED
09-Feb-2024 13:41:04.234 INFO [main] org.apache.catalina.startup.VersionLoggerListener.log Command line argument: --add-opens=java.rmi/sun.rmi.transport=ALL-UNNAMED
09-Feb-2024 13:41:04.234 INFO [main] org.apache.catalina.startup.VersionLoggerListener.log Command line argument: -Dcatalina.base=C:\git\javaTraining\apache-tomcat-10.1.17
09-Feb-2024 13:41:04.234 INFO [main] org.apache.catalina.startup.VersionLoggerListener.log Command line argument: -Dcatalina.home=C:\git\javaTraining\apache-tomcat-10.1.17
09-Feb-2024 13:41:04.235 INFO [main] org.apache.catalina.startup.VersionLoggerListener.log Command line argument: -Djava.io.tmpdir=C:\git\javaTraining\apache-tomcat-10.1.17\temp
09-Feb-2024 13:41:04.239 INFO [main] org.apache.catalina.core.AprLifecycleListener.lifecycleEvent Loaded Apache Tomcat Native library [2.0.6] using APR version [1.7.4].
09-Feb-2024 13:41:04.256 INFO [main] org.apache.catalina.core.AprLifecycleListener.initializeSSL OpenSSL successfully initialized [OpenSSL 3.0.11 19 Sep 2023]
09-Feb-2024 13:41:04.493 INFO [main] org.apache.coyote.AbstractProtocol.init Initializing ProtocolHandler ["http-nio-8080"]
09-Feb-2024 13:41:04.524 INFO [main] org.apache.catalina.startup.Catalina.load Server initialization in [506] milliseconds
09-Feb-2024 13:41:04.576 INFO [main] org.apache.catalina.core.StandardService.startInternal Starting service [Catalina]
09-Feb-2024 13:41:04.576 INFO [main] org.apache.catalina.core.StandardEngine.startInternal Starting Servlet engine: [Apache Tomcat/10.1.17]
09-Feb-2024 13:41:04.603 INFO [main] org.apache.catalina.startup.HostConfig.deployWAR Deploying web application archive [C:\git\javaTraining\apache-tomcat-10.1.17\webapps\webapp-form.war]
09-Feb-2024 13:41:05.145 INFO [main] org.apache.jasper.servlet.TldScanner.scanJars At least one JAR was scanned for TLDs yet contained no TLDs. Enable debug logging for this logger for a complete list of JARs that were scanned but no TLDs were found in them. Skipping unneeded JARs during scanning can improve startup time and JSP compilation time.
09-Feb-2024 13:41:05.216 INFO [main] org.apache.catalina.startup.HostConfig.deployWAR Deployment of web application archive [C:\git\javaTraining\apache-tomcat-10.1.17\webapps\webapp-form.war] has finished in [612] ms
09-Feb-2024 13:41:05.232 INFO [main] org.apache.catalina.startup.HostConfig.deployWAR Deploying web application archive [C:\git\javaTraining\apache-tomcat-10.1.17\webapps\WebApp.war]
09-Feb-2024 13:41:05.257 INFO [main] org.apache.catalina.startup.HostConfig.deployWAR Deployment of web application archive [C:\git\javaTraining\apache-tomcat-10.1.17\webapps\WebApp.war] has finished in [25] ms
09-Feb-2024 13:41:05.266 INFO [main] org.apache.catalina.startup.HostConfig.deployWAR Deploying web application archive [C:\git\javaTraining\apache-tomcat-10.1.17\webapps\WebApp2.war]
09-Feb-2024 13:41:05.533 INFO [main] org.apache.jasper.servlet.TldScanner.scanJars At least one JAR was scanned for TLDs yet contained no TLDs. Enable debug logging for this logger for a complete list of JARs that were scanned but no TLDs were found in them. Skipping unneeded JARs during scanning can improve startup time and JSP compilation time.
09-Feb-2024 13:41:05.536 INFO [main] org.apache.catalina.startup.HostConfig.deployWAR Deployment of web application archive [C:\git\javaTraining\apache-tomcat-10.1.17\webapps\WebApp2.war] has finished in [271] ms
09-Feb-2024 13:41:05.544 INFO [main] org.apache.catalina.startup.HostConfig.deployWAR Deploying web application archive [C:\git\javaTraining\apache-tomcat-10.1.17\webapps\WebAppCarritoCompras.war]
09-Feb-2024 13:41:06.064 INFO [main] org.apache.jasper.servlet.TldScanner.scanJars At least one JAR was scanned for TLDs yet contained no TLDs. Enable debug logging for this logger for a complete list of JARs that were scanned but no TLDs were found in them. Skipping unneeded JARs during scanning can improve startup time and JSP compilation time.
09-Feb-2024 13:41:06.067 INFO [main] org.apache.catalina.startup.HostConfig.deployWAR Deployment of web application archive [C:\git\javaTraining\apache-tomcat-10.1.17\webapps\WebAppCarritoCompras.war] has finished in [523] ms
09-Feb-2024 13:41:06.077 INFO [main] org.apache.catalina.startup.HostConfig.deployWAR Deploying web application archive [C:\git\javaTraining\apache-tomcat-10.1.17\webapps\WebAppCokies.war]
09-Feb-2024 13:41:06.538 INFO [main] org.apache.jasper.servlet.TldScanner.scanJars At least one JAR was scanned for TLDs yet contained no TLDs. Enable debug logging for this logger for a complete list of JARs that were scanned but no TLDs were found in them. Skipping unneeded JARs during scanning can improve startup time and JSP compilation time.
09-Feb-2024 13:41:06.541 INFO [main] org.apache.catalina.startup.HostConfig.deployWAR Deployment of web application archive [C:\git\javaTraining\apache-tomcat-10.1.17\webapps\WebAppCokies.war] has finished in [465] ms
09-Feb-2024 13:41:06.549 INFO [main] org.apache.catalina.startup.HostConfig.deployWAR Deploying web application archive [C:\git\javaTraining\apache-tomcat-10.1.17\webapps\WebAppCookie.war]
09-Feb-2024 13:41:07.005 INFO [main] org.apache.jasper.servlet.TldScanner.scanJars At least one JAR was scanned for TLDs yet contained no TLDs. Enable debug logging for this logger for a complete list of JARs that were scanned but no TLDs were found in them. Skipping unneeded JARs during scanning can improve startup time and JSP compilation time.
09-Feb-2024 13:41:07.008 INFO [main] org.apache.catalina.startup.HostConfig.deployWAR Deployment of web application archive [C:\git\javaTraining\apache-tomcat-10.1.17\webapps\WebAppCookie.war] has finished in [459] ms
09-Feb-2024 13:41:07.016 INFO [main] org.apache.catalina.startup.HostConfig.deployWAR Deploying web application archive [C:\git\javaTraining\apache-tomcat-10.1.17\webapps\WebAppHeaders.war]
09-Feb-2024 13:41:07.497 INFO [main] org.apache.jasper.servlet.TldScanner.scanJars At least one JAR was scanned for TLDs yet contained no TLDs. Enable debug logging for this logger for a complete list of JARs that were scanned but no TLDs were found in them. Skipping unneeded JARs during scanning can improve startup time and JSP compilation time.
09-Feb-2024 13:41:07.500 INFO [main] org.apache.catalina.startup.HostConfig.deployWAR Deployment of web application archive [C:\git\javaTraining\apache-tomcat-10.1.17\webapps\WebAppHeaders.war] has finished in [484] ms
09-Feb-2024 13:41:07.509 INFO [main] org.apache.catalina.startup.HostConfig.deployWAR Deploying web application archive [C:\git\javaTraining\apache-tomcat-10.1.17\webapps\WebAppSession.war]
09-Feb-2024 13:41:07.906 INFO [main] org.apache.jasper.servlet.TldScanner.scanJars At least one JAR was scanned for TLDs yet contained no TLDs. Enable debug logging for this logger for a complete list of JARs that were scanned but no TLDs were found in them. Skipping unneeded JARs during scanning can improve startup time and JSP compilation time.
09-Feb-2024 13:41:07.908 INFO [main] org.apache.catalina.startup.HostConfig.deployWAR Deployment of web application archive [C:\git\javaTraining\apache-tomcat-10.1.17\webapps\WebAppSession.war] has finished in [399] ms
09-Feb-2024 13:41:07.909 INFO [main] org.apache.catalina.startup.HostConfig.deployDirectory Deploying web application directory [C:\git\javaTraining\apache-tomcat-10.1.17\webapps\docs]
09-Feb-2024 13:41:07.943 INFO [main] org.apache.catalina.startup.HostConfig.deployDirectory Deployment of web application directory [C:\git\javaTraining\apache-tomcat-10.1.17\webapps\docs] has finished in [34] ms
09-Feb-2024 13:41:07.943 INFO [main] org.apache.catalina.startup.HostConfig.deployDirectory Deploying web application directory [C:\git\javaTraining\apache-tomcat-10.1.17\webapps\examples]
09-Feb-2024 13:41:08.972 INFO [main] org.apache.catalina.startup.HostConfig.deployDirectory Deployment of web application directory [C:\git\javaTraining\apache-tomcat-10.1.17\webapps\examples] has finished in [1,029] ms
09-Feb-2024 13:41:08.973 INFO [main] org.apache.catalina.startup.HostConfig.deployDirectory Deploying web application directory [C:\git\javaTraining\apache-tomcat-10.1.17\webapps\host-manager]
09-Feb-2024 13:41:09.017 INFO [main] org.apache.catalina.startup.HostConfig.deployDirectory Deployment of web application directory [C:\git\javaTraining\apache-tomcat-10.1.17\webapps\host-manager] has finished in [44] ms
09-Feb-2024 13:41:09.018 INFO [main] org.apache.catalina.startup.HostConfig.deployDirectory Deploying web application directory [C:\git\javaTraining\apache-tomcat-10.1.17\webapps\manager]
09-Feb-2024 13:41:09.060 INFO [main] org.apache.catalina.startup.HostConfig.deployDirectory Deployment of web application directory [C:\git\javaTraining\apache-tomcat-10.1.17\webapps\manager] has finished in [42] ms
09-Feb-2024 13:41:09.061 INFO [main] org.apache.catalina.startup.HostConfig.deployDirectory Deploying web application directory [C:\git\javaTraining\apache-tomcat-10.1.17\webapps\ROOT]
09-Feb-2024 13:41:09.089 INFO [main] org.apache.catalina.startup.HostConfig.deployDirectory Deployment of web application directory [C:\git\javaTraining\apache-tomcat-10.1.17\webapps\ROOT] has finished in [28] ms
09-Feb-2024 13:41:09.093 INFO [main] org.apache.coyote.AbstractProtocol.start Starting ProtocolHandler ["http-nio-8080"]
09-Feb-2024 13:41:09.138 INFO [main] org.apache.catalina.startup.Catalina.start Server startup in [4612] milliseconds
09-Feb-2024 15:30:20.027 INFO [http-nio-8080-exec-5] org.apache.catalina.startup.HostConfig.undeploy Undeploying context [/WebAppCarritoCompras]
09-Feb-2024 15:30:20.063 INFO [http-nio-8080-exec-5] org.apache.catalina.startup.HostConfig.deployWAR Deploying web application archive [C:\git\javaTraining\apache-tomcat-10.1.17\webapps\WebAppCarritoCompras.war]
09-Feb-2024 15:30:20.599 INFO [http-nio-8080-exec-5] org.apache.jasper.servlet.TldScanner.scanJars At least one JAR was scanned for TLDs yet contained no TLDs. Enable debug logging for this logger for a complete list of JARs that were scanned but no TLDs were found in them. Skipping unneeded JARs during scanning can improve startup time and JSP compilation time.
09-Feb-2024 15:30:20.602 INFO [http-nio-8080-exec-5] org.apache.catalina.startup.HostConfig.deployWAR Deployment of web application archive [C:\git\javaTraining\apache-tomcat-10.1.17\webapps\WebAppCarritoCompras.war] has finished in [539] ms
09-Feb-2024 15:30:25.194 INFO [http-nio-8080-exec-4] org.apache.catalina.startup.HostConfig.undeploy Undeploying context [/WebAppCarritoCompras]
09-Feb-2024 15:30:25.229 INFO [http-nio-8080-exec-4] org.apache.catalina.startup.HostConfig.deployWAR Deploying web application archive [C:\git\javaTraining\apache-tomcat-10.1.17\webapps\WebAppCarritoCompras.war]
09-Feb-2024 15:30:25.725 INFO [http-nio-8080-exec-4] org.apache.jasper.servlet.TldScanner.scanJars At least one JAR was scanned for TLDs yet contained no TLDs. Enable debug logging for this logger for a complete list of JARs that were scanned but no TLDs were found in them. Skipping unneeded JARs during scanning can improve startup time and JSP compilation time.
09-Feb-2024 15:30:25.728 INFO [http-nio-8080-exec-4] org.apache.catalina.startup.HostConfig.deployWAR Deployment of web application archive [C:\git\javaTraining\apache-tomcat-10.1.17\webapps\WebAppCarritoCompras.war] has finished in [498] ms
09-Feb-2024 17:29:54.505 INFO [http-nio-8080-exec-16] org.apache.catalina.startup.HostConfig.undeploy Undeploying context [/WebAppCarritoCompras]
09-Feb-2024 17:29:54.542 INFO [http-nio-8080-exec-16] org.apache.catalina.startup.HostConfig.deployWAR Deploying web application archive [C:\git\javaTraining\apache-tomcat-10.1.17\webapps\WebAppCarritoCompras.war]
09-Feb-2024 17:29:55.023 INFO [http-nio-8080-exec-16] org.apache.jasper.servlet.TldScanner.scanJars At least one JAR was scanned for TLDs yet contained no TLDs. Enable debug logging for this logger for a complete list of JARs that were scanned but no TLDs were found in them. Skipping unneeded JARs during scanning can improve startup time and JSP compilation time.
09-Feb-2024 17:29:55.026 INFO [http-nio-8080-exec-16] org.apache.catalina.startup.HostConfig.deployWAR Deployment of web application archive [C:\git\javaTraining\apache-tomcat-10.1.17\webapps\WebAppCarritoCompras.war] has finished in [484] ms
09-Feb-2024 17:41:28.260 INFO [http-nio-8080-exec-31] org.apache.catalina.startup.HostConfig.undeploy Undeploying context [/WebAppCarritoCompras]
09-Feb-2024 17:41:28.290 INFO [http-nio-8080-exec-31] org.apache.catalina.startup.HostConfig.deployWAR Deploying web application archive [C:\git\javaTraining\apache-tomcat-10.1.17\webapps\WebAppCarritoCompras.war]
09-Feb-2024 17:41:28.756 INFO [http-nio-8080-exec-31] org.apache.jasper.servlet.TldScanner.scanJars At least one JAR was scanned for TLDs yet contained no TLDs. Enable debug logging for this logger for a complete list of JARs that were scanned but no TLDs were found in them. Skipping unneeded JARs during scanning can improve startup time and JSP compilation time.
09-Feb-2024 17:41:28.758 INFO [http-nio-8080-exec-31] org.apache.catalina.startup.HostConfig.deployWAR Deployment of web application archive [C:\git\javaTraining\apache-tomcat-10.1.17\webapps\WebAppCarritoCompras.war] has finished in [468] ms
09-Feb-2024 17:49:34.417 INFO [http-nio-8080-exec-32] org.apache.catalina.startup.HostConfig.undeploy Undeploying context [/WebAppCarritoCompras]
09-Feb-2024 17:49:34.440 INFO [http-nio-8080-exec-32] org.apache.catalina.startup.HostConfig.deployWAR Deploying web application archive [C:\git\javaTraining\apache-tomcat-10.1.17\webapps\WebAppCarritoCompras.war]
09-Feb-2024 17:49:34.918 INFO [http-nio-8080-exec-32] org.apache.jasper.servlet.TldScanner.scanJars At least one JAR was scanned for TLDs yet contained no TLDs. Enable debug logging for this logger for a complete list of JARs that were scanned but no TLDs were found in them. Skipping unneeded JARs during scanning can improve startup time and JSP compilation time.
09-Feb-2024 17:49:34.920 INFO [http-nio-8080-exec-32] org.apache.catalina.startup.HostConfig.deployWAR Deployment of web application archive [C:\git\javaTraining\apache-tomcat-10.1.17\webapps\WebAppCarritoCompras.war] has finished in [480] ms
09-Feb-2024 17:54:13.610 INFO [http-nio-8080-exec-43] org.apache.catalina.startup.HostConfig.undeploy Undeploying context [/WebAppCarritoCompras]
09-Feb-2024 17:54:13.638 INFO [http-nio-8080-exec-43] org.apache.catalina.startup.HostConfig.deployWAR Deploying web application archive [C:\git\javaTraining\apache-tomcat-10.1.17\webapps\WebAppCarritoCompras.war]
09-Feb-2024 17:54:14.088 INFO [http-nio-8080-exec-43] org.apache.jasper.servlet.TldScanner.scanJars At least one JAR was scanned for TLDs yet contained no TLDs. Enable debug logging for this logger for a complete list of JARs that were scanned but no TLDs were found in them. Skipping unneeded JARs during scanning can improve startup time and JSP compilation time.
09-Feb-2024 17:54:14.090 INFO [http-nio-8080-exec-43] org.apache.catalina.startup.HostConfig.deployWAR Deployment of web application archive [C:\git\javaTraining\apache-tomcat-10.1.17\webapps\WebAppCarritoCompras.war] has finished in [452] ms
09-Feb-2024 17:58:17.959 INFO [http-nio-8080-exec-54] org.apache.catalina.startup.HostConfig.undeploy Undeploying context [/WebAppCarritoCompras]
09-Feb-2024 17:58:17.988 INFO [http-nio-8080-exec-54] org.apache.catalina.startup.HostConfig.deployWAR Deploying web application archive [C:\git\javaTraining\apache-tomcat-10.1.17\webapps\WebAppCarritoCompras.war]
09-Feb-2024 17:58:18.482 INFO [http-nio-8080-exec-54] org.apache.jasper.servlet.TldScanner.scanJars At least one JAR was scanned for TLDs yet contained no TLDs. Enable debug logging for this logger for a complete list of JARs that were scanned but no TLDs were found in them. Skipping unneeded JARs during scanning can improve startup time and JSP compilation time.
09-Feb-2024 17:58:18.484 INFO [http-nio-8080-exec-54] org.apache.catalina.startup.HostConfig.deployWAR Deployment of web application archive [C:\git\javaTraining\apache-tomcat-10.1.17\webapps\WebAppCarritoCompras.war] has finished in [496] ms
09-Feb-2024 17:58:44.085 INFO [http-nio-8080-exec-53] org.apache.catalina.startup.HostConfig.undeploy Undeploying context [/WebAppCarritoCompras]
09-Feb-2024 17:58:44.112 INFO [http-nio-8080-exec-53] org.apache.catalina.startup.HostConfig.deployWAR Deploying web application archive [C:\git\javaTraining\apache-tomcat-10.1.17\webapps\WebAppCarritoCompras.war]
09-Feb-2024 17:58:44.596 INFO [http-nio-8080-exec-53] org.apache.jasper.servlet.TldScanner.scanJars At least one JAR was scanned for TLDs yet contained no TLDs. Enable debug logging for this logger for a complete list of JARs that were scanned but no TLDs were found in them. Skipping unneeded JARs during scanning can improve startup time and JSP compilation time.
09-Feb-2024 17:58:44.599 INFO [http-nio-8080-exec-53] org.apache.catalina.startup.HostConfig.deployWAR Deployment of web application archive [C:\git\javaTraining\apache-tomcat-10.1.17\webapps\WebAppCarritoCompras.war] has finished in [487] ms
09-Feb-2024 18:03:02.589 INFO [http-nio-8080-exec-71] org.apache.catalina.startup.HostConfig.undeploy Undeploying context [/WebAppCarritoCompras]
09-Feb-2024 18:03:02.617 INFO [http-nio-8080-exec-71] org.apache.catalina.startup.HostConfig.deployWAR Deploying web application archive [C:\git\javaTraining\apache-tomcat-10.1.17\webapps\WebAppCarritoCompras.war]
09-Feb-2024 18:03:03.076 INFO [http-nio-8080-exec-71] org.apache.jasper.servlet.TldScanner.scanJars At least one JAR was scanned for TLDs yet contained no TLDs. Enable debug logging for this logger for a complete list of JARs that were scanned but no TLDs were found in them. Skipping unneeded JARs during scanning can improve startup time and JSP compilation time.
09-Feb-2024 18:03:03.079 INFO [http-nio-8080-exec-71] org.apache.catalina.startup.HostConfig.deployWAR Deployment of web application archive [C:\git\javaTraining\apache-tomcat-10.1.17\webapps\WebAppCarritoCompras.war] has finished in [463] ms
09-Feb-2024 18:04:29.162 INFO [http-nio-8080-exec-74] org.apache.catalina.startup.HostConfig.undeploy Undeploying context [/WebAppCarritoCompras]
09-Feb-2024 18:04:29.186 INFO [http-nio-8080-exec-74] org.apache.catalina.startup.HostConfig.deployWAR Deploying web application archive [C:\git\javaTraining\apache-tomcat-10.1.17\webapps\WebAppCarritoCompras.war]
09-Feb-2024 18:04:29.618 INFO [http-nio-8080-exec-74] org.apache.jasper.servlet.TldScanner.scanJars At least one JAR was scanned for TLDs yet contained no TLDs. Enable debug logging for this logger for a complete list of JARs that were scanned but no TLDs were found in them. Skipping unneeded JARs during scanning can improve startup time and JSP compilation time.
09-Feb-2024 18:04:29.620 INFO [http-nio-8080-exec-74] org.apache.catalina.startup.HostConfig.deployWAR Deployment of web application archive [C:\git\javaTraining\apache-tomcat-10.1.17\webapps\WebAppCarritoCompras.war] has finished in [434] ms
