07-Feb-2024 14:37:27.137 INFO [main] org.apache.catalina.startup.VersionLoggerListener.log Server version name:   Apache Tomcat/10.1.17
07-Feb-2024 14:37:27.141 INFO [main] org.apache.catalina.startup.VersionLoggerListener.log Server built:          Dec 7 2023 23:31:38 UTC
07-Feb-2024 14:37:27.141 INFO [main] org.apache.catalina.startup.VersionLoggerListener.log Server version number: 10.1.17.0
07-Feb-2024 14:37:27.141 INFO [main] org.apache.catalina.startup.VersionLoggerListener.log OS Name:               Windows 11
07-Feb-2024 14:37:27.141 INFO [main] org.apache.catalina.startup.VersionLoggerListener.log OS Version:            10.0
07-Feb-2024 14:37:27.141 INFO [main] org.apache.catalina.startup.VersionLoggerListener.log Architecture:          amd64
07-Feb-2024 14:37:27.141 INFO [main] org.apache.catalina.startup.VersionLoggerListener.log Java Home:             C:\Users\carlo\.jdks\corretto-18.0.2
07-Feb-2024 14:37:27.142 INFO [main] org.apache.catalina.startup.VersionLoggerListener.log JVM Version:           18.0.2+9-FR
07-Feb-2024 14:37:27.142 INFO [main] org.apache.catalina.startup.VersionLoggerListener.log JVM Vendor:            Amazon.com Inc.
07-Feb-2024 14:37:27.142 INFO [main] org.apache.catalina.startup.VersionLoggerListener.log CATALINA_BASE:         C:\git\javaTraining\apache-tomcat-10.1.17
07-Feb-2024 14:37:27.142 INFO [main] org.apache.catalina.startup.VersionLoggerListener.log CATALINA_HOME:         C:\git\javaTraining\apache-tomcat-10.1.17
07-Feb-2024 14:37:27.156 INFO [main] org.apache.catalina.startup.VersionLoggerListener.log Command line argument: -Djava.util.logging.config.file=C:\git\javaTraining\apache-tomcat-10.1.17\conf\logging.properties
07-Feb-2024 14:37:27.156 INFO [main] org.apache.catalina.startup.VersionLoggerListener.log Command line argument: -Djava.util.logging.manager=org.apache.juli.ClassLoaderLogManager
07-Feb-2024 14:37:27.156 INFO [main] org.apache.catalina.startup.VersionLoggerListener.log Command line argument: -Djdk.tls.ephemeralDHKeySize=2048
07-Feb-2024 14:37:27.157 INFO [main] org.apache.catalina.startup.VersionLoggerListener.log Command line argument: -Djava.protocol.handler.pkgs=org.apache.catalina.webresources
07-Feb-2024 14:37:27.157 INFO [main] org.apache.catalina.startup.VersionLoggerListener.log Command line argument: --add-opens=java.base/java.lang=ALL-UNNAMED
07-Feb-2024 14:37:27.157 INFO [main] org.apache.catalina.startup.VersionLoggerListener.log Command line argument: --add-opens=java.base/java.io=ALL-UNNAMED
07-Feb-2024 14:37:27.157 INFO [main] org.apache.catalina.startup.VersionLoggerListener.log Command line argument: --add-opens=java.base/java.util=ALL-UNNAMED
07-Feb-2024 14:37:27.157 INFO [main] org.apache.catalina.startup.VersionLoggerListener.log Command line argument: --add-opens=java.base/java.util.concurrent=ALL-UNNAMED
07-Feb-2024 14:37:27.157 INFO [main] org.apache.catalina.startup.VersionLoggerListener.log Command line argument: --add-opens=java.rmi/sun.rmi.transport=ALL-UNNAMED
07-Feb-2024 14:37:27.157 INFO [main] org.apache.catalina.startup.VersionLoggerListener.log Command line argument: -Dcatalina.base=C:\git\javaTraining\apache-tomcat-10.1.17
07-Feb-2024 14:37:27.157 INFO [main] org.apache.catalina.startup.VersionLoggerListener.log Command line argument: -Dcatalina.home=C:\git\javaTraining\apache-tomcat-10.1.17
07-Feb-2024 14:37:27.158 INFO [main] org.apache.catalina.startup.VersionLoggerListener.log Command line argument: -Djava.io.tmpdir=C:\git\javaTraining\apache-tomcat-10.1.17\temp
07-Feb-2024 14:37:27.182 INFO [main] org.apache.catalina.core.AprLifecycleListener.lifecycleEvent Loaded Apache Tomcat Native library [2.0.6] using APR version [1.7.4].
07-Feb-2024 14:37:27.197 INFO [main] org.apache.catalina.core.AprLifecycleListener.initializeSSL OpenSSL successfully initialized [OpenSSL 3.0.11 19 Sep 2023]
07-Feb-2024 14:37:27.395 INFO [main] org.apache.coyote.AbstractProtocol.init Initializing ProtocolHandler ["http-nio-8080"]
07-Feb-2024 14:37:27.421 INFO [main] org.apache.catalina.startup.Catalina.load Server initialization in [462] milliseconds
07-Feb-2024 14:37:27.464 INFO [main] org.apache.catalina.core.StandardService.startInternal Starting service [Catalina]
07-Feb-2024 14:37:27.465 INFO [main] org.apache.catalina.core.StandardEngine.startInternal Starting Servlet engine: [Apache Tomcat/10.1.17]
07-Feb-2024 14:37:27.491 INFO [main] org.apache.catalina.startup.HostConfig.deployWAR Deploying web application archive [C:\git\javaTraining\apache-tomcat-10.1.17\webapps\webapp-form.war]
07-Feb-2024 14:37:28.077 INFO [main] org.apache.jasper.servlet.TldScanner.scanJars At least one JAR was scanned for TLDs yet contained no TLDs. Enable debug logging for this logger for a complete list of JARs that were scanned but no TLDs were found in them. Skipping unneeded JARs during scanning can improve startup time and JSP compilation time.
07-Feb-2024 14:37:28.153 INFO [main] org.apache.catalina.startup.HostConfig.deployWAR Deployment of web application archive [C:\git\javaTraining\apache-tomcat-10.1.17\webapps\webapp-form.war] has finished in [661] ms
07-Feb-2024 14:37:28.173 INFO [main] org.apache.catalina.startup.HostConfig.deployWAR Deploying web application archive [C:\git\javaTraining\apache-tomcat-10.1.17\webapps\WebApp.war]
07-Feb-2024 14:37:28.203 INFO [main] org.apache.catalina.startup.HostConfig.deployWAR Deployment of web application archive [C:\git\javaTraining\apache-tomcat-10.1.17\webapps\WebApp.war] has finished in [30] ms
07-Feb-2024 14:37:28.213 INFO [main] org.apache.catalina.startup.HostConfig.deployWAR Deploying web application archive [C:\git\javaTraining\apache-tomcat-10.1.17\webapps\WebApp2.war]
07-Feb-2024 14:37:28.513 INFO [main] org.apache.jasper.servlet.TldScanner.scanJars At least one JAR was scanned for TLDs yet contained no TLDs. Enable debug logging for this logger for a complete list of JARs that were scanned but no TLDs were found in them. Skipping unneeded JARs during scanning can improve startup time and JSP compilation time.
07-Feb-2024 14:37:28.516 INFO [main] org.apache.catalina.startup.HostConfig.deployWAR Deployment of web application archive [C:\git\javaTraining\apache-tomcat-10.1.17\webapps\WebApp2.war] has finished in [303] ms
07-Feb-2024 14:37:28.525 INFO [main] org.apache.catalina.startup.HostConfig.deployWAR Deploying web application archive [C:\git\javaTraining\apache-tomcat-10.1.17\webapps\WebAppCokies.war]
07-Feb-2024 14:37:29.020 INFO [main] org.apache.jasper.servlet.TldScanner.scanJars At least one JAR was scanned for TLDs yet contained no TLDs. Enable debug logging for this logger for a complete list of JARs that were scanned but no TLDs were found in them. Skipping unneeded JARs during scanning can improve startup time and JSP compilation time.
07-Feb-2024 14:37:29.024 INFO [main] org.apache.catalina.startup.HostConfig.deployWAR Deployment of web application archive [C:\git\javaTraining\apache-tomcat-10.1.17\webapps\WebAppCokies.war] has finished in [499] ms
07-Feb-2024 14:37:29.034 INFO [main] org.apache.catalina.startup.HostConfig.deployWAR Deploying web application archive [C:\git\javaTraining\apache-tomcat-10.1.17\webapps\WebAppCookie.war]
07-Feb-2024 14:37:29.537 INFO [main] org.apache.jasper.servlet.TldScanner.scanJars At least one JAR was scanned for TLDs yet contained no TLDs. Enable debug logging for this logger for a complete list of JARs that were scanned but no TLDs were found in them. Skipping unneeded JARs during scanning can improve startup time and JSP compilation time.
07-Feb-2024 14:37:29.540 INFO [main] org.apache.catalina.startup.HostConfig.deployWAR Deployment of web application archive [C:\git\javaTraining\apache-tomcat-10.1.17\webapps\WebAppCookie.war] has finished in [506] ms
07-Feb-2024 14:37:29.548 INFO [main] org.apache.catalina.startup.HostConfig.deployWAR Deploying web application archive [C:\git\javaTraining\apache-tomcat-10.1.17\webapps\WebAppHeaders.war]
07-Feb-2024 14:37:30.030 INFO [main] org.apache.jasper.servlet.TldScanner.scanJars At least one JAR was scanned for TLDs yet contained no TLDs. Enable debug logging for this logger for a complete list of JARs that were scanned but no TLDs were found in them. Skipping unneeded JARs during scanning can improve startup time and JSP compilation time.
07-Feb-2024 14:37:30.033 INFO [main] org.apache.catalina.startup.HostConfig.deployWAR Deployment of web application archive [C:\git\javaTraining\apache-tomcat-10.1.17\webapps\WebAppHeaders.war] has finished in [485] ms
07-Feb-2024 14:37:30.034 INFO [main] org.apache.catalina.startup.HostConfig.deployDirectory Deploying web application directory [C:\git\javaTraining\apache-tomcat-10.1.17\webapps\docs]
07-Feb-2024 14:37:30.071 INFO [main] org.apache.catalina.startup.HostConfig.deployDirectory Deployment of web application directory [C:\git\javaTraining\apache-tomcat-10.1.17\webapps\docs] has finished in [37] ms
07-Feb-2024 14:37:30.071 INFO [main] org.apache.catalina.startup.HostConfig.deployDirectory Deploying web application directory [C:\git\javaTraining\apache-tomcat-10.1.17\webapps\examples]
07-Feb-2024 14:37:31.102 INFO [main] org.apache.catalina.startup.HostConfig.deployDirectory Deployment of web application directory [C:\git\javaTraining\apache-tomcat-10.1.17\webapps\examples] has finished in [1,031] ms
07-Feb-2024 14:37:31.102 INFO [main] org.apache.catalina.startup.HostConfig.deployDirectory Deploying web application directory [C:\git\javaTraining\apache-tomcat-10.1.17\webapps\host-manager]
07-Feb-2024 14:37:31.151 INFO [main] org.apache.catalina.startup.HostConfig.deployDirectory Deployment of web application directory [C:\git\javaTraining\apache-tomcat-10.1.17\webapps\host-manager] has finished in [49] ms
07-Feb-2024 14:37:31.151 INFO [main] org.apache.catalina.startup.HostConfig.deployDirectory Deploying web application directory [C:\git\javaTraining\apache-tomcat-10.1.17\webapps\manager]
07-Feb-2024 14:37:31.195 INFO [main] org.apache.catalina.startup.HostConfig.deployDirectory Deployment of web application directory [C:\git\javaTraining\apache-tomcat-10.1.17\webapps\manager] has finished in [44] ms
07-Feb-2024 14:37:31.196 INFO [main] org.apache.catalina.startup.HostConfig.deployDirectory Deploying web application directory [C:\git\javaTraining\apache-tomcat-10.1.17\webapps\ROOT]
07-Feb-2024 14:37:31.220 INFO [main] org.apache.catalina.startup.HostConfig.deployDirectory Deployment of web application directory [C:\git\javaTraining\apache-tomcat-10.1.17\webapps\ROOT] has finished in [24] ms
07-Feb-2024 14:37:31.224 INFO [main] org.apache.coyote.AbstractProtocol.start Starting ProtocolHandler ["http-nio-8080"]
07-Feb-2024 14:37:31.271 INFO [main] org.apache.catalina.startup.Catalina.start Server startup in [3848] milliseconds
07-Feb-2024 15:02:19.187 INFO [main] org.apache.catalina.startup.VersionLoggerListener.log Server version name:   Apache Tomcat/10.1.17
07-Feb-2024 15:02:19.191 INFO [main] org.apache.catalina.startup.VersionLoggerListener.log Server built:          Dec 7 2023 23:31:38 UTC
07-Feb-2024 15:02:19.192 INFO [main] org.apache.catalina.startup.VersionLoggerListener.log Server version number: 10.1.17.0
07-Feb-2024 15:02:19.192 INFO [main] org.apache.catalina.startup.VersionLoggerListener.log OS Name:               Windows 11
07-Feb-2024 15:02:19.192 INFO [main] org.apache.catalina.startup.VersionLoggerListener.log OS Version:            10.0
07-Feb-2024 15:02:19.192 INFO [main] org.apache.catalina.startup.VersionLoggerListener.log Architecture:          amd64
07-Feb-2024 15:02:19.192 INFO [main] org.apache.catalina.startup.VersionLoggerListener.log Java Home:             C:\Users\carlo\.jdks\corretto-18.0.2
07-Feb-2024 15:02:19.192 INFO [main] org.apache.catalina.startup.VersionLoggerListener.log JVM Version:           18.0.2+9-FR
07-Feb-2024 15:02:19.192 INFO [main] org.apache.catalina.startup.VersionLoggerListener.log JVM Vendor:            Amazon.com Inc.
07-Feb-2024 15:02:19.192 INFO [main] org.apache.catalina.startup.VersionLoggerListener.log CATALINA_BASE:         C:\git\javaTraining\apache-tomcat-10.1.17
07-Feb-2024 15:02:19.193 INFO [main] org.apache.catalina.startup.VersionLoggerListener.log CATALINA_HOME:         C:\git\javaTraining\apache-tomcat-10.1.17
07-Feb-2024 15:02:19.202 INFO [main] org.apache.catalina.startup.VersionLoggerListener.log Command line argument: -Djava.util.logging.config.file=C:\git\javaTraining\apache-tomcat-10.1.17\conf\logging.properties
07-Feb-2024 15:02:19.202 INFO [main] org.apache.catalina.startup.VersionLoggerListener.log Command line argument: -Djava.util.logging.manager=org.apache.juli.ClassLoaderLogManager
07-Feb-2024 15:02:19.203 INFO [main] org.apache.catalina.startup.VersionLoggerListener.log Command line argument: -Djdk.tls.ephemeralDHKeySize=2048
07-Feb-2024 15:02:19.203 INFO [main] org.apache.catalina.startup.VersionLoggerListener.log Command line argument: -Djava.protocol.handler.pkgs=org.apache.catalina.webresources
07-Feb-2024 15:02:19.203 INFO [main] org.apache.catalina.startup.VersionLoggerListener.log Command line argument: --add-opens=java.base/java.lang=ALL-UNNAMED
07-Feb-2024 15:02:19.203 INFO [main] org.apache.catalina.startup.VersionLoggerListener.log Command line argument: --add-opens=java.base/java.io=ALL-UNNAMED
07-Feb-2024 15:02:19.203 INFO [main] org.apache.catalina.startup.VersionLoggerListener.log Command line argument: --add-opens=java.base/java.util=ALL-UNNAMED
07-Feb-2024 15:02:19.203 INFO [main] org.apache.catalina.startup.VersionLoggerListener.log Command line argument: --add-opens=java.base/java.util.concurrent=ALL-UNNAMED
07-Feb-2024 15:02:19.204 INFO [main] org.apache.catalina.startup.VersionLoggerListener.log Command line argument: --add-opens=java.rmi/sun.rmi.transport=ALL-UNNAMED
07-Feb-2024 15:02:19.204 INFO [main] org.apache.catalina.startup.VersionLoggerListener.log Command line argument: -Dcatalina.base=C:\git\javaTraining\apache-tomcat-10.1.17
07-Feb-2024 15:02:19.204 INFO [main] org.apache.catalina.startup.VersionLoggerListener.log Command line argument: -Dcatalina.home=C:\git\javaTraining\apache-tomcat-10.1.17
07-Feb-2024 15:02:19.204 INFO [main] org.apache.catalina.startup.VersionLoggerListener.log Command line argument: -Djava.io.tmpdir=C:\git\javaTraining\apache-tomcat-10.1.17\temp
07-Feb-2024 15:02:19.227 INFO [main] org.apache.catalina.core.AprLifecycleListener.lifecycleEvent Loaded Apache Tomcat Native library [2.0.6] using APR version [1.7.4].
07-Feb-2024 15:02:19.232 INFO [main] org.apache.catalina.core.AprLifecycleListener.initializeSSL OpenSSL successfully initialized [OpenSSL 3.0.11 19 Sep 2023]
07-Feb-2024 15:02:19.422 INFO [main] org.apache.coyote.AbstractProtocol.init Initializing ProtocolHandler ["http-nio-8080"]
07-Feb-2024 15:02:19.444 INFO [main] org.apache.catalina.startup.Catalina.load Server initialization in [420] milliseconds
07-Feb-2024 15:02:19.489 INFO [main] org.apache.catalina.core.StandardService.startInternal Starting service [Catalina]
07-Feb-2024 15:02:19.489 INFO [main] org.apache.catalina.core.StandardEngine.startInternal Starting Servlet engine: [Apache Tomcat/10.1.17]
07-Feb-2024 15:02:19.514 INFO [main] org.apache.catalina.startup.HostConfig.deployWAR Deploying web application archive [C:\git\javaTraining\apache-tomcat-10.1.17\webapps\webapp-form.war]
07-Feb-2024 15:02:20.069 INFO [main] org.apache.jasper.servlet.TldScanner.scanJars At least one JAR was scanned for TLDs yet contained no TLDs. Enable debug logging for this logger for a complete list of JARs that were scanned but no TLDs were found in them. Skipping unneeded JARs during scanning can improve startup time and JSP compilation time.
07-Feb-2024 15:02:20.139 INFO [main] org.apache.catalina.startup.HostConfig.deployWAR Deployment of web application archive [C:\git\javaTraining\apache-tomcat-10.1.17\webapps\webapp-form.war] has finished in [625] ms
07-Feb-2024 15:02:20.141 INFO [main] org.apache.catalina.startup.HostConfig.deployWAR Deploying web application archive [C:\git\javaTraining\apache-tomcat-10.1.17\webapps\WebApp.war]
07-Feb-2024 15:02:20.171 INFO [main] org.apache.catalina.startup.HostConfig.deployWAR Deployment of web application archive [C:\git\javaTraining\apache-tomcat-10.1.17\webapps\WebApp.war] has finished in [30] ms
07-Feb-2024 15:02:20.180 INFO [main] org.apache.catalina.startup.HostConfig.deployWAR Deploying web application archive [C:\git\javaTraining\apache-tomcat-10.1.17\webapps\WebApp2.war]
07-Feb-2024 15:02:20.465 INFO [main] org.apache.jasper.servlet.TldScanner.scanJars At least one JAR was scanned for TLDs yet contained no TLDs. Enable debug logging for this logger for a complete list of JARs that were scanned but no TLDs were found in them. Skipping unneeded JARs during scanning can improve startup time and JSP compilation time.
07-Feb-2024 15:02:20.468 INFO [main] org.apache.catalina.startup.HostConfig.deployWAR Deployment of web application archive [C:\git\javaTraining\apache-tomcat-10.1.17\webapps\WebApp2.war] has finished in [287] ms
07-Feb-2024 15:02:20.476 INFO [main] org.apache.catalina.startup.HostConfig.deployWAR Deploying web application archive [C:\git\javaTraining\apache-tomcat-10.1.17\webapps\WebAppCokies.war]
07-Feb-2024 15:02:21.051 INFO [main] org.apache.jasper.servlet.TldScanner.scanJars At least one JAR was scanned for TLDs yet contained no TLDs. Enable debug logging for this logger for a complete list of JARs that were scanned but no TLDs were found in them. Skipping unneeded JARs during scanning can improve startup time and JSP compilation time.
07-Feb-2024 15:02:21.054 INFO [main] org.apache.catalina.startup.HostConfig.deployWAR Deployment of web application archive [C:\git\javaTraining\apache-tomcat-10.1.17\webapps\WebAppCokies.war] has finished in [578] ms
07-Feb-2024 15:02:21.063 INFO [main] org.apache.catalina.startup.HostConfig.deployWAR Deploying web application archive [C:\git\javaTraining\apache-tomcat-10.1.17\webapps\WebAppCookie.war]
07-Feb-2024 15:02:21.590 INFO [main] org.apache.jasper.servlet.TldScanner.scanJars At least one JAR was scanned for TLDs yet contained no TLDs. Enable debug logging for this logger for a complete list of JARs that were scanned but no TLDs were found in them. Skipping unneeded JARs during scanning can improve startup time and JSP compilation time.
07-Feb-2024 15:02:21.593 INFO [main] org.apache.catalina.startup.HostConfig.deployWAR Deployment of web application archive [C:\git\javaTraining\apache-tomcat-10.1.17\webapps\WebAppCookie.war] has finished in [530] ms
07-Feb-2024 15:02:21.601 INFO [main] org.apache.catalina.startup.HostConfig.deployWAR Deploying web application archive [C:\git\javaTraining\apache-tomcat-10.1.17\webapps\WebAppHeaders.war]
07-Feb-2024 15:02:22.166 INFO [main] org.apache.jasper.servlet.TldScanner.scanJars At least one JAR was scanned for TLDs yet contained no TLDs. Enable debug logging for this logger for a complete list of JARs that were scanned but no TLDs were found in them. Skipping unneeded JARs during scanning can improve startup time and JSP compilation time.
07-Feb-2024 15:02:22.169 INFO [main] org.apache.catalina.startup.HostConfig.deployWAR Deployment of web application archive [C:\git\javaTraining\apache-tomcat-10.1.17\webapps\WebAppHeaders.war] has finished in [568] ms
07-Feb-2024 15:02:22.170 INFO [main] org.apache.catalina.startup.HostConfig.deployDirectory Deploying web application directory [C:\git\javaTraining\apache-tomcat-10.1.17\webapps\docs]
07-Feb-2024 15:02:22.208 INFO [main] org.apache.catalina.startup.HostConfig.deployDirectory Deployment of web application directory [C:\git\javaTraining\apache-tomcat-10.1.17\webapps\docs] has finished in [38] ms
07-Feb-2024 15:02:22.208 INFO [main] org.apache.catalina.startup.HostConfig.deployDirectory Deploying web application directory [C:\git\javaTraining\apache-tomcat-10.1.17\webapps\examples]
07-Feb-2024 15:02:23.160 INFO [main] org.apache.catalina.startup.HostConfig.deployDirectory Deployment of web application directory [C:\git\javaTraining\apache-tomcat-10.1.17\webapps\examples] has finished in [952] ms
07-Feb-2024 15:02:23.160 INFO [main] org.apache.catalina.startup.HostConfig.deployDirectory Deploying web application directory [C:\git\javaTraining\apache-tomcat-10.1.17\webapps\host-manager]
07-Feb-2024 15:02:23.207 INFO [main] org.apache.catalina.startup.HostConfig.deployDirectory Deployment of web application directory [C:\git\javaTraining\apache-tomcat-10.1.17\webapps\host-manager] has finished in [47] ms
07-Feb-2024 15:02:23.208 INFO [main] org.apache.catalina.startup.HostConfig.deployDirectory Deploying web application directory [C:\git\javaTraining\apache-tomcat-10.1.17\webapps\manager]
07-Feb-2024 15:02:23.257 INFO [main] org.apache.catalina.startup.HostConfig.deployDirectory Deployment of web application directory [C:\git\javaTraining\apache-tomcat-10.1.17\webapps\manager] has finished in [49] ms
07-Feb-2024 15:02:23.257 INFO [main] org.apache.catalina.startup.HostConfig.deployDirectory Deploying web application directory [C:\git\javaTraining\apache-tomcat-10.1.17\webapps\ROOT]
07-Feb-2024 15:02:23.292 INFO [main] org.apache.catalina.startup.HostConfig.deployDirectory Deployment of web application directory [C:\git\javaTraining\apache-tomcat-10.1.17\webapps\ROOT] has finished in [34] ms
07-Feb-2024 15:02:23.296 INFO [main] org.apache.coyote.AbstractProtocol.start Starting ProtocolHandler ["http-nio-8080"]
07-Feb-2024 15:02:23.340 INFO [main] org.apache.catalina.startup.Catalina.start Server startup in [3894] milliseconds
07-Feb-2024 15:02:32.936 INFO [http-nio-8080-exec-1] org.apache.catalina.startup.HostConfig.deployWAR Deploying web application archive [C:\git\javaTraining\apache-tomcat-10.1.17\webapps\WebAppSession.war]
07-Feb-2024 15:02:33.419 INFO [http-nio-8080-exec-1] org.apache.jasper.servlet.TldScanner.scanJars At least one JAR was scanned for TLDs yet contained no TLDs. Enable debug logging for this logger for a complete list of JARs that were scanned but no TLDs were found in them. Skipping unneeded JARs during scanning can improve startup time and JSP compilation time.
07-Feb-2024 15:02:33.422 INFO [http-nio-8080-exec-1] org.apache.catalina.startup.HostConfig.deployWAR Deployment of web application archive [C:\git\javaTraining\apache-tomcat-10.1.17\webapps\WebAppSession.war] has finished in [485] ms
07-Feb-2024 15:44:12.216 INFO [http-nio-8080-exec-1] org.apache.catalina.startup.HostConfig.undeploy Undeploying context [/WebAppSession]
07-Feb-2024 15:44:12.250 INFO [http-nio-8080-exec-1] org.apache.catalina.startup.HostConfig.deployWAR Deploying web application archive [C:\git\javaTraining\apache-tomcat-10.1.17\webapps\WebAppSession.war]
07-Feb-2024 15:44:12.810 INFO [http-nio-8080-exec-1] org.apache.jasper.servlet.TldScanner.scanJars At least one JAR was scanned for TLDs yet contained no TLDs. Enable debug logging for this logger for a complete list of JARs that were scanned but no TLDs were found in them. Skipping unneeded JARs during scanning can improve startup time and JSP compilation time.
07-Feb-2024 15:44:12.813 INFO [http-nio-8080-exec-1] org.apache.catalina.startup.HostConfig.deployWAR Deployment of web application archive [C:\git\javaTraining\apache-tomcat-10.1.17\webapps\WebAppSession.war] has finished in [563] ms
