30-Jan-2024 16:31:48.789 INFO [main] org.apache.catalina.startup.VersionLoggerListener.log Server version name:   Apache Tomcat/10.1.17
30-Jan-2024 16:31:48.792 INFO [main] org.apache.catalina.startup.VersionLoggerListener.log Server built:          Dec 7 2023 23:31:38 UTC
30-Jan-2024 16:31:48.792 INFO [main] org.apache.catalina.startup.VersionLoggerListener.log Server version number: 10.1.17.0
30-Jan-2024 16:31:48.792 INFO [main] org.apache.catalina.startup.VersionLoggerListener.log OS Name:               Windows 11
30-Jan-2024 16:31:48.792 INFO [main] org.apache.catalina.startup.VersionLoggerListener.log OS Version:            10.0
30-Jan-2024 16:31:48.792 INFO [main] org.apache.catalina.startup.VersionLoggerListener.log Architecture:          amd64
30-Jan-2024 16:31:48.793 INFO [main] org.apache.catalina.startup.VersionLoggerListener.log Java Home:             C:\Users\carlo\.jdks\corretto-18.0.2
30-Jan-2024 16:31:48.793 INFO [main] org.apache.catalina.startup.VersionLoggerListener.log JVM Version:           18.0.2+9-FR
30-Jan-2024 16:31:48.793 INFO [main] org.apache.catalina.startup.VersionLoggerListener.log JVM Vendor:            Amazon.com Inc.
30-Jan-2024 16:31:48.793 INFO [main] org.apache.catalina.startup.VersionLoggerListener.log CATALINA_BASE:         C:\git\javaTraining\apache-tomcat-10.1.17
30-Jan-2024 16:31:48.793 INFO [main] org.apache.catalina.startup.VersionLoggerListener.log CATALINA_HOME:         C:\git\javaTraining\apache-tomcat-10.1.17
30-Jan-2024 16:31:48.799 INFO [main] org.apache.catalina.startup.VersionLoggerListener.log Command line argument: -Djava.util.logging.config.file=C:\git\javaTraining\apache-tomcat-10.1.17\conf\logging.properties
30-Jan-2024 16:31:48.799 INFO [main] org.apache.catalina.startup.VersionLoggerListener.log Command line argument: -Djava.util.logging.manager=org.apache.juli.ClassLoaderLogManager
30-Jan-2024 16:31:48.799 INFO [main] org.apache.catalina.startup.VersionLoggerListener.log Command line argument: -Djdk.tls.ephemeralDHKeySize=2048
30-Jan-2024 16:31:48.800 INFO [main] org.apache.catalina.startup.VersionLoggerListener.log Command line argument: -Djava.protocol.handler.pkgs=org.apache.catalina.webresources
30-Jan-2024 16:31:48.800 INFO [main] org.apache.catalina.startup.VersionLoggerListener.log Command line argument: --add-opens=java.base/java.lang=ALL-UNNAMED
30-Jan-2024 16:31:48.800 INFO [main] org.apache.catalina.startup.VersionLoggerListener.log Command line argument: --add-opens=java.base/java.io=ALL-UNNAMED
30-Jan-2024 16:31:48.800 INFO [main] org.apache.catalina.startup.VersionLoggerListener.log Command line argument: --add-opens=java.base/java.util=ALL-UNNAMED
30-Jan-2024 16:31:48.800 INFO [main] org.apache.catalina.startup.VersionLoggerListener.log Command line argument: --add-opens=java.base/java.util.concurrent=ALL-UNNAMED
30-Jan-2024 16:31:48.800 INFO [main] org.apache.catalina.startup.VersionLoggerListener.log Command line argument: --add-opens=java.rmi/sun.rmi.transport=ALL-UNNAMED
30-Jan-2024 16:31:48.800 INFO [main] org.apache.catalina.startup.VersionLoggerListener.log Command line argument: -Dcatalina.base=C:\git\javaTraining\apache-tomcat-10.1.17
30-Jan-2024 16:31:48.801 INFO [main] org.apache.catalina.startup.VersionLoggerListener.log Command line argument: -Dcatalina.home=C:\git\javaTraining\apache-tomcat-10.1.17
30-Jan-2024 16:31:48.801 INFO [main] org.apache.catalina.startup.VersionLoggerListener.log Command line argument: -Djava.io.tmpdir=C:\git\javaTraining\apache-tomcat-10.1.17\temp
30-Jan-2024 16:31:48.823 INFO [main] org.apache.catalina.core.AprLifecycleListener.lifecycleEvent Loaded Apache Tomcat Native library [2.0.6] using APR version [1.7.4].
30-Jan-2024 16:31:48.829 INFO [main] org.apache.catalina.core.AprLifecycleListener.initializeSSL OpenSSL successfully initialized [OpenSSL 3.0.11 19 Sep 2023]
30-Jan-2024 16:31:49.007 INFO [main] org.apache.coyote.AbstractProtocol.init Initializing ProtocolHandler ["http-nio-8080"]
30-Jan-2024 16:31:49.029 INFO [main] org.apache.catalina.startup.Catalina.load Server initialization in [384] milliseconds
30-Jan-2024 16:31:49.075 INFO [main] org.apache.catalina.core.StandardService.startInternal Starting service [Catalina]
30-Jan-2024 16:31:49.075 INFO [main] org.apache.catalina.core.StandardEngine.startInternal Starting Servlet engine: [Apache Tomcat/10.1.17]
30-Jan-2024 16:31:49.099 INFO [main] org.apache.catalina.startup.HostConfig.deployWAR Deploying web application archive [C:\git\javaTraining\apache-tomcat-10.1.17\webapps\webapp-form.war]
30-Jan-2024 16:31:49.669 INFO [main] org.apache.jasper.servlet.TldScanner.scanJars At least one JAR was scanned for TLDs yet contained no TLDs. Enable debug logging for this logger for a complete list of JARs that were scanned but no TLDs were found in them. Skipping unneeded JARs during scanning can improve startup time and JSP compilation time.
30-Jan-2024 16:31:49.744 INFO [main] org.apache.catalina.startup.HostConfig.deployWAR Deployment of web application archive [C:\git\javaTraining\apache-tomcat-10.1.17\webapps\webapp-form.war] has finished in [645] ms
30-Jan-2024 16:31:49.761 INFO [main] org.apache.catalina.startup.HostConfig.deployWAR Deploying web application archive [C:\git\javaTraining\apache-tomcat-10.1.17\webapps\WebApp.war]
30-Jan-2024 16:31:49.788 INFO [main] org.apache.catalina.startup.HostConfig.deployWAR Deployment of web application archive [C:\git\javaTraining\apache-tomcat-10.1.17\webapps\WebApp.war] has finished in [27] ms
30-Jan-2024 16:31:49.797 INFO [main] org.apache.catalina.startup.HostConfig.deployWAR Deploying web application archive [C:\git\javaTraining\apache-tomcat-10.1.17\webapps\WebApp2.war]
30-Jan-2024 16:31:50.086 INFO [main] org.apache.jasper.servlet.TldScanner.scanJars At least one JAR was scanned for TLDs yet contained no TLDs. Enable debug logging for this logger for a complete list of JARs that were scanned but no TLDs were found in them. Skipping unneeded JARs during scanning can improve startup time and JSP compilation time.
30-Jan-2024 16:31:50.090 INFO [main] org.apache.catalina.startup.HostConfig.deployWAR Deployment of web application archive [C:\git\javaTraining\apache-tomcat-10.1.17\webapps\WebApp2.war] has finished in [291] ms
30-Jan-2024 16:31:50.099 INFO [main] org.apache.catalina.startup.HostConfig.deployWAR Deploying web application archive [C:\git\javaTraining\apache-tomcat-10.1.17\webapps\WebAppHeaders.war]
30-Jan-2024 16:31:50.583 INFO [main] org.apache.jasper.servlet.TldScanner.scanJars At least one JAR was scanned for TLDs yet contained no TLDs. Enable debug logging for this logger for a complete list of JARs that were scanned but no TLDs were found in them. Skipping unneeded JARs during scanning can improve startup time and JSP compilation time.
30-Jan-2024 16:31:50.586 INFO [main] org.apache.catalina.startup.HostConfig.deployWAR Deployment of web application archive [C:\git\javaTraining\apache-tomcat-10.1.17\webapps\WebAppHeaders.war] has finished in [487] ms
30-Jan-2024 16:31:50.586 INFO [main] org.apache.catalina.startup.HostConfig.deployDirectory Deploying web application directory [C:\git\javaTraining\apache-tomcat-10.1.17\webapps\docs]
30-Jan-2024 16:31:50.623 INFO [main] org.apache.catalina.startup.HostConfig.deployDirectory Deployment of web application directory [C:\git\javaTraining\apache-tomcat-10.1.17\webapps\docs] has finished in [37] ms
30-Jan-2024 16:31:50.623 INFO [main] org.apache.catalina.startup.HostConfig.deployDirectory Deploying web application directory [C:\git\javaTraining\apache-tomcat-10.1.17\webapps\examples]
30-Jan-2024 16:31:51.590 INFO [main] org.apache.catalina.startup.HostConfig.deployDirectory Deployment of web application directory [C:\git\javaTraining\apache-tomcat-10.1.17\webapps\examples] has finished in [967] ms
30-Jan-2024 16:31:51.591 INFO [main] org.apache.catalina.startup.HostConfig.deployDirectory Deploying web application directory [C:\git\javaTraining\apache-tomcat-10.1.17\webapps\host-manager]
30-Jan-2024 16:31:51.636 INFO [main] org.apache.catalina.startup.HostConfig.deployDirectory Deployment of web application directory [C:\git\javaTraining\apache-tomcat-10.1.17\webapps\host-manager] has finished in [45] ms
30-Jan-2024 16:31:51.636 INFO [main] org.apache.catalina.startup.HostConfig.deployDirectory Deploying web application directory [C:\git\javaTraining\apache-tomcat-10.1.17\webapps\manager]
30-Jan-2024 16:31:51.679 INFO [main] org.apache.catalina.startup.HostConfig.deployDirectory Deployment of web application directory [C:\git\javaTraining\apache-tomcat-10.1.17\webapps\manager] has finished in [43] ms
30-Jan-2024 16:31:51.679 INFO [main] org.apache.catalina.startup.HostConfig.deployDirectory Deploying web application directory [C:\git\javaTraining\apache-tomcat-10.1.17\webapps\ROOT]
30-Jan-2024 16:31:51.703 INFO [main] org.apache.catalina.startup.HostConfig.deployDirectory Deployment of web application directory [C:\git\javaTraining\apache-tomcat-10.1.17\webapps\ROOT] has finished in [24] ms
30-Jan-2024 16:31:51.706 INFO [main] org.apache.coyote.AbstractProtocol.start Starting ProtocolHandler ["http-nio-8080"]
30-Jan-2024 16:31:51.749 INFO [main] org.apache.catalina.startup.Catalina.start Server startup in [2719] milliseconds
30-Jan-2024 16:31:59.357 INFO [http-nio-8080-exec-1] org.apache.catalina.startup.HostConfig.undeploy Undeploying context [/WebAppHeaders]
30-Jan-2024 16:31:59.389 INFO [http-nio-8080-exec-1] org.apache.catalina.startup.HostConfig.deployWAR Deploying web application archive [C:\git\javaTraining\apache-tomcat-10.1.17\webapps\WebAppHeaders.war]
30-Jan-2024 16:31:59.850 INFO [http-nio-8080-exec-1] org.apache.jasper.servlet.TldScanner.scanJars At least one JAR was scanned for TLDs yet contained no TLDs. Enable debug logging for this logger for a complete list of JARs that were scanned but no TLDs were found in them. Skipping unneeded JARs during scanning can improve startup time and JSP compilation time.
30-Jan-2024 16:31:59.853 INFO [http-nio-8080-exec-1] org.apache.catalina.startup.HostConfig.deployWAR Deployment of web application archive [C:\git\javaTraining\apache-tomcat-10.1.17\webapps\WebAppHeaders.war] has finished in [464] ms
30-Jan-2024 16:32:22.019 INFO [http-nio-8080-exec-8] org.apache.catalina.startup.HostConfig.undeploy Undeploying context [/WebAppHeaders]
30-Jan-2024 16:32:22.042 INFO [http-nio-8080-exec-8] org.apache.catalina.startup.HostConfig.deployWAR Deploying web application archive [C:\git\javaTraining\apache-tomcat-10.1.17\webapps\WebAppHeaders.war]
30-Jan-2024 16:32:22.485 INFO [http-nio-8080-exec-8] org.apache.jasper.servlet.TldScanner.scanJars At least one JAR was scanned for TLDs yet contained no TLDs. Enable debug logging for this logger for a complete list of JARs that were scanned but no TLDs were found in them. Skipping unneeded JARs during scanning can improve startup time and JSP compilation time.
30-Jan-2024 16:32:22.488 INFO [http-nio-8080-exec-8] org.apache.catalina.startup.HostConfig.deployWAR Deployment of web application archive [C:\git\javaTraining\apache-tomcat-10.1.17\webapps\WebAppHeaders.war] has finished in [445] ms
30-Jan-2024 16:37:21.958 INFO [http-nio-8080-exec-20] org.apache.catalina.startup.HostConfig.undeploy Undeploying context [/WebAppHeaders]
30-Jan-2024 16:37:21.981 INFO [http-nio-8080-exec-20] org.apache.catalina.startup.HostConfig.deployWAR Deploying web application archive [C:\git\javaTraining\apache-tomcat-10.1.17\webapps\WebAppHeaders.war]
30-Jan-2024 16:37:22.414 INFO [http-nio-8080-exec-20] org.apache.jasper.servlet.TldScanner.scanJars At least one JAR was scanned for TLDs yet contained no TLDs. Enable debug logging for this logger for a complete list of JARs that were scanned but no TLDs were found in them. Skipping unneeded JARs during scanning can improve startup time and JSP compilation time.
30-Jan-2024 16:37:22.416 INFO [http-nio-8080-exec-20] org.apache.catalina.startup.HostConfig.deployWAR Deployment of web application archive [C:\git\javaTraining\apache-tomcat-10.1.17\webapps\WebAppHeaders.war] has finished in [435] ms
30-Jan-2024 16:37:35.742 INFO [http-nio-8080-exec-27] org.apache.catalina.startup.HostConfig.undeploy Undeploying context [/WebAppHeaders]
30-Jan-2024 16:37:35.765 INFO [http-nio-8080-exec-27] org.apache.catalina.startup.HostConfig.deployWAR Deploying web application archive [C:\git\javaTraining\apache-tomcat-10.1.17\webapps\WebAppHeaders.war]
30-Jan-2024 16:37:36.231 INFO [http-nio-8080-exec-27] org.apache.jasper.servlet.TldScanner.scanJars At least one JAR was scanned for TLDs yet contained no TLDs. Enable debug logging for this logger for a complete list of JARs that were scanned but no TLDs were found in them. Skipping unneeded JARs during scanning can improve startup time and JSP compilation time.
30-Jan-2024 16:37:36.233 INFO [http-nio-8080-exec-27] org.apache.catalina.startup.HostConfig.deployWAR Deployment of web application archive [C:\git\javaTraining\apache-tomcat-10.1.17\webapps\WebAppHeaders.war] has finished in [468] ms
30-Jan-2024 16:50:33.556 INFO [http-nio-8080-exec-38] org.apache.catalina.startup.HostConfig.undeploy Undeploying context [/WebAppHeaders]
30-Jan-2024 16:50:33.577 INFO [http-nio-8080-exec-38] org.apache.catalina.startup.HostConfig.deployWAR Deploying web application archive [C:\git\javaTraining\apache-tomcat-10.1.17\webapps\WebAppHeaders.war]
30-Jan-2024 16:50:34.020 INFO [http-nio-8080-exec-38] org.apache.jasper.servlet.TldScanner.scanJars At least one JAR was scanned for TLDs yet contained no TLDs. Enable debug logging for this logger for a complete list of JARs that were scanned but no TLDs were found in them. Skipping unneeded JARs during scanning can improve startup time and JSP compilation time.
30-Jan-2024 16:50:34.022 INFO [http-nio-8080-exec-38] org.apache.catalina.startup.HostConfig.deployWAR Deployment of web application archive [C:\git\javaTraining\apache-tomcat-10.1.17\webapps\WebAppHeaders.war] has finished in [445] ms
30-Jan-2024 17:10:55.924 INFO [http-nio-8080-exec-48] org.apache.catalina.startup.HostConfig.undeploy Undeploying context [/WebAppHeaders]
30-Jan-2024 17:10:55.944 INFO [http-nio-8080-exec-48] org.apache.catalina.startup.HostConfig.deployWAR Deploying web application archive [C:\git\javaTraining\apache-tomcat-10.1.17\webapps\WebAppHeaders.war]
30-Jan-2024 17:10:56.388 INFO [http-nio-8080-exec-48] org.apache.jasper.servlet.TldScanner.scanJars At least one JAR was scanned for TLDs yet contained no TLDs. Enable debug logging for this logger for a complete list of JARs that were scanned but no TLDs were found in them. Skipping unneeded JARs during scanning can improve startup time and JSP compilation time.
30-Jan-2024 17:10:56.390 INFO [http-nio-8080-exec-48] org.apache.catalina.startup.HostConfig.deployWAR Deployment of web application archive [C:\git\javaTraining\apache-tomcat-10.1.17\webapps\WebAppHeaders.war] has finished in [446] ms
30-Jan-2024 17:12:28.846 INFO [http-nio-8080-exec-57] org.apache.catalina.startup.HostConfig.undeploy Undeploying context [/WebAppHeaders]
30-Jan-2024 17:12:28.868 INFO [http-nio-8080-exec-57] org.apache.catalina.startup.HostConfig.deployWAR Deploying web application archive [C:\git\javaTraining\apache-tomcat-10.1.17\webapps\WebAppHeaders.war]
30-Jan-2024 17:12:29.347 INFO [http-nio-8080-exec-57] org.apache.jasper.servlet.TldScanner.scanJars At least one JAR was scanned for TLDs yet contained no TLDs. Enable debug logging for this logger for a complete list of JARs that were scanned but no TLDs were found in them. Skipping unneeded JARs during scanning can improve startup time and JSP compilation time.
30-Jan-2024 17:12:29.349 INFO [http-nio-8080-exec-57] org.apache.catalina.startup.HostConfig.deployWAR Deployment of web application archive [C:\git\javaTraining\apache-tomcat-10.1.17\webapps\WebAppHeaders.war] has finished in [481] ms
30-Jan-2024 17:32:30.898 INFO [http-nio-8080-exec-62] org.apache.catalina.startup.HostConfig.undeploy Undeploying context [/WebAppHeaders]
30-Jan-2024 17:32:30.921 INFO [http-nio-8080-exec-62] org.apache.catalina.startup.HostConfig.deployWAR Deploying web application archive [C:\git\javaTraining\apache-tomcat-10.1.17\webapps\WebAppHeaders.war]
30-Jan-2024 17:32:31.377 INFO [http-nio-8080-exec-62] org.apache.jasper.servlet.TldScanner.scanJars At least one JAR was scanned for TLDs yet contained no TLDs. Enable debug logging for this logger for a complete list of JARs that were scanned but no TLDs were found in them. Skipping unneeded JARs during scanning can improve startup time and JSP compilation time.
30-Jan-2024 17:32:31.380 INFO [http-nio-8080-exec-62] org.apache.catalina.startup.HostConfig.deployWAR Deployment of web application archive [C:\git\javaTraining\apache-tomcat-10.1.17\webapps\WebAppHeaders.war] has finished in [459] ms
30-Jan-2024 17:32:49.426 INFO [http-nio-8080-exec-67] org.apache.catalina.startup.HostConfig.undeploy Undeploying context [/WebAppHeaders]
30-Jan-2024 17:32:49.447 INFO [http-nio-8080-exec-67] org.apache.catalina.startup.HostConfig.deployWAR Deploying web application archive [C:\git\javaTraining\apache-tomcat-10.1.17\webapps\WebAppHeaders.war]
30-Jan-2024 17:32:49.895 INFO [http-nio-8080-exec-67] org.apache.jasper.servlet.TldScanner.scanJars At least one JAR was scanned for TLDs yet contained no TLDs. Enable debug logging for this logger for a complete list of JARs that were scanned but no TLDs were found in them. Skipping unneeded JARs during scanning can improve startup time and JSP compilation time.
30-Jan-2024 17:32:49.897 INFO [http-nio-8080-exec-67] org.apache.catalina.startup.HostConfig.deployWAR Deployment of web application archive [C:\git\javaTraining\apache-tomcat-10.1.17\webapps\WebAppHeaders.war] has finished in [450] ms
30-Jan-2024 18:05:39.636 INFO [http-nio-8080-exec-80] org.apache.catalina.startup.HostConfig.undeploy Undeploying context [/WebAppHeaders]
30-Jan-2024 18:05:39.661 INFO [http-nio-8080-exec-80] org.apache.catalina.startup.HostConfig.deployWAR Deploying web application archive [C:\git\javaTraining\apache-tomcat-10.1.17\webapps\WebAppHeaders.war]
30-Jan-2024 18:05:40.138 INFO [http-nio-8080-exec-80] org.apache.jasper.servlet.TldScanner.scanJars At least one JAR was scanned for TLDs yet contained no TLDs. Enable debug logging for this logger for a complete list of JARs that were scanned but no TLDs were found in them. Skipping unneeded JARs during scanning can improve startup time and JSP compilation time.
30-Jan-2024 18:05:40.140 INFO [http-nio-8080-exec-80] org.apache.catalina.startup.HostConfig.deployWAR Deployment of web application archive [C:\git\javaTraining\apache-tomcat-10.1.17\webapps\WebAppHeaders.war] has finished in [479] ms
30-Jan-2024 18:06:12.079 INFO [http-nio-8080-exec-74] org.apache.catalina.startup.HostConfig.undeploy Undeploying context [/WebAppHeaders]
30-Jan-2024 18:06:12.154 INFO [http-nio-8080-exec-74] org.apache.catalina.startup.HostConfig.deployWAR Deploying web application archive [C:\git\javaTraining\apache-tomcat-10.1.17\webapps\WebAppHeaders.war]
30-Jan-2024 18:06:12.777 INFO [http-nio-8080-exec-74] org.apache.jasper.servlet.TldScanner.scanJars At least one JAR was scanned for TLDs yet contained no TLDs. Enable debug logging for this logger for a complete list of JARs that were scanned but no TLDs were found in them. Skipping unneeded JARs during scanning can improve startup time and JSP compilation time.
30-Jan-2024 18:06:12.780 INFO [http-nio-8080-exec-74] org.apache.catalina.startup.HostConfig.deployWAR Deployment of web application archive [C:\git\javaTraining\apache-tomcat-10.1.17\webapps\WebAppHeaders.war] has finished in [626] ms
30-Jan-2024 18:07:57.655 INFO [http-nio-8080-exec-88] org.apache.catalina.startup.HostConfig.undeploy Undeploying context [/WebAppHeaders]
30-Jan-2024 18:07:57.676 INFO [http-nio-8080-exec-88] org.apache.catalina.startup.HostConfig.deployWAR Deploying web application archive [C:\git\javaTraining\apache-tomcat-10.1.17\webapps\WebAppHeaders.war]
30-Jan-2024 18:07:58.116 INFO [http-nio-8080-exec-88] org.apache.jasper.servlet.TldScanner.scanJars At least one JAR was scanned for TLDs yet contained no TLDs. Enable debug logging for this logger for a complete list of JARs that were scanned but no TLDs were found in them. Skipping unneeded JARs during scanning can improve startup time and JSP compilation time.
30-Jan-2024 18:07:58.119 INFO [http-nio-8080-exec-88] org.apache.catalina.startup.HostConfig.deployWAR Deployment of web application archive [C:\git\javaTraining\apache-tomcat-10.1.17\webapps\WebAppHeaders.war] has finished in [443] ms
30-Jan-2024 18:11:28.566 INFO [http-nio-8080-exec-92] org.apache.catalina.startup.HostConfig.undeploy Undeploying context [/WebAppHeaders]
30-Jan-2024 18:11:28.588 INFO [http-nio-8080-exec-92] org.apache.catalina.startup.HostConfig.deployWAR Deploying web application archive [C:\git\javaTraining\apache-tomcat-10.1.17\webapps\WebAppHeaders.war]
30-Jan-2024 18:11:29.027 INFO [http-nio-8080-exec-92] org.apache.jasper.servlet.TldScanner.scanJars At least one JAR was scanned for TLDs yet contained no TLDs. Enable debug logging for this logger for a complete list of JARs that were scanned but no TLDs were found in them. Skipping unneeded JARs during scanning can improve startup time and JSP compilation time.
30-Jan-2024 18:11:29.028 INFO [http-nio-8080-exec-92] org.apache.catalina.startup.HostConfig.deployWAR Deployment of web application archive [C:\git\javaTraining\apache-tomcat-10.1.17\webapps\WebAppHeaders.war] has finished in [441] ms
30-Jan-2024 18:13:23.630 INFO [http-nio-8080-exec-99] org.apache.catalina.startup.HostConfig.undeploy Undeploying context [/WebAppHeaders]
30-Jan-2024 18:13:23.658 INFO [http-nio-8080-exec-99] org.apache.catalina.startup.HostConfig.deployWAR Deploying web application archive [C:\git\javaTraining\apache-tomcat-10.1.17\webapps\WebAppHeaders.war]
30-Jan-2024 18:13:24.128 INFO [http-nio-8080-exec-99] org.apache.jasper.servlet.TldScanner.scanJars At least one JAR was scanned for TLDs yet contained no TLDs. Enable debug logging for this logger for a complete list of JARs that were scanned but no TLDs were found in them. Skipping unneeded JARs during scanning can improve startup time and JSP compilation time.
30-Jan-2024 18:13:24.130 INFO [http-nio-8080-exec-99] org.apache.catalina.startup.HostConfig.deployWAR Deployment of web application archive [C:\git\javaTraining\apache-tomcat-10.1.17\webapps\WebAppHeaders.war] has finished in [472] ms
30-Jan-2024 18:13:47.315 INFO [http-nio-8080-exec-87] org.apache.catalina.startup.HostConfig.undeploy Undeploying context [/WebAppHeaders]
30-Jan-2024 18:13:47.337 INFO [http-nio-8080-exec-87] org.apache.catalina.startup.HostConfig.deployWAR Deploying web application archive [C:\git\javaTraining\apache-tomcat-10.1.17\webapps\WebAppHeaders.war]
30-Jan-2024 18:13:47.776 INFO [http-nio-8080-exec-87] org.apache.jasper.servlet.TldScanner.scanJars At least one JAR was scanned for TLDs yet contained no TLDs. Enable debug logging for this logger for a complete list of JARs that were scanned but no TLDs were found in them. Skipping unneeded JARs during scanning can improve startup time and JSP compilation time.
30-Jan-2024 18:13:47.778 INFO [http-nio-8080-exec-87] org.apache.catalina.startup.HostConfig.deployWAR Deployment of web application archive [C:\git\javaTraining\apache-tomcat-10.1.17\webapps\WebAppHeaders.war] has finished in [441] ms
30-Jan-2024 18:15:02.921 INFO [http-nio-8080-exec-108] org.apache.catalina.startup.HostConfig.undeploy Undeploying context [/WebAppHeaders]
30-Jan-2024 18:15:02.943 INFO [http-nio-8080-exec-108] org.apache.catalina.startup.HostConfig.deployWAR Deploying web application archive [C:\git\javaTraining\apache-tomcat-10.1.17\webapps\WebAppHeaders.war]
30-Jan-2024 18:15:03.442 INFO [http-nio-8080-exec-108] org.apache.jasper.servlet.TldScanner.scanJars At least one JAR was scanned for TLDs yet contained no TLDs. Enable debug logging for this logger for a complete list of JARs that were scanned but no TLDs were found in them. Skipping unneeded JARs during scanning can improve startup time and JSP compilation time.
30-Jan-2024 18:15:03.444 INFO [http-nio-8080-exec-108] org.apache.catalina.startup.HostConfig.deployWAR Deployment of web application archive [C:\git\javaTraining\apache-tomcat-10.1.17\webapps\WebAppHeaders.war] has finished in [501] ms
