13-Feb-2024 11:28:54.942 INFO [main] org.apache.catalina.core.ApplicationContext.log ContextListener: contextInitialized()
13-Feb-2024 11:28:54.942 INFO [main] org.apache.catalina.core.ApplicationContext.log SessionListener: contextInitialized()
13-Feb-2024 11:28:54.944 INFO [main] org.apache.catalina.core.ApplicationContext.log ContextListener: attributeAdded('StockTicker', 'async.Stockticker@3569f0f1')
13-Feb-2024 11:29:22.687 INFO [http-nio-8080-exec-1] org.apache.catalina.core.ApplicationContext.log inicializando la aplicacion
13-Feb-2024 11:29:27.317 INFO [http-nio-8080-exec-6] org.apache.catalina.core.ApplicationContext.log inicializando el request
13-Feb-2024 11:29:27.322 INFO [http-nio-8080-exec-6] org.apache.catalina.core.ApplicationContext.log Destruyendo el request
13-Feb-2024 11:32:12.697 INFO [http-nio-8080-exec-11] org.apache.catalina.core.ApplicationContext.log inicializando el request
13-Feb-2024 11:32:12.703 INFO [http-nio-8080-exec-11] org.apache.catalina.core.ApplicationContext.log creando la sesion http
13-Feb-2024 11:32:12.706 INFO [http-nio-8080-exec-11] org.apache.catalina.core.ApplicationContext.log Destruyendo el request
13-Feb-2024 11:32:16.229 INFO [http-nio-8080-exec-12] org.apache.catalina.core.ApplicationContext.log inicializando el request
13-Feb-2024 11:32:16.955 SEVERE [http-nio-8080-exec-12] org.apache.catalina.core.StandardWrapperValve.invoke Servlet.service() for servlet [Cabeceras.controllers.LoginServlet] in context with path [/WebAppCarritoCompras] threw exception
	java.lang.IllegalStateException: Cannot forward after response has been committed
		at org.apache.catalina.core.ApplicationDispatcher.doForward(ApplicationDispatcher.java:285)
		at org.apache.catalina.core.ApplicationDispatcher.forward(ApplicationDispatcher.java:277)
		at Cabeceras.controllers.LoginServlet.doGet(LoginServlet.java:47)
		at jakarta.servlet.http.HttpServlet.service(HttpServlet.java:564)
		at jakarta.servlet.http.HttpServlet.service(HttpServlet.java:658)
		at org.apache.catalina.core.ApplicationFilterChain.internalDoFilter(ApplicationFilterChain.java:205)
		at org.apache.catalina.core.ApplicationFilterChain.doFilter(ApplicationFilterChain.java:149)
		at org.apache.tomcat.websocket.server.WsFilter.doFilter(WsFilter.java:51)
		at org.apache.catalina.core.ApplicationFilterChain.internalDoFilter(ApplicationFilterChain.java:174)
		at org.apache.catalina.core.ApplicationFilterChain.doFilter(ApplicationFilterChain.java:149)
		at org.apache.catalina.core.StandardWrapperValve.invoke(StandardWrapperValve.java:167)
		at org.apache.catalina.core.StandardContextValve.invoke(StandardContextValve.java:90)
		at org.apache.catalina.authenticator.AuthenticatorBase.invoke(AuthenticatorBase.java:482)
		at org.apache.catalina.core.StandardHostValve.invoke(StandardHostValve.java:115)
		at org.apache.catalina.valves.ErrorReportValve.invoke(ErrorReportValve.java:93)
		at org.apache.catalina.valves.AbstractAccessLogValve.invoke(AbstractAccessLogValve.java:673)
		at org.apache.catalina.core.StandardEngineValve.invoke(StandardEngineValve.java:74)
		at org.apache.catalina.connector.CoyoteAdapter.service(CoyoteAdapter.java:340)
		at org.apache.coyote.http11.Http11Processor.service(Http11Processor.java:391)
		at org.apache.coyote.AbstractProcessorLight.process(AbstractProcessorLight.java:63)
		at org.apache.coyote.AbstractProtocol$ConnectionHandler.process(AbstractProtocol.java:896)
		at org.apache.tomcat.util.net.NioEndpoint$SocketProcessor.doRun(NioEndpoint.java:1744)
		at org.apache.tomcat.util.net.SocketProcessorBase.run(SocketProcessorBase.java:52)
		at org.apache.tomcat.util.threads.ThreadPoolExecutor.runWorker(ThreadPoolExecutor.java:1191)
		at org.apache.tomcat.util.threads.ThreadPoolExecutor$Worker.run(ThreadPoolExecutor.java:659)
		at org.apache.tomcat.util.threads.TaskThread$WrappingRunnable.run(TaskThread.java:61)
		at java.base/java.lang.Thread.run(Thread.java:833)
13-Feb-2024 11:32:16.955 INFO [http-nio-8080-exec-12] org.apache.catalina.core.ApplicationContext.log Destruyendo el request
13-Feb-2024 11:32:18.330 INFO [http-nio-8080-exec-13] org.apache.catalina.core.ApplicationContext.log inicializando el request
13-Feb-2024 11:32:18.332 INFO [http-nio-8080-exec-13] org.apache.catalina.core.ApplicationContext.log Destruyendo el request
13-Feb-2024 11:32:21.708 INFO [http-nio-8080-exec-14] org.apache.catalina.core.ApplicationContext.log inicializando el request
13-Feb-2024 11:32:21.708 INFO [http-nio-8080-exec-14] org.apache.catalina.core.ApplicationContext.log destruyendo la sesion http
13-Feb-2024 11:32:21.708 INFO [http-nio-8080-exec-14] org.apache.catalina.core.ApplicationContext.log Destruyendo el request
13-Feb-2024 11:32:21.710 INFO [http-nio-8080-exec-15] org.apache.catalina.core.ApplicationContext.log inicializando el request
13-Feb-2024 11:32:21.712 INFO [http-nio-8080-exec-15] org.apache.catalina.core.ApplicationContext.log creando la sesion http
13-Feb-2024 11:32:21.712 INFO [http-nio-8080-exec-15] org.apache.catalina.core.ApplicationContext.log Destruyendo el request
13-Feb-2024 11:32:24.406 INFO [http-nio-8080-exec-16] org.apache.catalina.core.ApplicationContext.log inicializando el request
13-Feb-2024 11:32:24.407 INFO [http-nio-8080-exec-16] org.apache.catalina.core.ApplicationContext.log Destruyendo el request
13-Feb-2024 11:32:31.365 INFO [http-nio-8080-exec-17] org.apache.catalina.core.ApplicationContext.log inicializando el request
13-Feb-2024 11:32:31.366 INFO [http-nio-8080-exec-17] org.apache.catalina.core.ApplicationContext.log Destruyendo el request
13-Feb-2024 11:32:34.674 INFO [http-nio-8080-exec-18] org.apache.catalina.core.ApplicationContext.log inicializando el request
13-Feb-2024 11:32:34.674 INFO [http-nio-8080-exec-18] org.apache.catalina.core.ApplicationContext.log Destruyendo el request
13-Feb-2024 11:32:36.566 INFO [http-nio-8080-exec-11] org.apache.catalina.core.ApplicationContext.log inicializando el request
13-Feb-2024 11:32:36.569 INFO [http-nio-8080-exec-11] org.apache.catalina.core.ApplicationContext.log Destruyendo el request
13-Feb-2024 11:32:36.571 INFO [http-nio-8080-exec-12] org.apache.catalina.core.ApplicationContext.log inicializando el request
13-Feb-2024 11:32:36.713 INFO [http-nio-8080-exec-12] org.apache.catalina.core.ApplicationContext.log Destruyendo el request
13-Feb-2024 11:32:38.779 INFO [http-nio-8080-exec-14] org.apache.catalina.core.ApplicationContext.log inicializando el request
13-Feb-2024 11:32:38.780 INFO [http-nio-8080-exec-14] org.apache.catalina.core.ApplicationContext.log Destruyendo el request
13-Feb-2024 12:03:17.603 INFO [Catalina-utility-2] org.apache.catalina.core.ApplicationContext.log destruyendo la sesion http
13-Feb-2024 14:55:50.036 INFO [main] org.apache.catalina.core.ApplicationContext.log inicializando la aplicacion
13-Feb-2024 14:55:52.962 INFO [main] org.apache.catalina.core.ApplicationContext.log ContextListener: contextInitialized()
13-Feb-2024 14:55:52.962 INFO [main] org.apache.catalina.core.ApplicationContext.log SessionListener: contextInitialized()
13-Feb-2024 14:55:52.963 INFO [main] org.apache.catalina.core.ApplicationContext.log ContextListener: attributeAdded('StockTicker', 'async.Stockticker@993bc47')
13-Feb-2024 15:13:12.056 INFO [http-nio-8080-exec-1] org.apache.catalina.core.ApplicationContext.log Destruyendo la aplicacion
13-Feb-2024 15:13:12.614 INFO [http-nio-8080-exec-1] org.apache.catalina.core.ApplicationContext.log inicializando la aplicacion
13-Feb-2024 15:13:39.823 INFO [http-nio-8080-exec-4] org.apache.catalina.core.ApplicationContext.log inicializando el request
13-Feb-2024 15:13:39.828 INFO [http-nio-8080-exec-4] org.apache.catalina.core.ApplicationContext.log creando la sesion http
13-Feb-2024 15:13:39.833 INFO [http-nio-8080-exec-4] org.apache.catalina.core.ApplicationContext.log Destruyendo el request
13-Feb-2024 15:15:20.439 INFO [http-nio-8080-exec-11] org.apache.catalina.core.ApplicationContext.log destruyendo la sesion http
13-Feb-2024 15:15:20.440 INFO [http-nio-8080-exec-11] org.apache.catalina.core.ApplicationContext.log Destruyendo la aplicacion
13-Feb-2024 15:15:20.929 INFO [http-nio-8080-exec-11] org.apache.catalina.core.ApplicationContext.log inicializando la aplicacion
13-Feb-2024 15:15:27.014 INFO [http-nio-8080-exec-18] org.apache.catalina.core.ApplicationContext.log inicializando el request
13-Feb-2024 15:15:27.017 INFO [http-nio-8080-exec-18] org.apache.catalina.core.ApplicationContext.log creando la sesion http
13-Feb-2024 15:15:27.019 INFO [http-nio-8080-exec-18] org.apache.catalina.core.ApplicationContext.log Destruyendo el request
13-Feb-2024 15:46:16.822 INFO [Catalina-utility-1] org.apache.catalina.core.ApplicationContext.log destruyendo la sesion http
13-Feb-2024 16:06:25.503 INFO [http-nio-8080-exec-21] org.apache.catalina.core.ApplicationContext.log Destruyendo la aplicacion
13-Feb-2024 16:06:26.011 INFO [http-nio-8080-exec-21] org.apache.catalina.core.ApplicationContext.log inicializando la aplicacion
13-Feb-2024 16:06:30.180 INFO [http-nio-8080-exec-29] org.apache.catalina.core.ApplicationContext.log inicializando el request
13-Feb-2024 16:06:30.183 INFO [http-nio-8080-exec-29] org.apache.catalina.core.ApplicationContext.log creando la sesion http
13-Feb-2024 16:06:30.185 INFO [http-nio-8080-exec-29] org.apache.catalina.core.ApplicationContext.log Destruyendo el request
13-Feb-2024 16:06:51.056 INFO [http-nio-8080-exec-26] org.apache.catalina.core.ApplicationContext.log inicializando el request
13-Feb-2024 16:06:51.057 INFO [http-nio-8080-exec-26] org.apache.catalina.core.ApplicationContext.log Destruyendo el request
13-Feb-2024 16:07:36.349 INFO [http-nio-8080-exec-31] org.apache.catalina.core.ApplicationContext.log inicializando el request
13-Feb-2024 16:07:37.077 SEVERE [http-nio-8080-exec-31] org.apache.catalina.core.StandardWrapperValve.invoke Servlet.service() for servlet [Cabeceras.controllers.LoginServlet] in context with path [/WebAppCarritoCompras] threw exception
	java.lang.IllegalStateException: Cannot forward after response has been committed
		at org.apache.catalina.core.ApplicationDispatcher.doForward(ApplicationDispatcher.java:285)
		at org.apache.catalina.core.ApplicationDispatcher.forward(ApplicationDispatcher.java:277)
		at Cabeceras.controllers.LoginServlet.doGet(LoginServlet.java:47)
		at jakarta.servlet.http.HttpServlet.service(HttpServlet.java:564)
		at jakarta.servlet.http.HttpServlet.service(HttpServlet.java:658)
		at org.apache.catalina.core.ApplicationFilterChain.internalDoFilter(ApplicationFilterChain.java:205)
		at org.apache.catalina.core.ApplicationFilterChain.doFilter(ApplicationFilterChain.java:149)
		at org.apache.tomcat.websocket.server.WsFilter.doFilter(WsFilter.java:51)
		at org.apache.catalina.core.ApplicationFilterChain.internalDoFilter(ApplicationFilterChain.java:174)
		at org.apache.catalina.core.ApplicationFilterChain.doFilter(ApplicationFilterChain.java:149)
		at org.apache.catalina.core.StandardWrapperValve.invoke(StandardWrapperValve.java:167)
		at org.apache.catalina.core.StandardContextValve.invoke(StandardContextValve.java:90)
		at org.apache.catalina.authenticator.AuthenticatorBase.invoke(AuthenticatorBase.java:482)
		at org.apache.catalina.core.StandardHostValve.invoke(StandardHostValve.java:115)
		at org.apache.catalina.valves.ErrorReportValve.invoke(ErrorReportValve.java:93)
		at org.apache.catalina.valves.AbstractAccessLogValve.invoke(AbstractAccessLogValve.java:673)
		at org.apache.catalina.core.StandardEngineValve.invoke(StandardEngineValve.java:74)
		at org.apache.catalina.connector.CoyoteAdapter.service(CoyoteAdapter.java:340)
		at org.apache.coyote.http11.Http11Processor.service(Http11Processor.java:391)
		at org.apache.coyote.AbstractProcessorLight.process(AbstractProcessorLight.java:63)
		at org.apache.coyote.AbstractProtocol$ConnectionHandler.process(AbstractProtocol.java:896)
		at org.apache.tomcat.util.net.NioEndpoint$SocketProcessor.doRun(NioEndpoint.java:1744)
		at org.apache.tomcat.util.net.SocketProcessorBase.run(SocketProcessorBase.java:52)
		at org.apache.tomcat.util.threads.ThreadPoolExecutor.runWorker(ThreadPoolExecutor.java:1191)
		at org.apache.tomcat.util.threads.ThreadPoolExecutor$Worker.run(ThreadPoolExecutor.java:659)
		at org.apache.tomcat.util.threads.TaskThread$WrappingRunnable.run(TaskThread.java:61)
		at java.base/java.lang.Thread.run(Thread.java:833)
13-Feb-2024 16:07:37.077 INFO [http-nio-8080-exec-31] org.apache.catalina.core.ApplicationContext.log Destruyendo el request
13-Feb-2024 16:07:38.282 INFO [http-nio-8080-exec-32] org.apache.catalina.core.ApplicationContext.log inicializando el request
13-Feb-2024 16:07:38.284 INFO [http-nio-8080-exec-32] org.apache.catalina.core.ApplicationContext.log Destruyendo el request
13-Feb-2024 16:07:41.796 INFO [http-nio-8080-exec-33] org.apache.catalina.core.ApplicationContext.log inicializando el request
13-Feb-2024 16:07:41.932 INFO [http-nio-8080-exec-33] org.apache.catalina.core.ApplicationContext.log Destruyendo el request
13-Feb-2024 16:35:51.984 INFO [http-nio-8080-exec-36] org.apache.catalina.core.ApplicationContext.log destruyendo la sesion http
13-Feb-2024 16:35:51.984 INFO [http-nio-8080-exec-36] org.apache.catalina.core.ApplicationContext.log Destruyendo la aplicacion
13-Feb-2024 16:35:52.500 INFO [http-nio-8080-exec-36] org.apache.catalina.core.ApplicationContext.log inicializando la aplicacion
13-Feb-2024 16:36:05.931 INFO [http-nio-8080-exec-37] org.apache.catalina.core.ApplicationContext.log inicializando el request
13-Feb-2024 16:36:05.934 INFO [http-nio-8080-exec-37] org.apache.catalina.core.ApplicationContext.log creando la sesion http
13-Feb-2024 16:36:05.937 INFO [http-nio-8080-exec-37] org.apache.catalina.core.ApplicationContext.log Destruyendo el request
13-Feb-2024 16:36:12.467 INFO [http-nio-8080-exec-35] org.apache.catalina.core.ApplicationContext.log inicializando el request
13-Feb-2024 16:36:12.467 INFO [http-nio-8080-exec-35] org.apache.catalina.core.ApplicationContext.log Destruyendo el request
13-Feb-2024 16:36:46.671 INFO [http-nio-8080-exec-31] org.apache.catalina.core.ApplicationContext.log destruyendo la sesion http
13-Feb-2024 16:36:46.671 INFO [http-nio-8080-exec-31] org.apache.catalina.core.ApplicationContext.log Destruyendo la aplicacion
13-Feb-2024 16:36:47.192 INFO [http-nio-8080-exec-31] org.apache.catalina.core.ApplicationContext.log inicializando la aplicacion
13-Feb-2024 16:36:54.059 INFO [http-nio-8080-exec-41] org.apache.catalina.core.ApplicationContext.log inicializando el request
13-Feb-2024 16:36:54.059 INFO [http-nio-8080-exec-41] org.apache.catalina.core.ApplicationContext.log Destruyendo el request
13-Feb-2024 16:37:00.535 INFO [http-nio-8080-exec-46] org.apache.catalina.core.ApplicationContext.log inicializando el request
13-Feb-2024 16:37:00.537 INFO [http-nio-8080-exec-46] org.apache.catalina.core.ApplicationContext.log creando la sesion http
13-Feb-2024 16:37:00.620 SEVERE [http-nio-8080-exec-46] org.apache.catalina.core.StandardWrapperValve.invoke Servlet.service() for servlet [Cabeceras.controllers.LoginServlet] in context with path [/WebAppCarritoCompras] threw exception
	java.lang.IllegalStateException: Cannot forward after response has been committed
		at org.apache.catalina.core.ApplicationDispatcher.doForward(ApplicationDispatcher.java:285)
		at org.apache.catalina.core.ApplicationDispatcher.forward(ApplicationDispatcher.java:277)
		at Cabeceras.controllers.LoginServlet.doGet(LoginServlet.java:47)
		at jakarta.servlet.http.HttpServlet.service(HttpServlet.java:564)
		at jakarta.servlet.http.HttpServlet.service(HttpServlet.java:658)
		at org.apache.catalina.core.ApplicationFilterChain.internalDoFilter(ApplicationFilterChain.java:205)
		at org.apache.catalina.core.ApplicationFilterChain.doFilter(ApplicationFilterChain.java:149)
		at org.apache.tomcat.websocket.server.WsFilter.doFilter(WsFilter.java:51)
		at org.apache.catalina.core.ApplicationFilterChain.internalDoFilter(ApplicationFilterChain.java:174)
		at org.apache.catalina.core.ApplicationFilterChain.doFilter(ApplicationFilterChain.java:149)
		at org.apache.catalina.core.StandardWrapperValve.invoke(StandardWrapperValve.java:167)
		at org.apache.catalina.core.StandardContextValve.invoke(StandardContextValve.java:90)
		at org.apache.catalina.authenticator.AuthenticatorBase.invoke(AuthenticatorBase.java:482)
		at org.apache.catalina.core.StandardHostValve.invoke(StandardHostValve.java:115)
		at org.apache.catalina.valves.ErrorReportValve.invoke(ErrorReportValve.java:93)
		at org.apache.catalina.valves.AbstractAccessLogValve.invoke(AbstractAccessLogValve.java:673)
		at org.apache.catalina.core.StandardEngineValve.invoke(StandardEngineValve.java:74)
		at org.apache.catalina.connector.CoyoteAdapter.service(CoyoteAdapter.java:340)
		at org.apache.coyote.http11.Http11Processor.service(Http11Processor.java:391)
		at org.apache.coyote.AbstractProcessorLight.process(AbstractProcessorLight.java:63)
		at org.apache.coyote.AbstractProtocol$ConnectionHandler.process(AbstractProtocol.java:896)
		at org.apache.tomcat.util.net.NioEndpoint$SocketProcessor.doRun(NioEndpoint.java:1744)
		at org.apache.tomcat.util.net.SocketProcessorBase.run(SocketProcessorBase.java:52)
		at org.apache.tomcat.util.threads.ThreadPoolExecutor.runWorker(ThreadPoolExecutor.java:1191)
		at org.apache.tomcat.util.threads.ThreadPoolExecutor$Worker.run(ThreadPoolExecutor.java:659)
		at org.apache.tomcat.util.threads.TaskThread$WrappingRunnable.run(TaskThread.java:61)
		at java.base/java.lang.Thread.run(Thread.java:833)
13-Feb-2024 16:37:00.620 INFO [http-nio-8080-exec-46] org.apache.catalina.core.ApplicationContext.log Destruyendo el request
13-Feb-2024 16:37:02.180 INFO [http-nio-8080-exec-39] org.apache.catalina.core.ApplicationContext.log inicializando el request
13-Feb-2024 16:37:02.181 INFO [http-nio-8080-exec-39] org.apache.catalina.core.ApplicationContext.log Destruyendo el request
13-Feb-2024 16:37:06.770 INFO [http-nio-8080-exec-42] org.apache.catalina.core.ApplicationContext.log inicializando el request
13-Feb-2024 16:37:06.770 INFO [http-nio-8080-exec-42] org.apache.catalina.core.ApplicationContext.log Destruyendo el request
13-Feb-2024 16:38:45.399 INFO [http-nio-8080-exec-47] org.apache.catalina.core.ApplicationContext.log destruyendo la sesion http
13-Feb-2024 16:38:45.399 INFO [http-nio-8080-exec-47] org.apache.catalina.core.ApplicationContext.log Destruyendo la aplicacion
13-Feb-2024 16:38:45.893 INFO [http-nio-8080-exec-47] org.apache.catalina.core.ApplicationContext.log inicializando la aplicacion
13-Feb-2024 16:38:49.612 INFO [http-nio-8080-exec-50] org.apache.catalina.core.ApplicationContext.log inicializando el request
13-Feb-2024 16:38:49.612 INFO [http-nio-8080-exec-50] org.apache.catalina.core.ApplicationContext.log Destruyendo el request
13-Feb-2024 16:41:33.835 INFO [http-nio-8080-exec-57] org.apache.catalina.core.ApplicationContext.log Destruyendo la aplicacion
13-Feb-2024 16:41:34.336 INFO [http-nio-8080-exec-57] org.apache.catalina.core.ApplicationContext.log inicializando la aplicacion
13-Feb-2024 16:41:41.967 INFO [http-nio-8080-exec-64] org.apache.catalina.core.ApplicationContext.log inicializando el request
13-Feb-2024 16:41:41.967 INFO [http-nio-8080-exec-64] org.apache.catalina.core.ApplicationContext.log Destruyendo el request
13-Feb-2024 16:43:40.052 INFO [http-nio-8080-exec-65] org.apache.catalina.core.ApplicationContext.log Destruyendo la aplicacion
13-Feb-2024 16:43:40.563 INFO [http-nio-8080-exec-65] org.apache.catalina.core.ApplicationContext.log inicializando la aplicacion
13-Feb-2024 16:43:45.771 INFO [http-nio-8080-exec-71] org.apache.catalina.core.ApplicationContext.log inicializando el request
13-Feb-2024 16:43:45.771 INFO [http-nio-8080-exec-71] org.apache.catalina.core.ApplicationContext.log Destruyendo el request
13-Feb-2024 16:45:10.710 INFO [http-nio-8080-exec-73] org.apache.catalina.core.ApplicationContext.log inicializando el request
13-Feb-2024 16:45:10.712 INFO [http-nio-8080-exec-73] org.apache.catalina.core.ApplicationContext.log creando la sesion http
13-Feb-2024 16:45:10.712 INFO [http-nio-8080-exec-73] org.apache.catalina.core.ApplicationContext.log Destruyendo el request
13-Feb-2024 16:45:33.913 INFO [http-nio-8080-exec-76] org.apache.catalina.core.ApplicationContext.log inicializando el request
13-Feb-2024 16:45:33.993 SEVERE [http-nio-8080-exec-76] org.apache.catalina.core.StandardWrapperValve.invoke Servlet.service() for servlet [Cabeceras.controllers.LoginServlet] in context with path [/WebAppCarritoCompras] threw exception
	java.lang.IllegalStateException: Cannot forward after response has been committed
		at org.apache.catalina.core.ApplicationDispatcher.doForward(ApplicationDispatcher.java:285)
		at org.apache.catalina.core.ApplicationDispatcher.forward(ApplicationDispatcher.java:277)
		at Cabeceras.controllers.LoginServlet.doGet(LoginServlet.java:47)
		at jakarta.servlet.http.HttpServlet.service(HttpServlet.java:564)
		at jakarta.servlet.http.HttpServlet.service(HttpServlet.java:658)
		at org.apache.catalina.core.ApplicationFilterChain.internalDoFilter(ApplicationFilterChain.java:205)
		at org.apache.catalina.core.ApplicationFilterChain.doFilter(ApplicationFilterChain.java:149)
		at org.apache.tomcat.websocket.server.WsFilter.doFilter(WsFilter.java:51)
		at org.apache.catalina.core.ApplicationFilterChain.internalDoFilter(ApplicationFilterChain.java:174)
		at org.apache.catalina.core.ApplicationFilterChain.doFilter(ApplicationFilterChain.java:149)
		at org.apache.catalina.core.StandardWrapperValve.invoke(StandardWrapperValve.java:167)
		at org.apache.catalina.core.StandardContextValve.invoke(StandardContextValve.java:90)
		at org.apache.catalina.authenticator.AuthenticatorBase.invoke(AuthenticatorBase.java:482)
		at org.apache.catalina.core.StandardHostValve.invoke(StandardHostValve.java:115)
		at org.apache.catalina.valves.ErrorReportValve.invoke(ErrorReportValve.java:93)
		at org.apache.catalina.valves.AbstractAccessLogValve.invoke(AbstractAccessLogValve.java:673)
		at org.apache.catalina.core.StandardEngineValve.invoke(StandardEngineValve.java:74)
		at org.apache.catalina.connector.CoyoteAdapter.service(CoyoteAdapter.java:340)
		at org.apache.coyote.http11.Http11Processor.service(Http11Processor.java:391)
		at org.apache.coyote.AbstractProcessorLight.process(AbstractProcessorLight.java:63)
		at org.apache.coyote.AbstractProtocol$ConnectionHandler.process(AbstractProtocol.java:896)
		at org.apache.tomcat.util.net.NioEndpoint$SocketProcessor.doRun(NioEndpoint.java:1744)
		at org.apache.tomcat.util.net.SocketProcessorBase.run(SocketProcessorBase.java:52)
		at org.apache.tomcat.util.threads.ThreadPoolExecutor.runWorker(ThreadPoolExecutor.java:1191)
		at org.apache.tomcat.util.threads.ThreadPoolExecutor$Worker.run(ThreadPoolExecutor.java:659)
		at org.apache.tomcat.util.threads.TaskThread$WrappingRunnable.run(TaskThread.java:61)
		at java.base/java.lang.Thread.run(Thread.java:833)
13-Feb-2024 16:45:33.993 INFO [http-nio-8080-exec-76] org.apache.catalina.core.ApplicationContext.log Destruyendo el request
13-Feb-2024 16:45:35.095 INFO [http-nio-8080-exec-77] org.apache.catalina.core.ApplicationContext.log inicializando el request
13-Feb-2024 16:45:35.096 INFO [http-nio-8080-exec-77] org.apache.catalina.core.ApplicationContext.log Destruyendo el request
13-Feb-2024 16:45:40.221 INFO [http-nio-8080-exec-78] org.apache.catalina.core.ApplicationContext.log inicializando el request
13-Feb-2024 16:45:40.221 INFO [http-nio-8080-exec-78] org.apache.catalina.core.ApplicationContext.log Destruyendo el request
13-Feb-2024 16:45:43.813 INFO [http-nio-8080-exec-79] org.apache.catalina.core.ApplicationContext.log inicializando el request
13-Feb-2024 16:45:43.926 INFO [http-nio-8080-exec-79] org.apache.catalina.core.ApplicationContext.log Destruyendo el request
13-Feb-2024 16:45:51.543 INFO [http-nio-8080-exec-73] org.apache.catalina.core.ApplicationContext.log inicializando el request
13-Feb-2024 16:45:51.544 SEVERE [http-nio-8080-exec-73] org.apache.catalina.core.StandardWrapperValve.invoke Servlet.service() for servlet [Cabeceras.controllers.AgregarCarroServlet] in context with path [/WebAppCarritoCompras] threw exception
	java.lang.NumberFormatException: Cannot parse null string
		at java.base/java.lang.Long.parseLong(Long.java:674)
		at java.base/java.lang.Long.parseLong(Long.java:834)
		at Cabeceras.controllers.AgregarCarroServlet.doGet(AgregarCarroServlet.java:23)
		at jakarta.servlet.http.HttpServlet.service(HttpServlet.java:564)
		at jakarta.servlet.http.HttpServlet.service(HttpServlet.java:658)
		at org.apache.catalina.core.ApplicationFilterChain.internalDoFilter(ApplicationFilterChain.java:205)
		at org.apache.catalina.core.ApplicationFilterChain.doFilter(ApplicationFilterChain.java:149)
		at org.apache.tomcat.websocket.server.WsFilter.doFilter(WsFilter.java:51)
		at org.apache.catalina.core.ApplicationFilterChain.internalDoFilter(ApplicationFilterChain.java:174)
		at org.apache.catalina.core.ApplicationFilterChain.doFilter(ApplicationFilterChain.java:149)
		at Cabeceras.filters.LoginFiltro.doFilter(LoginFiltro.java:20)
		at org.apache.catalina.core.ApplicationFilterChain.internalDoFilter(ApplicationFilterChain.java:174)
		at org.apache.catalina.core.ApplicationFilterChain.doFilter(ApplicationFilterChain.java:149)
		at org.apache.catalina.core.StandardWrapperValve.invoke(StandardWrapperValve.java:167)
		at org.apache.catalina.core.StandardContextValve.invoke(StandardContextValve.java:90)
		at org.apache.catalina.authenticator.AuthenticatorBase.invoke(AuthenticatorBase.java:482)
		at org.apache.catalina.core.StandardHostValve.invoke(StandardHostValve.java:115)
		at org.apache.catalina.valves.ErrorReportValve.invoke(ErrorReportValve.java:93)
		at org.apache.catalina.valves.AbstractAccessLogValve.invoke(AbstractAccessLogValve.java:673)
		at org.apache.catalina.core.StandardEngineValve.invoke(StandardEngineValve.java:74)
		at org.apache.catalina.connector.CoyoteAdapter.service(CoyoteAdapter.java:340)
		at org.apache.coyote.http11.Http11Processor.service(Http11Processor.java:391)
		at org.apache.coyote.AbstractProcessorLight.process(AbstractProcessorLight.java:63)
		at org.apache.coyote.AbstractProtocol$ConnectionHandler.process(AbstractProtocol.java:896)
		at org.apache.tomcat.util.net.NioEndpoint$SocketProcessor.doRun(NioEndpoint.java:1744)
		at org.apache.tomcat.util.net.SocketProcessorBase.run(SocketProcessorBase.java:52)
		at org.apache.tomcat.util.threads.ThreadPoolExecutor.runWorker(ThreadPoolExecutor.java:1191)
		at org.apache.tomcat.util.threads.ThreadPoolExecutor$Worker.run(ThreadPoolExecutor.java:659)
		at org.apache.tomcat.util.threads.TaskThread$WrappingRunnable.run(TaskThread.java:61)
		at java.base/java.lang.Thread.run(Thread.java:833)
13-Feb-2024 16:45:51.544 INFO [http-nio-8080-exec-73] org.apache.catalina.core.ApplicationContext.log Destruyendo el request
13-Feb-2024 16:45:59.540 INFO [http-nio-8080-exec-75] org.apache.catalina.core.ApplicationContext.log inicializando el request
13-Feb-2024 16:45:59.543 INFO [http-nio-8080-exec-75] org.apache.catalina.core.ApplicationContext.log Destruyendo el request
13-Feb-2024 16:46:00.738 INFO [http-nio-8080-exec-76] org.apache.catalina.core.ApplicationContext.log inicializando el request
13-Feb-2024 16:46:00.741 INFO [http-nio-8080-exec-76] org.apache.catalina.core.ApplicationContext.log Destruyendo el request
13-Feb-2024 16:46:03.153 INFO [http-nio-8080-exec-77] org.apache.catalina.core.ApplicationContext.log inicializando el request
13-Feb-2024 16:46:03.154 INFO [http-nio-8080-exec-77] org.apache.catalina.core.ApplicationContext.log Destruyendo el request
13-Feb-2024 16:46:03.156 INFO [http-nio-8080-exec-72] org.apache.catalina.core.ApplicationContext.log inicializando el request
13-Feb-2024 16:46:03.158 INFO [http-nio-8080-exec-72] org.apache.catalina.core.ApplicationContext.log Destruyendo el request
13-Feb-2024 16:46:14.202 INFO [http-nio-8080-exec-67] org.apache.catalina.core.ApplicationContext.log inicializando el request
13-Feb-2024 16:46:14.202 INFO [http-nio-8080-exec-67] org.apache.catalina.core.ApplicationContext.log Destruyendo el request
13-Feb-2024 16:46:17.011 INFO [http-nio-8080-exec-80] org.apache.catalina.core.ApplicationContext.log inicializando el request
13-Feb-2024 16:46:17.012 INFO [http-nio-8080-exec-80] org.apache.catalina.core.ApplicationContext.log Destruyendo el request
13-Feb-2024 16:46:17.013 INFO [http-nio-8080-exec-78] org.apache.catalina.core.ApplicationContext.log inicializando el request
13-Feb-2024 16:46:17.014 INFO [http-nio-8080-exec-78] org.apache.catalina.core.ApplicationContext.log Destruyendo el request
13-Feb-2024 16:46:19.687 INFO [http-nio-8080-exec-79] org.apache.catalina.core.ApplicationContext.log inicializando el request
13-Feb-2024 16:46:19.688 INFO [http-nio-8080-exec-79] org.apache.catalina.core.ApplicationContext.log Destruyendo el request
13-Feb-2024 16:46:22.182 INFO [http-nio-8080-exec-74] org.apache.catalina.core.ApplicationContext.log inicializando el request
13-Feb-2024 16:46:22.182 INFO [http-nio-8080-exec-74] org.apache.catalina.core.ApplicationContext.log Destruyendo el request
13-Feb-2024 16:46:22.185 INFO [http-nio-8080-exec-75] org.apache.catalina.core.ApplicationContext.log inicializando el request
13-Feb-2024 16:46:22.186 INFO [http-nio-8080-exec-75] org.apache.catalina.core.ApplicationContext.log Destruyendo el request
13-Feb-2024 16:46:25.668 INFO [http-nio-8080-exec-76] org.apache.catalina.core.ApplicationContext.log inicializando el request
13-Feb-2024 16:46:25.668 INFO [http-nio-8080-exec-76] org.apache.catalina.core.ApplicationContext.log Destruyendo el request
13-Feb-2024 16:46:26.490 INFO [http-nio-8080-exec-77] org.apache.catalina.core.ApplicationContext.log inicializando el request
13-Feb-2024 16:46:26.491 INFO [http-nio-8080-exec-77] org.apache.catalina.core.ApplicationContext.log Destruyendo el request
13-Feb-2024 16:46:26.492 INFO [http-nio-8080-exec-81] org.apache.catalina.core.ApplicationContext.log inicializando el request
13-Feb-2024 16:46:26.493 INFO [http-nio-8080-exec-81] org.apache.catalina.core.ApplicationContext.log Destruyendo el request
13-Feb-2024 16:46:30.647 INFO [http-nio-8080-exec-82] org.apache.catalina.core.ApplicationContext.log inicializando el request
13-Feb-2024 16:46:30.648 INFO [http-nio-8080-exec-82] org.apache.catalina.core.ApplicationContext.log Destruyendo el request
13-Feb-2024 16:46:31.840 INFO [http-nio-8080-exec-80] org.apache.catalina.core.ApplicationContext.log inicializando el request
13-Feb-2024 16:46:31.840 SEVERE [http-nio-8080-exec-80] org.apache.catalina.core.StandardWrapperValve.invoke Servlet.service() for servlet [Cabeceras.controllers.DeleteCarroServlet] in context with path [/WebAppCarritoCompras] threw exception
	java.lang.NullPointerException: Cannot invoke "Cabeceras.models.Producto.setId(java.lang.Long)" because "producto" is null
		at Cabeceras.models.Carro.deleteItemCarro(Carro.java:36)
		at Cabeceras.controllers.DeleteCarroServlet.doGet(DeleteCarroServlet.java:37)
		at jakarta.servlet.http.HttpServlet.service(HttpServlet.java:564)
		at jakarta.servlet.http.HttpServlet.service(HttpServlet.java:658)
		at org.apache.catalina.core.ApplicationFilterChain.internalDoFilter(ApplicationFilterChain.java:205)
		at org.apache.catalina.core.ApplicationFilterChain.doFilter(ApplicationFilterChain.java:149)
		at org.apache.tomcat.websocket.server.WsFilter.doFilter(WsFilter.java:51)
		at org.apache.catalina.core.ApplicationFilterChain.internalDoFilter(ApplicationFilterChain.java:174)
		at org.apache.catalina.core.ApplicationFilterChain.doFilter(ApplicationFilterChain.java:149)
		at Cabeceras.filters.LoginFiltro.doFilter(LoginFiltro.java:20)
		at org.apache.catalina.core.ApplicationFilterChain.internalDoFilter(ApplicationFilterChain.java:174)
		at org.apache.catalina.core.ApplicationFilterChain.doFilter(ApplicationFilterChain.java:149)
		at org.apache.catalina.core.StandardWrapperValve.invoke(StandardWrapperValve.java:167)
		at org.apache.catalina.core.StandardContextValve.invoke(StandardContextValve.java:90)
		at org.apache.catalina.authenticator.AuthenticatorBase.invoke(AuthenticatorBase.java:482)
		at org.apache.catalina.core.StandardHostValve.invoke(StandardHostValve.java:115)
		at org.apache.catalina.valves.ErrorReportValve.invoke(ErrorReportValve.java:93)
		at org.apache.catalina.valves.AbstractAccessLogValve.invoke(AbstractAccessLogValve.java:673)
		at org.apache.catalina.core.StandardEngineValve.invoke(StandardEngineValve.java:74)
		at org.apache.catalina.connector.CoyoteAdapter.service(CoyoteAdapter.java:340)
		at org.apache.coyote.http11.Http11Processor.service(Http11Processor.java:391)
		at org.apache.coyote.AbstractProcessorLight.process(AbstractProcessorLight.java:63)
		at org.apache.coyote.AbstractProtocol$ConnectionHandler.process(AbstractProtocol.java:896)
		at org.apache.tomcat.util.net.NioEndpoint$SocketProcessor.doRun(NioEndpoint.java:1744)
		at org.apache.tomcat.util.net.SocketProcessorBase.run(SocketProcessorBase.java:52)
		at org.apache.tomcat.util.threads.ThreadPoolExecutor.runWorker(ThreadPoolExecutor.java:1191)
		at org.apache.tomcat.util.threads.ThreadPoolExecutor$Worker.run(ThreadPoolExecutor.java:659)
		at org.apache.tomcat.util.threads.TaskThread$WrappingRunnable.run(TaskThread.java:61)
		at java.base/java.lang.Thread.run(Thread.java:833)
13-Feb-2024 16:46:31.840 INFO [http-nio-8080-exec-80] org.apache.catalina.core.ApplicationContext.log Destruyendo el request
13-Feb-2024 16:46:41.008 INFO [http-nio-8080-exec-78] org.apache.catalina.core.ApplicationContext.log inicializando el request
13-Feb-2024 16:46:41.008 INFO [http-nio-8080-exec-78] org.apache.catalina.core.ApplicationContext.log Destruyendo el request
13-Feb-2024 16:46:43.651 INFO [http-nio-8080-exec-79] org.apache.catalina.core.ApplicationContext.log inicializando el request
13-Feb-2024 16:46:43.653 INFO [http-nio-8080-exec-79] org.apache.catalina.core.ApplicationContext.log Destruyendo el request
13-Feb-2024 17:17:33.476 INFO [Catalina-utility-2] org.apache.catalina.core.ApplicationContext.log destruyendo la sesion http
