26-Jan-2024 15:46:49.106 INFO [http-nio-8080-exec-1] org.apache.catalina.core.ApplicationContext.log Manager: init: Associated with Deployer 'Catalina:type=Deployer,host=localhost'
26-Jan-2024 15:46:49.106 INFO [http-nio-8080-exec-1] org.apache.catalina.core.ApplicationContext.log Manager: init: Global resources are available
26-Jan-2024 15:46:49.112 INFO [http-nio-8080-exec-1] org.apache.catalina.core.ApplicationContext.log Manager: deploy: Deploying web application '/webapp-form'
26-Jan-2024 15:46:49.112 INFO [http-nio-8080-exec-1] org.apache.catalina.core.ApplicationContext.log Manager: Uploading WAR file to C:\git\javaTraining\apache-tomcat-10.1.17\webapps\webapp-form.war.tmp
26-Jan-2024 16:37:22.758 INFO [http-nio-8080-exec-1] org.apache.catalina.core.ApplicationContext.log Manager: init: Associated with Deployer 'Catalina:type=Deployer,host=localhost'
26-Jan-2024 16:37:22.758 INFO [http-nio-8080-exec-1] org.apache.catalina.core.ApplicationContext.log Manager: init: Global resources are available
26-Jan-2024 16:37:22.764 INFO [http-nio-8080-exec-1] org.apache.catalina.core.ApplicationContext.log Manager: deploy: Deploying web application '/WebAppHeaders'
26-Jan-2024 16:37:22.765 INFO [http-nio-8080-exec-1] org.apache.catalina.core.ApplicationContext.log Manager: Uploading WAR file to C:\git\javaTraining\apache-tomcat-10.1.17\webapps\WebAppHeaders.war.tmp
26-Jan-2024 16:42:24.053 INFO [http-nio-8080-exec-3] org.apache.catalina.core.ApplicationContext.log Manager: deploy: Deploying web application '/WebAppHeaders'
26-Jan-2024 16:42:24.053 INFO [http-nio-8080-exec-3] org.apache.catalina.core.ApplicationContext.log Manager: Uploading WAR file to C:\git\javaTraining\apache-tomcat-10.1.17\webapps\WebAppHeaders.war.tmp
26-Jan-2024 16:48:12.601 INFO [http-nio-8080-exec-14] org.apache.catalina.core.ApplicationContext.log Manager: deploy: Deploying web application '/WebAppHeaders'
26-Jan-2024 16:48:12.601 INFO [http-nio-8080-exec-14] org.apache.catalina.core.ApplicationContext.log Manager: Uploading WAR file to C:\git\javaTraining\apache-tomcat-10.1.17\webapps\WebAppHeaders.war.tmp
26-Jan-2024 17:24:00.062 INFO [http-nio-8080-exec-17] org.apache.catalina.core.ApplicationContext.log Manager: deploy: Deploying web application '/WebAppHeaders'
26-Jan-2024 17:24:00.062 INFO [http-nio-8080-exec-17] org.apache.catalina.core.ApplicationContext.log Manager: Uploading WAR file to C:\git\javaTraining\apache-tomcat-10.1.17\webapps\WebAppHeaders.war.tmp
26-Jan-2024 17:26:14.532 INFO [http-nio-8080-exec-27] org.apache.catalina.core.ApplicationContext.log Manager: deploy: Deploying web application '/WebAppHeaders'
26-Jan-2024 17:26:14.532 INFO [http-nio-8080-exec-27] org.apache.catalina.core.ApplicationContext.log Manager: Uploading WAR file to C:\git\javaTraining\apache-tomcat-10.1.17\webapps\WebAppHeaders.war.tmp
26-Jan-2024 17:35:39.852 INFO [http-nio-8080-exec-33] org.apache.catalina.core.ApplicationContext.log Manager: deploy: Deploying web application '/WebAppHeaders'
26-Jan-2024 17:35:39.852 INFO [http-nio-8080-exec-33] org.apache.catalina.core.ApplicationContext.log Manager: Uploading WAR file to C:\git\javaTraining\apache-tomcat-10.1.17\webapps\WebAppHeaders.war.tmp
26-Jan-2024 18:27:12.781 INFO [http-nio-8080-exec-43] org.apache.catalina.core.ApplicationContext.log Manager: deploy: Deploying web application '/WebAppHeaders'
26-Jan-2024 18:27:12.781 INFO [http-nio-8080-exec-43] org.apache.catalina.core.ApplicationContext.log Manager: Uploading WAR file to C:\git\javaTraining\apache-tomcat-10.1.17\webapps\WebAppHeaders.war.tmp
26-Jan-2024 18:30:53.468 INFO [http-nio-8080-exec-53] org.apache.catalina.core.ApplicationContext.log Manager: deploy: Deploying web application '/WebAppHeaders'
26-Jan-2024 18:30:53.468 INFO [http-nio-8080-exec-53] org.apache.catalina.core.ApplicationContext.log Manager: Uploading WAR file to C:\git\javaTraining\apache-tomcat-10.1.17\webapps\WebAppHeaders.war.tmp
26-Jan-2024 18:33:23.207 INFO [http-nio-8080-exec-3] org.apache.catalina.core.ApplicationContext.log Manager: init: Associated with Deployer 'Catalina:type=Deployer,host=localhost'
26-Jan-2024 18:33:23.207 INFO [http-nio-8080-exec-3] org.apache.catalina.core.ApplicationContext.log Manager: init: Global resources are available
26-Jan-2024 18:33:23.207 INFO [http-nio-8080-exec-3] org.apache.catalina.core.ApplicationContext.log Manager: deploy: Deploying web application '/WebAppHeaders'
26-Jan-2024 18:33:23.207 INFO [http-nio-8080-exec-3] org.apache.catalina.core.ApplicationContext.log Manager: Uploading WAR file to C:\git\javaTraining\apache-tomcat-10.1.17\webapps\WebAppHeaders.war.tmp
26-Jan-2024 18:40:59.692 INFO [http-nio-8080-exec-14] org.apache.catalina.core.ApplicationContext.log Manager: deploy: Deploying web application '/WebAppHeaders'
26-Jan-2024 18:40:59.692 INFO [http-nio-8080-exec-14] org.apache.catalina.core.ApplicationContext.log Manager: Uploading WAR file to C:\git\javaTraining\apache-tomcat-10.1.17\webapps\WebAppHeaders.war.tmp
